->;section;tareador_instrumented_section;;;;0
nw;0;[0x657568,+1);global;X11_COLOR_fake;/scratch/nas/1/par0/Soft/X11/Xlib.h;4029;-|
nw;1;[0x657530,+8);global;display;mandel-tar.c;69;-|
nw;2;[0x6573f8,+8);global;fp;mandel-tar.c;65;-|
nw;3;[0x657558,+8);global;gc;mandel-tar.c;71;-|
nw;4;[0x657540,+8);global;histogram;mandel-tar.c;79;-|
nw;5;[0x657410,+8);global;max_color;mandel-tar.c;73;-|
nw;6;[0x657408,+8);global;min_color;mandel-tar.c;73;-|
nw;7;[0x657400,+4);global;output2display;mandel-tar.c;68;-|
nw;8;[0x6573f0,+4);global;output2file;mandel-tar.c;64;-|
nw;9;[0x657418,+4);global;output2histogram;mandel-tar.c;78;-|
nw;10;[0x657560,+8);global;scale_color;mandel-tar.c;74;-|
nw;11;[0x657550,+8);global;scale_imag;mandel-tar.c;75;-|
nw;12;[0x657538,+8);global;scale_real;mandel-tar.c;75;-|
nw;13;[0x65756c,+4);global;setup_return;mandel-tar.c;72;-|
nw;14;[0x657548,+8);global;win;mandel-tar.c;70;-|
nw;15;[0x7ffc11dd04a2,+13);stack;argv[0];-|
nw;16;[0x7ffc11dd04af,+3);stack;argv[1];-|
nw;17;[0x7ffc11dd04b2,+2);stack;argv[2];-|
nw;18;[0x7ffc11dd04b4,+3);stack;argv[3];-|
nw;19;[0x7ffc11dce80c,+4);stack;unknown_name;-|
nw;20;[0x7ffc11dce808,+4);stack;argc;-|
nw;21;[0x7ffc11dce800,+8);stack;argv;-|
nw;22;[0x7ffc11dce7fc,+4);stack;maxiter;-|
nw;23;[0x7ffc11dce7f0,+8);stack;real_min;-|
nw;24;[0x7ffc11dce7e8,+8);stack;real_max;-|
nw;25;[0x7ffc11dce7e0,+8);stack;imag_min;-|
nw;26;[0x7ffc11dce7d8,+8);stack;imag_max;-|
nw;27;[0x7ffc11dce7d4,+4);stack;width;-|
nw;28;[0x7ffc11dce7d0,+4);stack;height;-|
nw;29;[0x7ffc11dce7c8,+8);stack;size;-|
nw;30;[0x7ffc11dce7c0,+8);stack;x0;-|
nw;31;[0x7ffc11dce7b8,+8);stack;y0;-|
nw;32;[0x7ffc11dce7b0,+8);stack;output;-|
nw;33;[0x7ffc11dce7ac,+4);stack;i;-|
nw;34;[0x7ffc11dce7a8,+4);stack;row;-|
nw;35;[0x7ffc11dce7a4,+4);stack;row;-|
nw;36;[0x15d2b80,+64);heap;uncast(*(output));;main;/scratch/nas/1/par2207/lab3/mandel-tar.c;193;-|
nw;37;[0x15d2c30,+32);heap;uncast(*(*(output){cast(*(row))}));;main;/scratch/nas/1/par2207/lab3/mandel-tar.c;195;-|
nw;38;[0x15d2d10,+32);heap;uncast(*(*(output){cast(*(row))}));;main;/scratch/nas/1/par2207/lab3/mandel-tar.c;195;-|
nw;39;[0x15d2e30,+32);heap;uncast(*(*(output){cast(*(row))}));;main;/scratch/nas/1/par2207/lab3/mandel-tar.c;195;-|
nw;40;[0x160be30,+32);heap;uncast(*(*(output){cast(*(row))}));;main;/scratch/nas/1/par2207/lab3/mandel-tar.c;195;-|
nw;41;[0x160bf20,+32);heap;uncast(*(*(output){cast(*(row))}));;main;/scratch/nas/1/par2207/lab3/mandel-tar.c;195;-|
nw;42;[0x15d2fd0,+32);heap;uncast(*(*(output){cast(*(row))}));;main;/scratch/nas/1/par2207/lab3/mandel-tar.c;195;-|
nw;43;[0x15d30c0,+32);heap;uncast(*(*(output){cast(*(row))}));;main;/scratch/nas/1/par2207/lab3/mandel-tar.c;195;-|
nw;44;[0x15d31b0,+32);heap;uncast(*(*(output){cast(*(row))}));;main;/scratch/nas/1/par2207/lab3/mandel-tar.c;195;-|
nw;45;[0x160cca0,+4000);heap;uncast(llvm_internal);;main;/scratch/nas/1/par2207/lab3/mandel-tar.c;197;-|
  ->;section;Tareador_Main;;;;0
  nw;46;[0x7ffc11dce5dc,+4);stack;height;-|
  nw;47;[0x7ffc11dce5d8,+4);stack;width;-|
  nw;48;[0x7ffc11dce5d0,+8);stack;real_min;-|
  nw;49;[0x7ffc11dce5c8,+8);stack;imag_min;-|
  nw;50;[0x7ffc11dce5c0,+8);stack;scale_real;-|
  nw;51;[0x7ffc11dce5b8,+8);stack;scale_imag;-|
  nw;52;[0x7ffc11dce5b4,+4);stack;maxiter;-|
  nw;53;[0x7ffc11dce5a8,+8);stack;output;-|
  nw;54;[0x7ffc11dce5a4,+4);stack;row;-|
  nw;55;[0x7ffc11dce5a0,+4);stack;col;-|
  nw;56;[0x7ffc11dce590,+16);stack;z;-|
  nw;57;[0x7ffc11dce580,+16);stack;c;-|
  nw;58;[0x7ffc11dce57c,+4);stack;k;-|
  nw;59;[0x7ffc11dce570,+8);stack;lengthsq;-|
  nw;60;[0x7ffc11dce568,+8);stack;temp;-|
  nw;61;[0x7ffc11dce560,+8);stack;color;-|
  us;11;loads;[0,8);stores;
  us;12;loads;[0,8);stores;
  us;22;loads;[0,4);stores;
  us;23;loads;[0,8);stores;
  us;25;loads;[0,8);stores;
  us;27;loads;[0,4);stores;
  us;28;loads;[0,4);stores;
  us;32;loads;[0,8);stores;
  us;46;loads;;stores;[0,4)
  us;47;loads;;stores;[0,4)
  us;48;loads;;stores;[0,8)
  us;49;loads;;stores;[0,8)
  us;50;loads;;stores;[0,8)
  us;51;loads;;stores;[0,8)
  us;52;loads;;stores;[0,4)
  us;53;loads;;stores;[0,8)
  us;54;loads;;stores;[0,4)
  us;55;loads;;stores;[0,4)
    ->;section;row;;;;36
    us;4;loads;[0,8);stores;
    us;7;loads;[0,4);stores;
    us;9;loads;[0,4);stores;
    us;36;loads;[0,8);stores;
    us;37;loads;;stores;[0,4)
    us;45;loads;[0,4);stores;[0,4)
    us;46;loads;[0,4);stores;
    us;48;loads;[0,8);stores;
    us;49;loads;[0,8);stores;
    us;50;loads;[0,8);stores;
    us;51;loads;[0,8);stores;
    us;53;loads;[0,8);stores;
    us;54;loads;[0,4);stores;
    us;55;loads;[0,4);stores;
    us;56;loads;;stores;[0,16)
    us;57;loads;;stores;[0,16)
    us;58;loads;;stores;[0,4)
    us;59;loads;;stores;[0,8)
    us;60;loads;;stores;[0,8)
    <-;section;row;;;;136
  us;47;loads;[0,4);stores;
  us;55;loads;[0,4);stores;[0,4)
    ->;section;row;;;;145
    us;4;loads;[0,8);stores;
    us;7;loads;[0,4);stores;
    us;9;loads;[0,4);stores;
    us;36;loads;[0,8);stores;
    us;37;loads;;stores;[4,8)
    us;45;loads;[0,4);stores;[0,4)
    us;46;loads;[0,4);stores;
    us;48;loads;[0,8);stores;
    us;49;loads;[0,8);stores;
    us;50;loads;[0,8);stores;
    us;51;loads;[0,8);stores;
    us;53;loads;[0,8);stores;
    us;54;loads;[0,4);stores;
    us;55;loads;[0,4);stores;
    us;56;loads;;stores;[0,16)
    us;57;loads;;stores;[0,16)
    us;58;loads;;stores;[0,4)
    us;59;loads;;stores;[0,8)
    us;60;loads;;stores;[0,8)
    <-;section;row;;;;245
  us;47;loads;[0,4);stores;
  us;55;loads;[0,4);stores;[0,4)
    ->;section;row;;;;254
    us;4;loads;[0,8);stores;
    us;7;loads;[0,4);stores;
    us;9;loads;[0,4);stores;
    us;36;loads;[0,8);stores;
    us;37;loads;;stores;[8,12)
    us;45;loads;[4,8);stores;[4,8)
    us;46;loads;[0,4);stores;
    us;48;loads;[0,8);stores;
    us;49;loads;[0,8);stores;
    us;50;loads;[0,8);stores;
    us;51;loads;[0,8);stores;
    us;52;loads;[0,4);stores;
    us;53;loads;[0,8);stores;
    us;54;loads;[0,4);stores;
    us;55;loads;[0,4);stores;
    us;56;loads;;stores;[0,16)
    us;57;loads;;stores;[0,16)
    us;58;loads;;stores;[0,4)
    us;59;loads;;stores;[0,8)
    us;60;loads;;stores;[0,8)
    <-;section;row;;;;408
  us;47;loads;[0,4);stores;
  us;55;loads;[0,4);stores;[0,4)
    ->;section;row;;;;417
    us;4;loads;[0,8);stores;
    us;7;loads;[0,4);stores;
    us;9;loads;[0,4);stores;
    us;36;loads;[0,8);stores;
    us;37;loads;;stores;[12,16)
    us;45;loads;[4,8);stores;[4,8)
    us;46;loads;[0,4);stores;
    us;48;loads;[0,8);stores;
    us;49;loads;[0,8);stores;
    us;50;loads;[0,8);stores;
    us;51;loads;[0,8);stores;
    us;52;loads;[0,4);stores;
    us;53;loads;[0,8);stores;
    us;54;loads;[0,4);stores;
    us;55;loads;[0,4);stores;
    us;56;loads;;stores;[0,16)
    us;57;loads;;stores;[0,16)
    us;58;loads;;stores;[0,4)
    us;59;loads;;stores;[0,8)
    us;60;loads;;stores;[0,8)
    <-;section;row;;;;571
  us;47;loads;[0,4);stores;
  us;55;loads;[0,4);stores;[0,4)
    ->;section;row;;;;580
    us;4;loads;[0,8);stores;
    us;7;loads;[0,4);stores;
    us;9;loads;[0,4);stores;
    us;36;loads;[0,8);stores;
    us;37;loads;;stores;[16,20)
    us;45;loads;[4,8);stores;[4,8)
    us;46;loads;[0,4);stores;
    us;48;loads;[0,8);stores;
    us;49;loads;[0,8);stores;
    us;50;loads;[0,8);stores;
    us;51;loads;[0,8);stores;
    us;52;loads;[0,4);stores;
    us;53;loads;[0,8);stores;
    us;54;loads;[0,4);stores;
    us;55;loads;[0,4);stores;
    us;56;loads;;stores;[0,16)
    us;57;loads;;stores;[0,16)
    us;58;loads;;stores;[0,4)
    us;59;loads;;stores;[0,8)
    us;60;loads;;stores;[0,8)
    <-;section;row;;;;734
  us;47;loads;[0,4);stores;
  us;55;loads;[0,4);stores;[0,4)
    ->;section;row;;;;743
    us;4;loads;[0,8);stores;
    us;7;loads;[0,4);stores;
    us;9;loads;[0,4);stores;
    us;36;loads;[0,8);stores;
    us;37;loads;;stores;[20,24)
    us;45;loads;[4,8);stores;[4,8)
    us;46;loads;[0,4);stores;
    us;48;loads;[0,8);stores;
    us;49;loads;[0,8);stores;
    us;50;loads;[0,8);stores;
    us;51;loads;[0,8);stores;
    us;52;loads;[0,4);stores;
    us;53;loads;[0,8);stores;
    us;54;loads;[0,4);stores;
    us;55;loads;[0,4);stores;
    us;56;loads;;stores;[0,16)
    us;57;loads;;stores;[0,16)
    us;58;loads;;stores;[0,4)
    us;59;loads;;stores;[0,8)
    us;60;loads;;stores;[0,8)
    <-;section;row;;;;897
  us;47;loads;[0,4);stores;
  us;55;loads;[0,4);stores;[0,4)
    ->;section;row;;;;906
    us;4;loads;[0,8);stores;
    us;7;loads;[0,4);stores;
    us;9;loads;[0,4);stores;
    us;36;loads;[0,8);stores;
    us;37;loads;;stores;[24,28)
    us;45;loads;[4,8);stores;[4,8)
    us;46;loads;[0,4);stores;
    us;48;loads;[0,8);stores;
    us;49;loads;[0,8);stores;
    us;50;loads;[0,8);stores;
    us;51;loads;[0,8);stores;
    us;52;loads;[0,4);stores;
    us;53;loads;[0,8);stores;
    us;54;loads;[0,4);stores;
    us;55;loads;[0,4);stores;
    us;56;loads;;stores;[0,16)
    us;57;loads;;stores;[0,16)
    us;58;loads;;stores;[0,4)
    us;59;loads;;stores;[0,8)
    us;60;loads;;stores;[0,8)
    <-;section;row;;;;1060
  us;47;loads;[0,4);stores;
  us;55;loads;[0,4);stores;[0,4)
    ->;section;row;;;;1069
    us;4;loads;[0,8);stores;
    us;7;loads;[0,4);stores;
    us;9;loads;[0,4);stores;
    us;36;loads;[0,8);stores;
    us;37;loads;;stores;[28,32)
    us;45;loads;[0,4);stores;[0,4)
    us;46;loads;[0,4);stores;
    us;48;loads;[0,8);stores;
    us;49;loads;[0,8);stores;
    us;50;loads;[0,8);stores;
    us;51;loads;[0,8);stores;
    us;53;loads;[0,8);stores;
    us;54;loads;[0,4);stores;
    us;55;loads;[0,4);stores;
    us;56;loads;;stores;[0,16)
    us;57;loads;;stores;[0,16)
    us;58;loads;;stores;[0,4)
    us;59;loads;;stores;[0,8)
    us;60;loads;;stores;[0,8)
    <-;section;row;;;;1169
  us;46;loads;[0,4);stores;
  us;47;loads;[0,4);stores;
  us;54;loads;[0,4);stores;[0,4)
  us;55;loads;[0,4);stores;[0,4)
    ->;section;row;;;;1193
    us;4;loads;[0,8);stores;
    us;7;loads;[0,4);stores;
    us;9;loads;[0,4);stores;
    us;36;loads;[8,16);stores;
    us;38;loads;;stores;[0,4)
    us;45;loads;[0,4);stores;[0,4)
    us;46;loads;[0,4);stores;
    us;48;loads;[0,8);stores;
    us;49;loads;[0,8);stores;
    us;50;loads;[0,8);stores;
    us;51;loads;[0,8);stores;
    us;53;loads;[0,8);stores;
    us;54;loads;[0,4);stores;
    us;55;loads;[0,4);stores;
    us;56;loads;;stores;[0,16)
    us;57;loads;;stores;[0,16)
    us;58;loads;;stores;[0,4)
    us;59;loads;;stores;[0,8)
    us;60;loads;;stores;[0,8)
    <-;section;row;;;;1293
  us;47;loads;[0,4);stores;
  us;55;loads;[0,4);stores;[0,4)
    ->;section;row;;;;1302
    us;4;loads;[0,8);stores;
    us;7;loads;[0,4);stores;
    us;9;loads;[0,4);stores;
    us;36;loads;[8,16);stores;
    us;38;loads;;stores;[4,8)
    us;45;loads;[4,8);stores;[4,8)
    us;46;loads;[0,4);stores;
    us;48;loads;[0,8);stores;
    us;49;loads;[0,8);stores;
    us;50;loads;[0,8);stores;
    us;51;loads;[0,8);stores;
    us;52;loads;[0,4);stores;
    us;53;loads;[0,8);stores;
    us;54;loads;[0,4);stores;
    us;55;loads;[0,4);stores;
    us;56;loads;;stores;[0,16)
    us;57;loads;;stores;[0,16)
    us;58;loads;;stores;[0,4)
    us;59;loads;;stores;[0,8)
    us;60;loads;;stores;[0,8)
    <-;section;row;;;;1456
  us;47;loads;[0,4);stores;
  us;55;loads;[0,4);stores;[0,4)
    ->;section;row;;;;1465
    us;4;loads;[0,8);stores;
    us;7;loads;[0,4);stores;
    us;9;loads;[0,4);stores;
    us;36;loads;[8,16);stores;
    us;38;loads;;stores;[8,12)
    us;45;loads;[8,12);stores;[8,12)
    us;46;loads;[0,4);stores;
    us;48;loads;[0,8);stores;
    us;49;loads;[0,8);stores;
    us;50;loads;[0,8);stores;
    us;51;loads;[0,8);stores;
    us;52;loads;[0,4);stores;
    us;53;loads;[0,8);stores;
    us;54;loads;[0,4);stores;
    us;55;loads;[0,4);stores;
    us;56;loads;;stores;[0,16)
    us;57;loads;;stores;[0,16)
    us;58;loads;;stores;[0,4)
    us;59;loads;;stores;[0,8)
    us;60;loads;;stores;[0,8)
    <-;section;row;;;;1673
  us;47;loads;[0,4);stores;
  us;55;loads;[0,4);stores;[0,4)
    ->;section;row;;;;1682
    us;4;loads;[0,8);stores;
    us;7;loads;[0,4);stores;
    us;9;loads;[0,4);stores;
    us;36;loads;[8,16);stores;
    us;38;loads;;stores;[12,16)
    us;45;loads;[12,16);stores;[12,16)
    us;46;loads;[0,4);stores;
    us;48;loads;[0,8);stores;
    us;49;loads;[0,8);stores;
    us;50;loads;[0,8);stores;
    us;51;loads;[0,8);stores;
    us;52;loads;[0,4);stores;
    us;53;loads;[0,8);stores;
    us;54;loads;[0,4);stores;
    us;55;loads;[0,4);stores;
    us;56;loads;;stores;[0,16)
    us;57;loads;;stores;[0,16)
    us;58;loads;;stores;[0,4)
    us;59;loads;;stores;[0,8)
    us;60;loads;;stores;[0,8)
    <-;section;row;;;;1944
  us;47;loads;[0,4);stores;
  us;55;loads;[0,4);stores;[0,4)
    ->;section;row;;;;1953
    us;4;loads;[0,8);stores;
    us;7;loads;[0,4);stores;
    us;9;loads;[0,4);stores;
    us;36;loads;[8,16);stores;
    us;38;loads;;stores;[16,20)
    us;45;loads;[3996,4000);stores;[3996,4000)
    us;46;loads;[0,4);stores;
    us;48;loads;[0,8);stores;
    us;49;loads;[0,8);stores;
    us;50;loads;[0,8);stores;
    us;51;loads;[0,8);stores;
    us;52;loads;[0,4);stores;
    us;53;loads;[0,8);stores;
    us;54;loads;[0,4);stores;
    us;55;loads;[0,4);stores;
    us;56;loads;;stores;[0,16)
    us;57;loads;;stores;[0,16)
    us;58;loads;;stores;[0,4)
    us;59;loads;;stores;[0,8)
    us;60;loads;;stores;[0,8)
    <-;section;row;;;;56003
  us;47;loads;[0,4);stores;
  us;55;loads;[0,4);stores;[0,4)
    ->;section;row;;;;56012
    us;4;loads;[0,8);stores;
    us;7;loads;[0,4);stores;
    us;9;loads;[0,4);stores;
    us;36;loads;[8,16);stores;
    us;38;loads;;stores;[20,24)
    us;45;loads;[4,8);stores;[4,8)
    us;46;loads;[0,4);stores;
    us;48;loads;[0,8);stores;
    us;49;loads;[0,8);stores;
    us;50;loads;[0,8);stores;
    us;51;loads;[0,8);stores;
    us;52;loads;[0,4);stores;
    us;53;loads;[0,8);stores;
    us;54;loads;[0,4);stores;
    us;55;loads;[0,4);stores;
    us;56;loads;;stores;[0,16)
    us;57;loads;;stores;[0,16)
    us;58;loads;;stores;[0,4)
    us;59;loads;;stores;[0,8)
    us;60;loads;;stores;[0,8)
    <-;section;row;;;;56166
  us;47;loads;[0,4);stores;
  us;55;loads;[0,4);stores;[0,4)
    ->;section;row;;;;56175
    us;4;loads;[0,8);stores;
    us;7;loads;[0,4);stores;
    us;9;loads;[0,4);stores;
    us;36;loads;[8,16);stores;
    us;38;loads;;stores;[24,28)
    us;45;loads;[4,8);stores;[4,8)
    us;46;loads;[0,4);stores;
    us;48;loads;[0,8);stores;
    us;49;loads;[0,8);stores;
    us;50;loads;[0,8);stores;
    us;51;loads;[0,8);stores;
    us;52;loads;[0,4);stores;
    us;53;loads;[0,8);stores;
    us;54;loads;[0,4);stores;
    us;55;loads;[0,4);stores;
    us;56;loads;;stores;[0,16)
    us;57;loads;;stores;[0,16)
    us;58;loads;;stores;[0,4)
    us;59;loads;;stores;[0,8)
    us;60;loads;;stores;[0,8)
    <-;section;row;;;;56329
  us;47;loads;[0,4);stores;
  us;55;loads;[0,4);stores;[0,4)
    ->;section;row;;;;56338
    us;4;loads;[0,8);stores;
    us;7;loads;[0,4);stores;
    us;9;loads;[0,4);stores;
    us;36;loads;[8,16);stores;
    us;38;loads;;stores;[28,32)
    us;45;loads;[4,8);stores;[4,8)
    us;46;loads;[0,4);stores;
    us;48;loads;[0,8);stores;
    us;49;loads;[0,8);stores;
    us;50;loads;[0,8);stores;
    us;51;loads;[0,8);stores;
    us;52;loads;[0,4);stores;
    us;53;loads;[0,8);stores;
    us;54;loads;[0,4);stores;
    us;55;loads;[0,4);stores;
    us;56;loads;;stores;[0,16)
    us;57;loads;;stores;[0,16)
    us;58;loads;;stores;[0,4)
    us;59;loads;;stores;[0,8)
    us;60;loads;;stores;[0,8)
    <-;section;row;;;;56492
  us;46;loads;[0,4);stores;
  us;47;loads;[0,4);stores;
  us;54;loads;[0,4);stores;[0,4)
  us;55;loads;[0,4);stores;[0,4)
    ->;section;row;;;;56516
    us;4;loads;[0,8);stores;
    us;7;loads;[0,4);stores;
    us;9;loads;[0,4);stores;
    us;36;loads;[16,24);stores;
    us;39;loads;;stores;[0,4)
    us;45;loads;[0,4);stores;[0,4)
    us;46;loads;[0,4);stores;
    us;48;loads;[0,8);stores;
    us;49;loads;[0,8);stores;
    us;50;loads;[0,8);stores;
    us;51;loads;[0,8);stores;
    us;53;loads;[0,8);stores;
    us;54;loads;[0,4);stores;
    us;55;loads;[0,4);stores;
    us;56;loads;;stores;[0,16)
    us;57;loads;;stores;[0,16)
    us;58;loads;;stores;[0,4)
    us;59;loads;;stores;[0,8)
    us;60;loads;;stores;[0,8)
    <-;section;row;;;;56616
  us;47;loads;[0,4);stores;
  us;55;loads;[0,4);stores;[0,4)
    ->;section;row;;;;56625
    us;4;loads;[0,8);stores;
    us;7;loads;[0,4);stores;
    us;9;loads;[0,4);stores;
    us;36;loads;[16,24);stores;
    us;39;loads;;stores;[4,8)
    us;45;loads;[8,12);stores;[8,12)
    us;46;loads;[0,4);stores;
    us;48;loads;[0,8);stores;
    us;49;loads;[0,8);stores;
    us;50;loads;[0,8);stores;
    us;51;loads;[0,8);stores;
    us;52;loads;[0,4);stores;
    us;53;loads;[0,8);stores;
    us;54;loads;[0,4);stores;
    us;55;loads;[0,4);stores;
    us;56;loads;;stores;[0,16)
    us;57;loads;;stores;[0,16)
    us;58;loads;;stores;[0,4)
    us;59;loads;;stores;[0,8)
    us;60;loads;;stores;[0,8)
    <-;section;row;;;;56833
  us;47;loads;[0,4);stores;
  us;55;loads;[0,4);stores;[0,4)
    ->;section;row;;;;56842
    us;4;loads;[0,8);stores;
    us;7;loads;[0,4);stores;
    us;9;loads;[0,4);stores;
    us;36;loads;[16,24);stores;
    us;39;loads;;stores;[8,12)
    us;45;loads;[16,20);stores;[16,20)
    us;46;loads;[0,4);stores;
    us;48;loads;[0,8);stores;
    us;49;loads;[0,8);stores;
    us;50;loads;[0,8);stores;
    us;51;loads;[0,8);stores;
    us;52;loads;[0,4);stores;
    us;53;loads;[0,8);stores;
    us;54;loads;[0,4);stores;
    us;55;loads;[0,4);stores;
    us;56;loads;;stores;[0,16)
    us;57;loads;;stores;[0,16)
    us;58;loads;;stores;[0,4)
    us;59;loads;;stores;[0,8)
    us;60;loads;;stores;[0,8)
    <-;section;row;;;;57158
  us;47;loads;[0,4);stores;
  us;55;loads;[0,4);stores;[0,4)
    ->;section;row;;;;57167
    us;4;loads;[0,8);stores;
    us;7;loads;[0,4);stores;
    us;9;loads;[0,4);stores;
    us;36;loads;[16,24);stores;
    us;39;loads;;stores;[12,16)
    us;45;loads;[3996,4000);stores;[3996,4000)
    us;46;loads;[0,4);stores;
    us;48;loads;[0,8);stores;
    us;49;loads;[0,8);stores;
    us;50;loads;[0,8);stores;
    us;51;loads;[0,8);stores;
    us;52;loads;[0,4);stores;
    us;53;loads;[0,8);stores;
    us;54;loads;[0,4);stores;
    us;55;loads;[0,4);stores;
    us;56;loads;;stores;[0,16)
    us;57;loads;;stores;[0,16)
    us;58;loads;;stores;[0,4)
    us;59;loads;;stores;[0,8)
    us;60;loads;;stores;[0,8)
    <-;section;row;;;;111217
  us;47;loads;[0,4);stores;
  us;55;loads;[0,4);stores;[0,4)
    ->;section;row;;;;111226
    us;4;loads;[0,8);stores;
    us;7;loads;[0,4);stores;
    us;9;loads;[0,4);stores;
    us;36;loads;[16,24);stores;
    us;39;loads;;stores;[16,20)
    us;45;loads;[3996,4000);stores;[3996,4000)
    us;46;loads;[0,4);stores;
    us;48;loads;[0,8);stores;
    us;49;loads;[0,8);stores;
    us;50;loads;[0,8);stores;
    us;51;loads;[0,8);stores;
    us;52;loads;[0,4);stores;
    us;53;loads;[0,8);stores;
    us;54;loads;[0,4);stores;
    us;55;loads;[0,4);stores;
    us;56;loads;;stores;[0,16)
    us;57;loads;;stores;[0,16)
    us;58;loads;;stores;[0,4)
    us;59;loads;;stores;[0,8)
    us;60;loads;;stores;[0,8)
    <-;section;row;;;;165276
  us;47;loads;[0,4);stores;
  us;55;loads;[0,4);stores;[0,4)
    ->;section;row;;;;165285
    us;4;loads;[0,8);stores;
    us;7;loads;[0,4);stores;
    us;9;loads;[0,4);stores;
    us;36;loads;[16,24);stores;
    us;39;loads;;stores;[20,24)
    us;45;loads;[16,20);stores;[16,20)
    us;46;loads;[0,4);stores;
    us;48;loads;[0,8);stores;
    us;49;loads;[0,8);stores;
    us;50;loads;[0,8);stores;
    us;51;loads;[0,8);stores;
    us;52;loads;[0,4);stores;
    us;53;loads;[0,8);stores;
    us;54;loads;[0,4);stores;
    us;55;loads;[0,4);stores;
    us;56;loads;;stores;[0,16)
    us;57;loads;;stores;[0,16)
    us;58;loads;;stores;[0,4)
    us;59;loads;;stores;[0,8)
    us;60;loads;;stores;[0,8)
    <-;section;row;;;;165601
  us;47;loads;[0,4);stores;
  us;55;loads;[0,4);stores;[0,4)
    ->;section;row;;;;165610
    us;4;loads;[0,8);stores;
    us;7;loads;[0,4);stores;
    us;9;loads;[0,4);stores;
    us;36;loads;[16,24);stores;
    us;39;loads;;stores;[24,28)
    us;45;loads;[4,8);stores;[4,8)
    us;46;loads;[0,4);stores;
    us;48;loads;[0,8);stores;
    us;49;loads;[0,8);stores;
    us;50;loads;[0,8);stores;
    us;51;loads;[0,8);stores;
    us;52;loads;[0,4);stores;
    us;53;loads;[0,8);stores;
    us;54;loads;[0,4);stores;
    us;55;loads;[0,4);stores;
    us;56;loads;;stores;[0,16)
    us;57;loads;;stores;[0,16)
    us;58;loads;;stores;[0,4)
    us;59;loads;;stores;[0,8)
    us;60;loads;;stores;[0,8)
    <-;section;row;;;;165764
  us;47;loads;[0,4);stores;
  us;55;loads;[0,4);stores;[0,4)
    ->;section;row;;;;165773
    us;4;loads;[0,8);stores;
    us;7;loads;[0,4);stores;
    us;9;loads;[0,4);stores;
    us;36;loads;[16,24);stores;
    us;39;loads;;stores;[28,32)
    us;45;loads;[4,8);stores;[4,8)
    us;46;loads;[0,4);stores;
    us;48;loads;[0,8);stores;
    us;49;loads;[0,8);stores;
    us;50;loads;[0,8);stores;
    us;51;loads;[0,8);stores;
    us;52;loads;[0,4);stores;
    us;53;loads;[0,8);stores;
    us;54;loads;[0,4);stores;
    us;55;loads;[0,4);stores;
    us;56;loads;;stores;[0,16)
    us;57;loads;;stores;[0,16)
    us;58;loads;;stores;[0,4)
    us;59;loads;;stores;[0,8)
    us;60;loads;;stores;[0,8)
    <-;section;row;;;;165927
  us;46;loads;[0,4);stores;
  us;47;loads;[0,4);stores;
  us;54;loads;[0,4);stores;[0,4)
  us;55;loads;[0,4);stores;[0,4)
    ->;section;row;;;;165951
    us;4;loads;[0,8);stores;
    us;7;loads;[0,4);stores;
    us;9;loads;[0,4);stores;
    us;36;loads;[24,32);stores;
    us;40;loads;;stores;[0,4)
    us;45;loads;[0,4);stores;[0,4)
    us;46;loads;[0,4);stores;
    us;48;loads;[0,8);stores;
    us;49;loads;[0,8);stores;
    us;50;loads;[0,8);stores;
    us;51;loads;[0,8);stores;
    us;53;loads;[0,8);stores;
    us;54;loads;[0,4);stores;
    us;55;loads;[0,4);stores;
    us;56;loads;;stores;[0,16)
    us;57;loads;;stores;[0,16)
    us;58;loads;;stores;[0,4)
    us;59;loads;;stores;[0,8)
    us;60;loads;;stores;[0,8)
    <-;section;row;;;;166051
  us;47;loads;[0,4);stores;
  us;55;loads;[0,4);stores;[0,4)
    ->;section;row;;;;166060
    us;4;loads;[0,8);stores;
    us;7;loads;[0,4);stores;
    us;9;loads;[0,4);stores;
    us;36;loads;[24,32);stores;
    us;40;loads;;stores;[4,8)
    us;45;loads;[3996,4000);stores;[3996,4000)
    us;46;loads;[0,4);stores;
    us;48;loads;[0,8);stores;
    us;49;loads;[0,8);stores;
    us;50;loads;[0,8);stores;
    us;51;loads;[0,8);stores;
    us;52;loads;[0,4);stores;
    us;53;loads;[0,8);stores;
    us;54;loads;[0,4);stores;
    us;55;loads;[0,4);stores;
    us;56;loads;;stores;[0,16)
    us;57;loads;;stores;[0,16)
    us;58;loads;;stores;[0,4)
    us;59;loads;;stores;[0,8)
    us;60;loads;;stores;[0,8)
    <-;section;row;;;;220110
  us;47;loads;[0,4);stores;
  us;55;loads;[0,4);stores;[0,4)
    ->;section;row;;;;220119
    us;4;loads;[0,8);stores;
    us;7;loads;[0,4);stores;
    us;9;loads;[0,4);stores;
    us;36;loads;[24,32);stores;
    us;40;loads;;stores;[8,12)
    us;45;loads;[3996,4000);stores;[3996,4000)
    us;46;loads;[0,4);stores;
    us;48;loads;[0,8);stores;
    us;49;loads;[0,8);stores;
    us;50;loads;[0,8);stores;
    us;51;loads;[0,8);stores;
    us;52;loads;[0,4);stores;
    us;53;loads;[0,8);stores;
    us;54;loads;[0,4);stores;
    us;55;loads;[0,4);stores;
    us;56;loads;;stores;[0,16)
    us;57;loads;;stores;[0,16)
    us;58;loads;;stores;[0,4)
    us;59;loads;;stores;[0,8)
    us;60;loads;;stores;[0,8)
    <-;section;row;;;;274169
  us;47;loads;[0,4);stores;
  us;55;loads;[0,4);stores;[0,4)
    ->;section;row;;;;274178
    us;4;loads;[0,8);stores;
    us;7;loads;[0,4);stores;
    us;9;loads;[0,4);stores;
    us;36;loads;[24,32);stores;
    us;40;loads;;stores;[12,16)
    us;45;loads;[3996,4000);stores;[3996,4000)
    us;46;loads;[0,4);stores;
    us;48;loads;[0,8);stores;
    us;49;loads;[0,8);stores;
    us;50;loads;[0,8);stores;
    us;51;loads;[0,8);stores;
    us;52;loads;[0,4);stores;
    us;53;loads;[0,8);stores;
    us;54;loads;[0,4);stores;
    us;55;loads;[0,4);stores;
    us;56;loads;;stores;[0,16)
    us;57;loads;;stores;[0,16)
    us;58;loads;;stores;[0,4)
    us;59;loads;;stores;[0,8)
    us;60;loads;;stores;[0,8)
    <-;section;row;;;;328228
  us;47;loads;[0,4);stores;
  us;55;loads;[0,4);stores;[0,4)
    ->;section;row;;;;328237
    us;4;loads;[0,8);stores;
    us;7;loads;[0,4);stores;
    us;9;loads;[0,4);stores;
    us;36;loads;[24,32);stores;
    us;40;loads;;stores;[16,20)
    us;45;loads;[3996,4000);stores;[3996,4000)
    us;46;loads;[0,4);stores;
    us;48;loads;[0,8);stores;
    us;49;loads;[0,8);stores;
    us;50;loads;[0,8);stores;
    us;51;loads;[0,8);stores;
    us;52;loads;[0,4);stores;
    us;53;loads;[0,8);stores;
    us;54;loads;[0,4);stores;
    us;55;loads;[0,4);stores;
    us;56;loads;;stores;[0,16)
    us;57;loads;;stores;[0,16)
    us;58;loads;;stores;[0,4)
    us;59;loads;;stores;[0,8)
    us;60;loads;;stores;[0,8)
    <-;section;row;;;;382287
  us;47;loads;[0,4);stores;
  us;55;loads;[0,4);stores;[0,4)
    ->;section;row;;;;382296
    us;4;loads;[0,8);stores;
    us;7;loads;[0,4);stores;
    us;9;loads;[0,4);stores;
    us;36;loads;[24,32);stores;
    us;40;loads;;stores;[20,24)
    us;45;loads;[16,20);stores;[16,20)
    us;46;loads;[0,4);stores;
    us;48;loads;[0,8);stores;
    us;49;loads;[0,8);stores;
    us;50;loads;[0,8);stores;
    us;51;loads;[0,8);stores;
    us;52;loads;[0,4);stores;
    us;53;loads;[0,8);stores;
    us;54;loads;[0,4);stores;
    us;55;loads;[0,4);stores;
    us;56;loads;;stores;[0,16)
    us;57;loads;;stores;[0,16)
    us;58;loads;;stores;[0,4)
    us;59;loads;;stores;[0,8)
    us;60;loads;;stores;[0,8)
    <-;section;row;;;;382612
  us;47;loads;[0,4);stores;
  us;55;loads;[0,4);stores;[0,4)
    ->;section;row;;;;382621
    us;4;loads;[0,8);stores;
    us;7;loads;[0,4);stores;
    us;9;loads;[0,4);stores;
    us;36;loads;[24,32);stores;
    us;40;loads;;stores;[24,28)
    us;45;loads;[4,8);stores;[4,8)
    us;46;loads;[0,4);stores;
    us;48;loads;[0,8);stores;
    us;49;loads;[0,8);stores;
    us;50;loads;[0,8);stores;
    us;51;loads;[0,8);stores;
    us;52;loads;[0,4);stores;
    us;53;loads;[0,8);stores;
    us;54;loads;[0,4);stores;
    us;55;loads;[0,4);stores;
    us;56;loads;;stores;[0,16)
    us;57;loads;;stores;[0,16)
    us;58;loads;;stores;[0,4)
    us;59;loads;;stores;[0,8)
    us;60;loads;;stores;[0,8)
    <-;section;row;;;;382775
  us;47;loads;[0,4);stores;
  us;55;loads;[0,4);stores;[0,4)
    ->;section;row;;;;382784
    us;4;loads;[0,8);stores;
    us;7;loads;[0,4);stores;
    us;9;loads;[0,4);stores;
    us;36;loads;[24,32);stores;
    us;40;loads;;stores;[28,32)
    us;45;loads;[4,8);stores;[4,8)
    us;46;loads;[0,4);stores;
    us;48;loads;[0,8);stores;
    us;49;loads;[0,8);stores;
    us;50;loads;[0,8);stores;
    us;51;loads;[0,8);stores;
    us;52;loads;[0,4);stores;
    us;53;loads;[0,8);stores;
    us;54;loads;[0,4);stores;
    us;55;loads;[0,4);stores;
    us;56;loads;;stores;[0,16)
    us;57;loads;;stores;[0,16)
    us;58;loads;;stores;[0,4)
    us;59;loads;;stores;[0,8)
    us;60;loads;;stores;[0,8)
    <-;section;row;;;;382938
  us;46;loads;[0,4);stores;
  us;47;loads;[0,4);stores;
  us;54;loads;[0,4);stores;[0,4)
  us;55;loads;[0,4);stores;[0,4)
    ->;section;row;;;;382962
    us;4;loads;[0,8);stores;
    us;7;loads;[0,4);stores;
    us;9;loads;[0,4);stores;
    us;36;loads;[32,40);stores;
    us;41;loads;;stores;[0,4)
    us;45;loads;[0,4);stores;[0,4)
    us;46;loads;[0,4);stores;
    us;48;loads;[0,8);stores;
    us;49;loads;[0,8);stores;
    us;50;loads;[0,8);stores;
    us;51;loads;[0,8);stores;
    us;53;loads;[0,8);stores;
    us;54;loads;[0,4);stores;
    us;55;loads;[0,4);stores;
    us;56;loads;;stores;[0,16)
    us;57;loads;;stores;[0,16)
    us;58;loads;;stores;[0,4)
    us;59;loads;;stores;[0,8)
    us;60;loads;;stores;[0,8)
    <-;section;row;;;;383062
  us;47;loads;[0,4);stores;
  us;55;loads;[0,4);stores;[0,4)
    ->;section;row;;;;383071
    us;4;loads;[0,8);stores;
    us;7;loads;[0,4);stores;
    us;9;loads;[0,4);stores;
    us;36;loads;[32,40);stores;
    us;41;loads;;stores;[4,8)
    us;45;loads;[8,12);stores;[8,12)
    us;46;loads;[0,4);stores;
    us;48;loads;[0,8);stores;
    us;49;loads;[0,8);stores;
    us;50;loads;[0,8);stores;
    us;51;loads;[0,8);stores;
    us;52;loads;[0,4);stores;
    us;53;loads;[0,8);stores;
    us;54;loads;[0,4);stores;
    us;55;loads;[0,4);stores;
    us;56;loads;;stores;[0,16)
    us;57;loads;;stores;[0,16)
    us;58;loads;;stores;[0,4)
    us;59;loads;;stores;[0,8)
    us;60;loads;;stores;[0,8)
    <-;section;row;;;;383279
  us;47;loads;[0,4);stores;
  us;55;loads;[0,4);stores;[0,4)
    ->;section;row;;;;383288
    us;4;loads;[0,8);stores;
    us;7;loads;[0,4);stores;
    us;9;loads;[0,4);stores;
    us;36;loads;[32,40);stores;
    us;41;loads;;stores;[8,12)
    us;45;loads;[16,20);stores;[16,20)
    us;46;loads;[0,4);stores;
    us;48;loads;[0,8);stores;
    us;49;loads;[0,8);stores;
    us;50;loads;[0,8);stores;
    us;51;loads;[0,8);stores;
    us;52;loads;[0,4);stores;
    us;53;loads;[0,8);stores;
    us;54;loads;[0,4);stores;
    us;55;loads;[0,4);stores;
    us;56;loads;;stores;[0,16)
    us;57;loads;;stores;[0,16)
    us;58;loads;;stores;[0,4)
    us;59;loads;;stores;[0,8)
    us;60;loads;;stores;[0,8)
    <-;section;row;;;;383604
  us;47;loads;[0,4);stores;
  us;55;loads;[0,4);stores;[0,4)
    ->;section;row;;;;383613
    us;4;loads;[0,8);stores;
    us;7;loads;[0,4);stores;
    us;9;loads;[0,4);stores;
    us;36;loads;[32,40);stores;
    us;41;loads;;stores;[12,16)
    us;45;loads;[3996,4000);stores;[3996,4000)
    us;46;loads;[0,4);stores;
    us;48;loads;[0,8);stores;
    us;49;loads;[0,8);stores;
    us;50;loads;[0,8);stores;
    us;51;loads;[0,8);stores;
    us;52;loads;[0,4);stores;
    us;53;loads;[0,8);stores;
    us;54;loads;[0,4);stores;
    us;55;loads;[0,4);stores;
    us;56;loads;;stores;[0,16)
    us;57;loads;;stores;[0,16)
    us;58;loads;;stores;[0,4)
    us;59;loads;;stores;[0,8)
    us;60;loads;;stores;[0,8)
    <-;section;row;;;;437663
  us;47;loads;[0,4);stores;
  us;55;loads;[0,4);stores;[0,4)
    ->;section;row;;;;437672
    us;4;loads;[0,8);stores;
    us;7;loads;[0,4);stores;
    us;9;loads;[0,4);stores;
    us;36;loads;[32,40);stores;
    us;41;loads;;stores;[16,20)
    us;45;loads;[3996,4000);stores;[3996,4000)
    us;46;loads;[0,4);stores;
    us;48;loads;[0,8);stores;
    us;49;loads;[0,8);stores;
    us;50;loads;[0,8);stores;
    us;51;loads;[0,8);stores;
    us;52;loads;[0,4);stores;
    us;53;loads;[0,8);stores;
    us;54;loads;[0,4);stores;
    us;55;loads;[0,4);stores;
    us;56;loads;;stores;[0,16)
    us;57;loads;;stores;[0,16)
    us;58;loads;;stores;[0,4)
    us;59;loads;;stores;[0,8)
    us;60;loads;;stores;[0,8)
    <-;section;row;;;;491722
  us;47;loads;[0,4);stores;
  us;55;loads;[0,4);stores;[0,4)
    ->;section;row;;;;491731
    us;4;loads;[0,8);stores;
    us;7;loads;[0,4);stores;
    us;9;loads;[0,4);stores;
    us;36;loads;[32,40);stores;
    us;41;loads;;stores;[20,24)
    us;45;loads;[16,20);stores;[16,20)
    us;46;loads;[0,4);stores;
    us;48;loads;[0,8);stores;
    us;49;loads;[0,8);stores;
    us;50;loads;[0,8);stores;
    us;51;loads;[0,8);stores;
    us;52;loads;[0,4);stores;
    us;53;loads;[0,8);stores;
    us;54;loads;[0,4);stores;
    us;55;loads;[0,4);stores;
    us;56;loads;;stores;[0,16)
    us;57;loads;;stores;[0,16)
    us;58;loads;;stores;[0,4)
    us;59;loads;;stores;[0,8)
    us;60;loads;;stores;[0,8)
    <-;section;row;;;;492047
  us;47;loads;[0,4);stores;
  us;55;loads;[0,4);stores;[0,4)
    ->;section;row;;;;492056
    us;4;loads;[0,8);stores;
    us;7;loads;[0,4);stores;
    us;9;loads;[0,4);stores;
    us;36;loads;[32,40);stores;
    us;41;loads;;stores;[24,28)
    us;45;loads;[4,8);stores;[4,8)
    us;46;loads;[0,4);stores;
    us;48;loads;[0,8);stores;
    us;49;loads;[0,8);stores;
    us;50;loads;[0,8);stores;
    us;51;loads;[0,8);stores;
    us;52;loads;[0,4);stores;
    us;53;loads;[0,8);stores;
    us;54;loads;[0,4);stores;
    us;55;loads;[0,4);stores;
    us;56;loads;;stores;[0,16)
    us;57;loads;;stores;[0,16)
    us;58;loads;;stores;[0,4)
    us;59;loads;;stores;[0,8)
    us;60;loads;;stores;[0,8)
    <-;section;row;;;;492210
  us;47;loads;[0,4);stores;
  us;55;loads;[0,4);stores;[0,4)
    ->;section;row;;;;492219
    us;4;loads;[0,8);stores;
    us;7;loads;[0,4);stores;
    us;9;loads;[0,4);stores;
    us;36;loads;[32,40);stores;
    us;41;loads;;stores;[28,32)
    us;45;loads;[4,8);stores;[4,8)
    us;46;loads;[0,4);stores;
    us;48;loads;[0,8);stores;
    us;49;loads;[0,8);stores;
    us;50;loads;[0,8);stores;
    us;51;loads;[0,8);stores;
    us;52;loads;[0,4);stores;
    us;53;loads;[0,8);stores;
    us;54;loads;[0,4);stores;
    us;55;loads;[0,4);stores;
    us;56;loads;;stores;[0,16)
    us;57;loads;;stores;[0,16)
    us;58;loads;;stores;[0,4)
    us;59;loads;;stores;[0,8)
    us;60;loads;;stores;[0,8)
    <-;section;row;;;;492373
  us;46;loads;[0,4);stores;
  us;47;loads;[0,4);stores;
  us;54;loads;[0,4);stores;[0,4)
  us;55;loads;[0,4);stores;[0,4)
    ->;section;row;;;;492397
    us;4;loads;[0,8);stores;
    us;7;loads;[0,4);stores;
    us;9;loads;[0,4);stores;
    us;36;loads;[40,48);stores;
    us;42;loads;;stores;[0,4)
    us;45;loads;[0,4);stores;[0,4)
    us;46;loads;[0,4);stores;
    us;48;loads;[0,8);stores;
    us;49;loads;[0,8);stores;
    us;50;loads;[0,8);stores;
    us;51;loads;[0,8);stores;
    us;53;loads;[0,8);stores;
    us;54;loads;[0,4);stores;
    us;55;loads;[0,4);stores;
    us;56;loads;;stores;[0,16)
    us;57;loads;;stores;[0,16)
    us;58;loads;;stores;[0,4)
    us;59;loads;;stores;[0,8)
    us;60;loads;;stores;[0,8)
    <-;section;row;;;;492497
  us;47;loads;[0,4);stores;
  us;55;loads;[0,4);stores;[0,4)
    ->;section;row;;;;492506
    us;4;loads;[0,8);stores;
    us;7;loads;[0,4);stores;
    us;9;loads;[0,4);stores;
    us;36;loads;[40,48);stores;
    us;42;loads;;stores;[4,8)
    us;45;loads;[4,8);stores;[4,8)
    us;46;loads;[0,4);stores;
    us;48;loads;[0,8);stores;
    us;49;loads;[0,8);stores;
    us;50;loads;[0,8);stores;
    us;51;loads;[0,8);stores;
    us;52;loads;[0,4);stores;
    us;53;loads;[0,8);stores;
    us;54;loads;[0,4);stores;
    us;55;loads;[0,4);stores;
    us;56;loads;;stores;[0,16)
    us;57;loads;;stores;[0,16)
    us;58;loads;;stores;[0,4)
    us;59;loads;;stores;[0,8)
    us;60;loads;;stores;[0,8)
    <-;section;row;;;;492660
  us;47;loads;[0,4);stores;
  us;55;loads;[0,4);stores;[0,4)
    ->;section;row;;;;492669
    us;4;loads;[0,8);stores;
    us;7;loads;[0,4);stores;
    us;9;loads;[0,4);stores;
    us;36;loads;[40,48);stores;
    us;42;loads;;stores;[8,12)
    us;45;loads;[8,12);stores;[8,12)
    us;46;loads;[0,4);stores;
    us;48;loads;[0,8);stores;
    us;49;loads;[0,8);stores;
    us;50;loads;[0,8);stores;
    us;51;loads;[0,8);stores;
    us;52;loads;[0,4);stores;
    us;53;loads;[0,8);stores;
    us;54;loads;[0,4);stores;
    us;55;loads;[0,4);stores;
    us;56;loads;;stores;[0,16)
    us;57;loads;;stores;[0,16)
    us;58;loads;;stores;[0,4)
    us;59;loads;;stores;[0,8)
    us;60;loads;;stores;[0,8)
    <-;section;row;;;;492877
  us;47;loads;[0,4);stores;
  us;55;loads;[0,4);stores;[0,4)
    ->;section;row;;;;492886
    us;4;loads;[0,8);stores;
    us;7;loads;[0,4);stores;
    us;9;loads;[0,4);stores;
    us;36;loads;[40,48);stores;
    us;42;loads;;stores;[12,16)
    us;45;loads;[12,16);stores;[12,16)
    us;46;loads;[0,4);stores;
    us;48;loads;[0,8);stores;
    us;49;loads;[0,8);stores;
    us;50;loads;[0,8);stores;
    us;51;loads;[0,8);stores;
    us;52;loads;[0,4);stores;
    us;53;loads;[0,8);stores;
    us;54;loads;[0,4);stores;
    us;55;loads;[0,4);stores;
    us;56;loads;;stores;[0,16)
    us;57;loads;;stores;[0,16)
    us;58;loads;;stores;[0,4)
    us;59;loads;;stores;[0,8)
    us;60;loads;;stores;[0,8)
    <-;section;row;;;;493148
  us;47;loads;[0,4);stores;
  us;55;loads;[0,4);stores;[0,4)
    ->;section;row;;;;493157
    us;4;loads;[0,8);stores;
    us;7;loads;[0,4);stores;
    us;9;loads;[0,4);stores;
    us;36;loads;[40,48);stores;
    us;42;loads;;stores;[16,20)
    us;45;loads;[3996,4000);stores;[3996,4000)
    us;46;loads;[0,4);stores;
    us;48;loads;[0,8);stores;
    us;49;loads;[0,8);stores;
    us;50;loads;[0,8);stores;
    us;51;loads;[0,8);stores;
    us;52;loads;[0,4);stores;
    us;53;loads;[0,8);stores;
    us;54;loads;[0,4);stores;
    us;55;loads;[0,4);stores;
    us;56;loads;;stores;[0,16)
    us;57;loads;;stores;[0,16)
    us;58;loads;;stores;[0,4)
    us;59;loads;;stores;[0,8)
    us;60;loads;;stores;[0,8)
    <-;section;row;;;;547207
  us;47;loads;[0,4);stores;
  us;55;loads;[0,4);stores;[0,4)
    ->;section;row;;;;547216
    us;4;loads;[0,8);stores;
    us;7;loads;[0,4);stores;
    us;9;loads;[0,4);stores;
    us;36;loads;[40,48);stores;
    us;42;loads;;stores;[20,24)
    us;45;loads;[4,8);stores;[4,8)
    us;46;loads;[0,4);stores;
    us;48;loads;[0,8);stores;
    us;49;loads;[0,8);stores;
    us;50;loads;[0,8);stores;
    us;51;loads;[0,8);stores;
    us;52;loads;[0,4);stores;
    us;53;loads;[0,8);stores;
    us;54;loads;[0,4);stores;
    us;55;loads;[0,4);stores;
    us;56;loads;;stores;[0,16)
    us;57;loads;;stores;[0,16)
    us;58;loads;;stores;[0,4)
    us;59;loads;;stores;[0,8)
    us;60;loads;;stores;[0,8)
    <-;section;row;;;;547370
  us;47;loads;[0,4);stores;
  us;55;loads;[0,4);stores;[0,4)
    ->;section;row;;;;547379
    us;4;loads;[0,8);stores;
    us;7;loads;[0,4);stores;
    us;9;loads;[0,4);stores;
    us;36;loads;[40,48);stores;
    us;42;loads;;stores;[24,28)
    us;45;loads;[4,8);stores;[4,8)
    us;46;loads;[0,4);stores;
    us;48;loads;[0,8);stores;
    us;49;loads;[0,8);stores;
    us;50;loads;[0,8);stores;
    us;51;loads;[0,8);stores;
    us;52;loads;[0,4);stores;
    us;53;loads;[0,8);stores;
    us;54;loads;[0,4);stores;
    us;55;loads;[0,4);stores;
    us;56;loads;;stores;[0,16)
    us;57;loads;;stores;[0,16)
    us;58;loads;;stores;[0,4)
    us;59;loads;;stores;[0,8)
    us;60;loads;;stores;[0,8)
    <-;section;row;;;;547533
  us;47;loads;[0,4);stores;
  us;55;loads;[0,4);stores;[0,4)
    ->;section;row;;;;547542
    us;4;loads;[0,8);stores;
    us;7;loads;[0,4);stores;
    us;9;loads;[0,4);stores;
    us;36;loads;[40,48);stores;
    us;42;loads;;stores;[28,32)
    us;45;loads;[4,8);stores;[4,8)
    us;46;loads;[0,4);stores;
    us;48;loads;[0,8);stores;
    us;49;loads;[0,8);stores;
    us;50;loads;[0,8);stores;
    us;51;loads;[0,8);stores;
    us;52;loads;[0,4);stores;
    us;53;loads;[0,8);stores;
    us;54;loads;[0,4);stores;
    us;55;loads;[0,4);stores;
    us;56;loads;;stores;[0,16)
    us;57;loads;;stores;[0,16)
    us;58;loads;;stores;[0,4)
    us;59;loads;;stores;[0,8)
    us;60;loads;;stores;[0,8)
    <-;section;row;;;;547696
  us;46;loads;[0,4);stores;
  us;47;loads;[0,4);stores;
  us;54;loads;[0,4);stores;[0,4)
  us;55;loads;[0,4);stores;[0,4)
    ->;section;row;;;;547720
    us;4;loads;[0,8);stores;
    us;7;loads;[0,4);stores;
    us;9;loads;[0,4);stores;
    us;36;loads;[48,56);stores;
    us;43;loads;;stores;[0,4)
    us;45;loads;[0,4);stores;[0,4)
    us;46;loads;[0,4);stores;
    us;48;loads;[0,8);stores;
    us;49;loads;[0,8);stores;
    us;50;loads;[0,8);stores;
    us;51;loads;[0,8);stores;
    us;53;loads;[0,8);stores;
    us;54;loads;[0,4);stores;
    us;55;loads;[0,4);stores;
    us;56;loads;;stores;[0,16)
    us;57;loads;;stores;[0,16)
    us;58;loads;;stores;[0,4)
    us;59;loads;;stores;[0,8)
    us;60;loads;;stores;[0,8)
    <-;section;row;;;;547820
  us;47;loads;[0,4);stores;
  us;55;loads;[0,4);stores;[0,4)
    ->;section;row;;;;547829
    us;4;loads;[0,8);stores;
    us;7;loads;[0,4);stores;
    us;9;loads;[0,4);stores;
    us;36;loads;[48,56);stores;
    us;43;loads;;stores;[4,8)
    us;45;loads;[0,4);stores;[0,4)
    us;46;loads;[0,4);stores;
    us;48;loads;[0,8);stores;
    us;49;loads;[0,8);stores;
    us;50;loads;[0,8);stores;
    us;51;loads;[0,8);stores;
    us;53;loads;[0,8);stores;
    us;54;loads;[0,4);stores;
    us;55;loads;[0,4);stores;
    us;56;loads;;stores;[0,16)
    us;57;loads;;stores;[0,16)
    us;58;loads;;stores;[0,4)
    us;59;loads;;stores;[0,8)
    us;60;loads;;stores;[0,8)
    <-;section;row;;;;547929
  us;47;loads;[0,4);stores;
  us;55;loads;[0,4);stores;[0,4)
    ->;section;row;;;;547938
    us;4;loads;[0,8);stores;
    us;7;loads;[0,4);stores;
    us;9;loads;[0,4);stores;
    us;36;loads;[48,56);stores;
    us;43;loads;;stores;[8,12)
    us;45;loads;[4,8);stores;[4,8)
    us;46;loads;[0,4);stores;
    us;48;loads;[0,8);stores;
    us;49;loads;[0,8);stores;
    us;50;loads;[0,8);stores;
    us;51;loads;[0,8);stores;
    us;52;loads;[0,4);stores;
    us;53;loads;[0,8);stores;
    us;54;loads;[0,4);stores;
    us;55;loads;[0,4);stores;
    us;56;loads;;stores;[0,16)
    us;57;loads;;stores;[0,16)
    us;58;loads;;stores;[0,4)
    us;59;loads;;stores;[0,8)
    us;60;loads;;stores;[0,8)
    <-;section;row;;;;548092
  us;47;loads;[0,4);stores;
  us;55;loads;[0,4);stores;[0,4)
    ->;section;row;;;;548101
    us;4;loads;[0,8);stores;
    us;7;loads;[0,4);stores;
    us;9;loads;[0,4);stores;
    us;36;loads;[48,56);stores;
    us;43;loads;;stores;[12,16)
    us;45;loads;[4,8);stores;[4,8)
    us;46;loads;[0,4);stores;
    us;48;loads;[0,8);stores;
    us;49;loads;[0,8);stores;
    us;50;loads;[0,8);stores;
    us;51;loads;[0,8);stores;
    us;52;loads;[0,4);stores;
    us;53;loads;[0,8);stores;
    us;54;loads;[0,4);stores;
    us;55;loads;[0,4);stores;
    us;56;loads;;stores;[0,16)
    us;57;loads;;stores;[0,16)
    us;58;loads;;stores;[0,4)
    us;59;loads;;stores;[0,8)
    us;60;loads;;stores;[0,8)
    <-;section;row;;;;548255
  us;47;loads;[0,4);stores;
  us;55;loads;[0,4);stores;[0,4)
    ->;section;row;;;;548264
    us;4;loads;[0,8);stores;
    us;7;loads;[0,4);stores;
    us;9;loads;[0,4);stores;
    us;36;loads;[48,56);stores;
    us;43;loads;;stores;[16,20)
    us;45;loads;[4,8);stores;[4,8)
    us;46;loads;[0,4);stores;
    us;48;loads;[0,8);stores;
    us;49;loads;[0,8);stores;
    us;50;loads;[0,8);stores;
    us;51;loads;[0,8);stores;
    us;52;loads;[0,4);stores;
    us;53;loads;[0,8);stores;
    us;54;loads;[0,4);stores;
    us;55;loads;[0,4);stores;
    us;56;loads;;stores;[0,16)
    us;57;loads;;stores;[0,16)
    us;58;loads;;stores;[0,4)
    us;59;loads;;stores;[0,8)
    us;60;loads;;stores;[0,8)
    <-;section;row;;;;548418
  us;47;loads;[0,4);stores;
  us;55;loads;[0,4);stores;[0,4)
    ->;section;row;;;;548427
    us;4;loads;[0,8);stores;
    us;7;loads;[0,4);stores;
    us;9;loads;[0,4);stores;
    us;36;loads;[48,56);stores;
    us;43;loads;;stores;[20,24)
    us;45;loads;[4,8);stores;[4,8)
    us;46;loads;[0,4);stores;
    us;48;loads;[0,8);stores;
    us;49;loads;[0,8);stores;
    us;50;loads;[0,8);stores;
    us;51;loads;[0,8);stores;
    us;52;loads;[0,4);stores;
    us;53;loads;[0,8);stores;
    us;54;loads;[0,4);stores;
    us;55;loads;[0,4);stores;
    us;56;loads;;stores;[0,16)
    us;57;loads;;stores;[0,16)
    us;58;loads;;stores;[0,4)
    us;59;loads;;stores;[0,8)
    us;60;loads;;stores;[0,8)
    <-;section;row;;;;548581
  us;47;loads;[0,4);stores;
  us;55;loads;[0,4);stores;[0,4)
    ->;section;row;;;;548590
    us;4;loads;[0,8);stores;
    us;7;loads;[0,4);stores;
    us;9;loads;[0,4);stores;
    us;36;loads;[48,56);stores;
    us;43;loads;;stores;[24,28)
    us;45;loads;[4,8);stores;[4,8)
    us;46;loads;[0,4);stores;
    us;48;loads;[0,8);stores;
    us;49;loads;[0,8);stores;
    us;50;loads;[0,8);stores;
    us;51;loads;[0,8);stores;
    us;52;loads;[0,4);stores;
    us;53;loads;[0,8);stores;
    us;54;loads;[0,4);stores;
    us;55;loads;[0,4);stores;
    us;56;loads;;stores;[0,16)
    us;57;loads;;stores;[0,16)
    us;58;loads;;stores;[0,4)
    us;59;loads;;stores;[0,8)
    us;60;loads;;stores;[0,8)
    <-;section;row;;;;548744
  us;47;loads;[0,4);stores;
  us;55;loads;[0,4);stores;[0,4)
    ->;section;row;;;;548753
    us;4;loads;[0,8);stores;
    us;7;loads;[0,4);stores;
    us;9;loads;[0,4);stores;
    us;36;loads;[48,56);stores;
    us;43;loads;;stores;[28,32)
    us;45;loads;[0,4);stores;[0,4)
    us;46;loads;[0,4);stores;
    us;48;loads;[0,8);stores;
    us;49;loads;[0,8);stores;
    us;50;loads;[0,8);stores;
    us;51;loads;[0,8);stores;
    us;53;loads;[0,8);stores;
    us;54;loads;[0,4);stores;
    us;55;loads;[0,4);stores;
    us;56;loads;;stores;[0,16)
    us;57;loads;;stores;[0,16)
    us;58;loads;;stores;[0,4)
    us;59;loads;;stores;[0,8)
    us;60;loads;;stores;[0,8)
    <-;section;row;;;;548853
  us;46;loads;[0,4);stores;
  us;47;loads;[0,4);stores;
  us;54;loads;[0,4);stores;[0,4)
  us;55;loads;[0,4);stores;[0,4)
    ->;section;row;;;;548877
    us;4;loads;[0,8);stores;
    us;7;loads;[0,4);stores;
    us;9;loads;[0,4);stores;
    us;36;loads;[56,64);stores;
    us;44;loads;;stores;[0,4)
    us;45;loads;[0,4);stores;[0,4)
    us;46;loads;[0,4);stores;
    us;48;loads;[0,8);stores;
    us;49;loads;[0,8);stores;
    us;50;loads;[0,8);stores;
    us;51;loads;[0,8);stores;
    us;53;loads;[0,8);stores;
    us;54;loads;[0,4);stores;
    us;55;loads;[0,4);stores;
    us;56;loads;;stores;[0,16)
    us;57;loads;;stores;[0,16)
    us;58;loads;;stores;[0,4)
    us;59;loads;;stores;[0,8)
    us;60;loads;;stores;[0,8)
    <-;section;row;;;;548977
  us;47;loads;[0,4);stores;
  us;55;loads;[0,4);stores;[0,4)
    ->;section;row;;;;548986
    us;4;loads;[0,8);stores;
    us;7;loads;[0,4);stores;
    us;9;loads;[0,4);stores;
    us;36;loads;[56,64);stores;
    us;44;loads;;stores;[4,8)
    us;45;loads;[0,4);stores;[0,4)
    us;46;loads;[0,4);stores;
    us;48;loads;[0,8);stores;
    us;49;loads;[0,8);stores;
    us;50;loads;[0,8);stores;
    us;51;loads;[0,8);stores;
    us;53;loads;[0,8);stores;
    us;54;loads;[0,4);stores;
    us;55;loads;[0,4);stores;
    us;56;loads;;stores;[0,16)
    us;57;loads;;stores;[0,16)
    us;58;loads;;stores;[0,4)
    us;59;loads;;stores;[0,8)
    us;60;loads;;stores;[0,8)
    <-;section;row;;;;549086
  us;47;loads;[0,4);stores;
  us;55;loads;[0,4);stores;[0,4)
    ->;section;row;;;;549095
    us;4;loads;[0,8);stores;
    us;7;loads;[0,4);stores;
    us;9;loads;[0,4);stores;
    us;36;loads;[56,64);stores;
    us;44;loads;;stores;[8,12)
    us;45;loads;[0,4);stores;[0,4)
    us;46;loads;[0,4);stores;
    us;48;loads;[0,8);stores;
    us;49;loads;[0,8);stores;
    us;50;loads;[0,8);stores;
    us;51;loads;[0,8);stores;
    us;53;loads;[0,8);stores;
    us;54;loads;[0,4);stores;
    us;55;loads;[0,4);stores;
    us;56;loads;;stores;[0,16)
    us;57;loads;;stores;[0,16)
    us;58;loads;;stores;[0,4)
    us;59;loads;;stores;[0,8)
    us;60;loads;;stores;[0,8)
    <-;section;row;;;;549195
  us;47;loads;[0,4);stores;
  us;55;loads;[0,4);stores;[0,4)
    ->;section;row;;;;549204
    us;4;loads;[0,8);stores;
    us;7;loads;[0,4);stores;
    us;9;loads;[0,4);stores;
    us;36;loads;[56,64);stores;
    us;44;loads;;stores;[12,16)
    us;45;loads;[0,4);stores;[0,4)
    us;46;loads;[0,4);stores;
    us;48;loads;[0,8);stores;
    us;49;loads;[0,8);stores;
    us;50;loads;[0,8);stores;
    us;51;loads;[0,8);stores;
    us;53;loads;[0,8);stores;
    us;54;loads;[0,4);stores;
    us;55;loads;[0,4);stores;
    us;56;loads;;stores;[0,16)
    us;57;loads;;stores;[0,16)
    us;58;loads;;stores;[0,4)
    us;59;loads;;stores;[0,8)
    us;60;loads;;stores;[0,8)
    <-;section;row;;;;549304
  us;47;loads;[0,4);stores;
  us;55;loads;[0,4);stores;[0,4)
    ->;section;row;;;;549313
    us;4;loads;[0,8);stores;
    us;7;loads;[0,4);stores;
    us;9;loads;[0,4);stores;
    us;36;loads;[56,64);stores;
    us;44;loads;;stores;[16,20)
    us;45;loads;[0,4);stores;[0,4)
    us;46;loads;[0,4);stores;
    us;48;loads;[0,8);stores;
    us;49;loads;[0,8);stores;
    us;50;loads;[0,8);stores;
    us;51;loads;[0,8);stores;
    us;53;loads;[0,8);stores;
    us;54;loads;[0,4);stores;
    us;55;loads;[0,4);stores;
    us;56;loads;;stores;[0,16)
    us;57;loads;;stores;[0,16)
    us;58;loads;;stores;[0,4)
    us;59;loads;;stores;[0,8)
    us;60;loads;;stores;[0,8)
    <-;section;row;;;;549413
  us;47;loads;[0,4);stores;
  us;55;loads;[0,4);stores;[0,4)
    ->;section;row;;;;549422
    us;4;loads;[0,8);stores;
    us;7;loads;[0,4);stores;
    us;9;loads;[0,4);stores;
    us;36;loads;[56,64);stores;
    us;44;loads;;stores;[20,24)
    us;45;loads;[0,4);stores;[0,4)
    us;46;loads;[0,4);stores;
    us;48;loads;[0,8);stores;
    us;49;loads;[0,8);stores;
    us;50;loads;[0,8);stores;
    us;51;loads;[0,8);stores;
    us;53;loads;[0,8);stores;
    us;54;loads;[0,4);stores;
    us;55;loads;[0,4);stores;
    us;56;loads;;stores;[0,16)
    us;57;loads;;stores;[0,16)
    us;58;loads;;stores;[0,4)
    us;59;loads;;stores;[0,8)
    us;60;loads;;stores;[0,8)
    <-;section;row;;;;549522
  us;47;loads;[0,4);stores;
  us;55;loads;[0,4);stores;[0,4)
    ->;section;row;;;;549531
    us;4;loads;[0,8);stores;
    us;7;loads;[0,4);stores;
    us;9;loads;[0,4);stores;
    us;36;loads;[56,64);stores;
    us;44;loads;;stores;[24,28)
    us;45;loads;[0,4);stores;[0,4)
    us;46;loads;[0,4);stores;
    us;48;loads;[0,8);stores;
    us;49;loads;[0,8);stores;
    us;50;loads;[0,8);stores;
    us;51;loads;[0,8);stores;
    us;53;loads;[0,8);stores;
    us;54;loads;[0,4);stores;
    us;55;loads;[0,4);stores;
    us;56;loads;;stores;[0,16)
    us;57;loads;;stores;[0,16)
    us;58;loads;;stores;[0,4)
    us;59;loads;;stores;[0,8)
    us;60;loads;;stores;[0,8)
    <-;section;row;;;;549631
  us;47;loads;[0,4);stores;
  us;55;loads;[0,4);stores;[0,4)
    ->;section;row;;;;549640
    us;4;loads;[0,8);stores;
    us;7;loads;[0,4);stores;
    us;9;loads;[0,4);stores;
    us;36;loads;[56,64);stores;
    us;44;loads;;stores;[28,32)
    us;45;loads;[0,4);stores;[0,4)
    us;46;loads;[0,4);stores;
    us;48;loads;[0,8);stores;
    us;49;loads;[0,8);stores;
    us;50;loads;[0,8);stores;
    us;51;loads;[0,8);stores;
    us;53;loads;[0,8);stores;
    us;54;loads;[0,4);stores;
    us;55;loads;[0,4);stores;
    us;56;loads;;stores;[0,16)
    us;57;loads;;stores;[0,16)
    us;58;loads;;stores;[0,4)
    us;59;loads;;stores;[0,8)
    us;60;loads;;stores;[0,8)
    <-;section;row;;;;549740
  us;46;loads;[0,4);stores;
  us;47;loads;[0,4);stores;
  us;54;loads;[0,4);stores;[0,4)
  us;55;loads;[0,4);stores;[0,4)
  dl;46;[0x7ffc11dce5dc,+4);stack;height;-|
  dl;47;[0x7ffc11dce5d8,+4);stack;width;-|
  dl;48;[0x7ffc11dce5d0,+8);stack;real_min;-|
  dl;49;[0x7ffc11dce5c8,+8);stack;imag_min;-|
  dl;50;[0x7ffc11dce5c0,+8);stack;scale_real;-|
  dl;51;[0x7ffc11dce5b8,+8);stack;scale_imag;-|
  dl;52;[0x7ffc11dce5b4,+4);stack;maxiter;-|
  dl;53;[0x7ffc11dce5a8,+8);stack;output;-|
  dl;54;[0x7ffc11dce5a4,+4);stack;row;-|
  dl;55;[0x7ffc11dce5a0,+4);stack;col;-|
  dl;56;[0x7ffc11dce590,+16);stack;z;-|
  dl;57;[0x7ffc11dce580,+16);stack;c;-|
  dl;58;[0x7ffc11dce57c,+4);stack;k;-|
  dl;59;[0x7ffc11dce570,+8);stack;lengthsq;-|
  dl;60;[0x7ffc11dce568,+8);stack;temp;-|
  dl;61;[0x7ffc11dce560,+8);stack;color;-|
  <-;section;Tareador_Main;;;;549768
dl;19;[0x7ffc11dce80c,+4);stack;unknown_name;-|
dl;20;[0x7ffc11dce808,+4);stack;argc;-|
dl;21;[0x7ffc11dce800,+8);stack;argv;-|
dl;22;[0x7ffc11dce7fc,+4);stack;maxiter;-|
dl;23;[0x7ffc11dce7f0,+8);stack;real_min;-|
dl;24;[0x7ffc11dce7e8,+8);stack;real_max;-|
dl;25;[0x7ffc11dce7e0,+8);stack;imag_min;-|
dl;26;[0x7ffc11dce7d8,+8);stack;imag_max;-|
dl;27;[0x7ffc11dce7d4,+4);stack;width;-|
dl;28;[0x7ffc11dce7d0,+4);stack;height;-|
dl;29;[0x7ffc11dce7c8,+8);stack;size;-|
dl;30;[0x7ffc11dce7c0,+8);stack;x0;-|
dl;31;[0x7ffc11dce7b8,+8);stack;y0;-|
dl;32;[0x7ffc11dce7b0,+8);stack;output;-|
dl;33;[0x7ffc11dce7ac,+4);stack;i;-|
dl;34;[0x7ffc11dce7a8,+4);stack;row;-|
dl;35;[0x7ffc11dce7a4,+4);stack;row;-|
<-;section;tareador_instrumented_section;;;;549768
