printing dependencies for unit id: (0, 0)
 OUTGOING DEPENDENCIES:
  dep: (0, 0) -> (1, 0);  time 36 -> 0
28:4:46:[0,4)
23:8:48:[0,8)
25:8:49:[0,8)
38:8:50:[0,8)
39:8:51:[0,8)
32:8:53:[0,8)
34:4:54:[0,4)
40:4:55:[0,4)
  dep: (0, 0) -> (2, 0);  time 45 -> 0
28:4:46:[0,4)
23:8:48:[0,8)
25:8:49:[0,8)
38:8:50:[0,8)
39:8:51:[0,8)
32:8:53:[0,8)
34:4:54:[0,4)
40:4:55:[0,4)
  dep: (0, 0) -> (3, 0);  time 54 -> 0
28:4:46:[0,4)
23:8:48:[0,8)
25:8:49:[0,8)
38:8:50:[0,8)
39:8:51:[0,8)
22:4:52:[0,4)
32:8:53:[0,8)
34:4:54:[0,4)
40:4:55:[0,4)
  dep: (0, 0) -> (4, 0);  time 63 -> 0
28:4:46:[0,4)
23:8:48:[0,8)
25:8:49:[0,8)
38:8:50:[0,8)
39:8:51:[0,8)
22:4:52:[0,4)
32:8:53:[0,8)
34:4:54:[0,4)
40:4:55:[0,4)
  dep: (0, 0) -> (5, 0);  time 72 -> 0
28:4:46:[0,4)
23:8:48:[0,8)
25:8:49:[0,8)
38:8:50:[0,8)
39:8:51:[0,8)
22:4:52:[0,4)
32:8:53:[0,8)
34:4:54:[0,4)
40:4:55:[0,4)
  dep: (0, 0) -> (6, 0);  time 81 -> 0
28:4:46:[0,4)
23:8:48:[0,8)
25:8:49:[0,8)
38:8:50:[0,8)
39:8:51:[0,8)
22:4:52:[0,4)
32:8:53:[0,8)
34:4:54:[0,4)
40:4:55:[0,4)
  dep: (0, 0) -> (7, 0);  time 90 -> 0
28:4:46:[0,4)
23:8:48:[0,8)
25:8:49:[0,8)
38:8:50:[0,8)
39:8:51:[0,8)
22:4:52:[0,4)
32:8:53:[0,8)
34:4:54:[0,4)
40:4:55:[0,4)
  dep: (0, 0) -> (8, 0);  time 99 -> 0
28:4:46:[0,4)
23:8:48:[0,8)
25:8:49:[0,8)
38:8:50:[0,8)
39:8:51:[0,8)
32:8:53:[0,8)
34:4:54:[0,4)
40:4:55:[0,4)
  dep: (0, 0) -> (9, 0);  time 123 -> 0
28:4:46:[0,4)
23:8:48:[0,8)
25:8:49:[0,8)
38:8:50:[0,8)
39:8:51:[0,8)
32:8:53:[0,8)
34:4:54:[0,4)
40:4:55:[0,4)
  dep: (0, 0) -> (10, 0);  time 132 -> 0
28:4:46:[0,4)
23:8:48:[0,8)
25:8:49:[0,8)
38:8:50:[0,8)
39:8:51:[0,8)
22:4:52:[0,4)
32:8:53:[0,8)
34:4:54:[0,4)
40:4:55:[0,4)
  dep: (0, 0) -> (11, 0);  time 141 -> 0
28:4:46:[0,4)
23:8:48:[0,8)
25:8:49:[0,8)
38:8:50:[0,8)
39:8:51:[0,8)
22:4:52:[0,4)
32:8:53:[0,8)
34:4:54:[0,4)
40:4:55:[0,4)
  dep: (0, 0) -> (12, 0);  time 150 -> 0
28:4:46:[0,4)
23:8:48:[0,8)
25:8:49:[0,8)
38:8:50:[0,8)
39:8:51:[0,8)
22:4:52:[0,4)
32:8:53:[0,8)
34:4:54:[0,4)
40:4:55:[0,4)
  dep: (0, 0) -> (13, 0);  time 159 -> 0
28:4:46:[0,4)
23:8:48:[0,8)
25:8:49:[0,8)
38:8:50:[0,8)
39:8:51:[0,8)
22:4:52:[0,4)
32:8:53:[0,8)
34:4:54:[0,4)
40:4:55:[0,4)
  dep: (0, 0) -> (14, 0);  time 168 -> 0
28:4:46:[0,4)
23:8:48:[0,8)
25:8:49:[0,8)
38:8:50:[0,8)
39:8:51:[0,8)
22:4:52:[0,4)
32:8:53:[0,8)
34:4:54:[0,4)
40:4:55:[0,4)
  dep: (0, 0) -> (15, 0);  time 177 -> 0
28:4:46:[0,4)
23:8:48:[0,8)
25:8:49:[0,8)
38:8:50:[0,8)
39:8:51:[0,8)
22:4:52:[0,4)
32:8:53:[0,8)
34:4:54:[0,4)
40:4:55:[0,4)
  dep: (0, 0) -> (16, 0);  time 186 -> 0
28:4:46:[0,4)
23:8:48:[0,8)
25:8:49:[0,8)
38:8:50:[0,8)
39:8:51:[0,8)
22:4:52:[0,4)
32:8:53:[0,8)
34:4:54:[0,4)
40:4:55:[0,4)
  dep: (0, 0) -> (17, 0);  time 210 -> 0
28:4:46:[0,4)
23:8:48:[0,8)
25:8:49:[0,8)
38:8:50:[0,8)
39:8:51:[0,8)
32:8:53:[0,8)
34:4:54:[0,4)
40:4:55:[0,4)
  dep: (0, 0) -> (18, 0);  time 219 -> 0
28:4:46:[0,4)
23:8:48:[0,8)
25:8:49:[0,8)
38:8:50:[0,8)
39:8:51:[0,8)
22:4:52:[0,4)
32:8:53:[0,8)
34:4:54:[0,4)
40:4:55:[0,4)
  dep: (0, 0) -> (19, 0);  time 228 -> 0
28:4:46:[0,4)
23:8:48:[0,8)
25:8:49:[0,8)
38:8:50:[0,8)
39:8:51:[0,8)
22:4:52:[0,4)
32:8:53:[0,8)
34:4:54:[0,4)
40:4:55:[0,4)
  dep: (0, 0) -> (20, 0);  time 237 -> 0
28:4:46:[0,4)
23:8:48:[0,8)
25:8:49:[0,8)
38:8:50:[0,8)
39:8:51:[0,8)
22:4:52:[0,4)
32:8:53:[0,8)
34:4:54:[0,4)
40:4:55:[0,4)
  dep: (0, 0) -> (21, 0);  time 246 -> 0
28:4:46:[0,4)
23:8:48:[0,8)
25:8:49:[0,8)
38:8:50:[0,8)
39:8:51:[0,8)
22:4:52:[0,4)
32:8:53:[0,8)
34:4:54:[0,4)
40:4:55:[0,4)
  dep: (0, 0) -> (22, 0);  time 255 -> 0
28:4:46:[0,4)
23:8:48:[0,8)
25:8:49:[0,8)
38:8:50:[0,8)
39:8:51:[0,8)
22:4:52:[0,4)
32:8:53:[0,8)
34:4:54:[0,4)
40:4:55:[0,4)
  dep: (0, 0) -> (23, 0);  time 264 -> 0
28:4:46:[0,4)
23:8:48:[0,8)
25:8:49:[0,8)
38:8:50:[0,8)
39:8:51:[0,8)
22:4:52:[0,4)
32:8:53:[0,8)
34:4:54:[0,4)
40:4:55:[0,4)
  dep: (0, 0) -> (24, 0);  time 273 -> 0
28:4:46:[0,4)
23:8:48:[0,8)
25:8:49:[0,8)
38:8:50:[0,8)
39:8:51:[0,8)
22:4:52:[0,4)
32:8:53:[0,8)
34:4:54:[0,4)
40:4:55:[0,4)
  dep: (0, 0) -> (25, 0);  time 297 -> 0
28:4:46:[0,4)
23:8:48:[0,8)
25:8:49:[0,8)
38:8:50:[0,8)
39:8:51:[0,8)
32:8:53:[0,8)
34:4:54:[0,4)
40:4:55:[0,4)
  dep: (0, 0) -> (26, 0);  time 306 -> 0
28:4:46:[0,4)
23:8:48:[0,8)
25:8:49:[0,8)
38:8:50:[0,8)
39:8:51:[0,8)
22:4:52:[0,4)
32:8:53:[0,8)
34:4:54:[0,4)
40:4:55:[0,4)
  dep: (0, 0) -> (27, 0);  time 315 -> 0
28:4:46:[0,4)
23:8:48:[0,8)
25:8:49:[0,8)
38:8:50:[0,8)
39:8:51:[0,8)
22:4:52:[0,4)
32:8:53:[0,8)
34:4:54:[0,4)
40:4:55:[0,4)
  dep: (0, 0) -> (28, 0);  time 324 -> 0
28:4:46:[0,4)
23:8:48:[0,8)
25:8:49:[0,8)
38:8:50:[0,8)
39:8:51:[0,8)
22:4:52:[0,4)
32:8:53:[0,8)
34:4:54:[0,4)
40:4:55:[0,4)
  dep: (0, 0) -> (29, 0);  time 333 -> 0
28:4:46:[0,4)
23:8:48:[0,8)
25:8:49:[0,8)
38:8:50:[0,8)
39:8:51:[0,8)
22:4:52:[0,4)
32:8:53:[0,8)
34:4:54:[0,4)
40:4:55:[0,4)
  dep: (0, 0) -> (30, 0);  time 342 -> 0
28:4:46:[0,4)
23:8:48:[0,8)
25:8:49:[0,8)
38:8:50:[0,8)
39:8:51:[0,8)
22:4:52:[0,4)
32:8:53:[0,8)
34:4:54:[0,4)
40:4:55:[0,4)
  dep: (0, 0) -> (31, 0);  time 351 -> 0
28:4:46:[0,4)
23:8:48:[0,8)
25:8:49:[0,8)
38:8:50:[0,8)
39:8:51:[0,8)
22:4:52:[0,4)
32:8:53:[0,8)
34:4:54:[0,4)
40:4:55:[0,4)
  dep: (0, 0) -> (32, 0);  time 360 -> 0
28:4:46:[0,4)
23:8:48:[0,8)
25:8:49:[0,8)
38:8:50:[0,8)
39:8:51:[0,8)
22:4:52:[0,4)
32:8:53:[0,8)
34:4:54:[0,4)
40:4:55:[0,4)
  dep: (0, 0) -> (33, 0);  time 384 -> 0
28:4:46:[0,4)
23:8:48:[0,8)
25:8:49:[0,8)
38:8:50:[0,8)
39:8:51:[0,8)
32:8:53:[0,8)
34:4:54:[0,4)
40:4:55:[0,4)
  dep: (0, 0) -> (34, 0);  time 393 -> 0
28:4:46:[0,4)
23:8:48:[0,8)
25:8:49:[0,8)
38:8:50:[0,8)
39:8:51:[0,8)
22:4:52:[0,4)
32:8:53:[0,8)
34:4:54:[0,4)
40:4:55:[0,4)
  dep: (0, 0) -> (35, 0);  time 402 -> 0
28:4:46:[0,4)
23:8:48:[0,8)
25:8:49:[0,8)
38:8:50:[0,8)
39:8:51:[0,8)
22:4:52:[0,4)
32:8:53:[0,8)
34:4:54:[0,4)
40:4:55:[0,4)
  dep: (0, 0) -> (36, 0);  time 411 -> 0
28:4:46:[0,4)
23:8:48:[0,8)
25:8:49:[0,8)
38:8:50:[0,8)
39:8:51:[0,8)
22:4:52:[0,4)
32:8:53:[0,8)
34:4:54:[0,4)
40:4:55:[0,4)
  dep: (0, 0) -> (37, 0);  time 420 -> 0
28:4:46:[0,4)
23:8:48:[0,8)
25:8:49:[0,8)
38:8:50:[0,8)
39:8:51:[0,8)
22:4:52:[0,4)
32:8:53:[0,8)
34:4:54:[0,4)
40:4:55:[0,4)
  dep: (0, 0) -> (38, 0);  time 429 -> 0
28:4:46:[0,4)
23:8:48:[0,8)
25:8:49:[0,8)
38:8:50:[0,8)
39:8:51:[0,8)
22:4:52:[0,4)
32:8:53:[0,8)
34:4:54:[0,4)
40:4:55:[0,4)
  dep: (0, 0) -> (39, 0);  time 438 -> 0
28:4:46:[0,4)
23:8:48:[0,8)
25:8:49:[0,8)
38:8:50:[0,8)
39:8:51:[0,8)
22:4:52:[0,4)
32:8:53:[0,8)
34:4:54:[0,4)
40:4:55:[0,4)
  dep: (0, 0) -> (40, 0);  time 447 -> 0
28:4:46:[0,4)
23:8:48:[0,8)
25:8:49:[0,8)
38:8:50:[0,8)
39:8:51:[0,8)
22:4:52:[0,4)
32:8:53:[0,8)
34:4:54:[0,4)
40:4:55:[0,4)
  dep: (0, 0) -> (41, 0);  time 471 -> 0
28:4:46:[0,4)
23:8:48:[0,8)
25:8:49:[0,8)
38:8:50:[0,8)
39:8:51:[0,8)
32:8:53:[0,8)
34:4:54:[0,4)
40:4:55:[0,4)
  dep: (0, 0) -> (42, 0);  time 480 -> 0
28:4:46:[0,4)
23:8:48:[0,8)
25:8:49:[0,8)
38:8:50:[0,8)
39:8:51:[0,8)
22:4:52:[0,4)
32:8:53:[0,8)
34:4:54:[0,4)
40:4:55:[0,4)
  dep: (0, 0) -> (43, 0);  time 489 -> 0
28:4:46:[0,4)
23:8:48:[0,8)
25:8:49:[0,8)
38:8:50:[0,8)
39:8:51:[0,8)
22:4:52:[0,4)
32:8:53:[0,8)
34:4:54:[0,4)
40:4:55:[0,4)
  dep: (0, 0) -> (44, 0);  time 498 -> 0
28:4:46:[0,4)
23:8:48:[0,8)
25:8:49:[0,8)
38:8:50:[0,8)
39:8:51:[0,8)
22:4:52:[0,4)
32:8:53:[0,8)
34:4:54:[0,4)
40:4:55:[0,4)
  dep: (0, 0) -> (45, 0);  time 507 -> 0
28:4:46:[0,4)
23:8:48:[0,8)
25:8:49:[0,8)
38:8:50:[0,8)
39:8:51:[0,8)
22:4:52:[0,4)
32:8:53:[0,8)
34:4:54:[0,4)
40:4:55:[0,4)
  dep: (0, 0) -> (46, 0);  time 516 -> 0
28:4:46:[0,4)
23:8:48:[0,8)
25:8:49:[0,8)
38:8:50:[0,8)
39:8:51:[0,8)
22:4:52:[0,4)
32:8:53:[0,8)
34:4:54:[0,4)
40:4:55:[0,4)
  dep: (0, 0) -> (47, 0);  time 525 -> 0
28:4:46:[0,4)
23:8:48:[0,8)
25:8:49:[0,8)
38:8:50:[0,8)
39:8:51:[0,8)
22:4:52:[0,4)
32:8:53:[0,8)
34:4:54:[0,4)
40:4:55:[0,4)
  dep: (0, 0) -> (48, 0);  time 534 -> 0
28:4:46:[0,4)
23:8:48:[0,8)
25:8:49:[0,8)
38:8:50:[0,8)
39:8:51:[0,8)
22:4:52:[0,4)
32:8:53:[0,8)
34:4:54:[0,4)
40:4:55:[0,4)
  dep: (0, 0) -> (49, 0);  time 558 -> 0
28:4:46:[0,4)
23:8:48:[0,8)
25:8:49:[0,8)
38:8:50:[0,8)
39:8:51:[0,8)
32:8:53:[0,8)
34:4:54:[0,4)
40:4:55:[0,4)
  dep: (0, 0) -> (50, 0);  time 567 -> 0
28:4:46:[0,4)
23:8:48:[0,8)
25:8:49:[0,8)
38:8:50:[0,8)
39:8:51:[0,8)
32:8:53:[0,8)
34:4:54:[0,4)
40:4:55:[0,4)
  dep: (0, 0) -> (51, 0);  time 576 -> 0
28:4:46:[0,4)
23:8:48:[0,8)
25:8:49:[0,8)
38:8:50:[0,8)
39:8:51:[0,8)
22:4:52:[0,4)
32:8:53:[0,8)
34:4:54:[0,4)
40:4:55:[0,4)
  dep: (0, 0) -> (52, 0);  time 585 -> 0
28:4:46:[0,4)
23:8:48:[0,8)
25:8:49:[0,8)
38:8:50:[0,8)
39:8:51:[0,8)
22:4:52:[0,4)
32:8:53:[0,8)
34:4:54:[0,4)
40:4:55:[0,4)
  dep: (0, 0) -> (53, 0);  time 594 -> 0
28:4:46:[0,4)
23:8:48:[0,8)
25:8:49:[0,8)
38:8:50:[0,8)
39:8:51:[0,8)
22:4:52:[0,4)
32:8:53:[0,8)
34:4:54:[0,4)
40:4:55:[0,4)
  dep: (0, 0) -> (54, 0);  time 603 -> 0
28:4:46:[0,4)
23:8:48:[0,8)
25:8:49:[0,8)
38:8:50:[0,8)
39:8:51:[0,8)
22:4:52:[0,4)
32:8:53:[0,8)
34:4:54:[0,4)
40:4:55:[0,4)
  dep: (0, 0) -> (55, 0);  time 612 -> 0
28:4:46:[0,4)
23:8:48:[0,8)
25:8:49:[0,8)
38:8:50:[0,8)
39:8:51:[0,8)
22:4:52:[0,4)
32:8:53:[0,8)
34:4:54:[0,4)
40:4:55:[0,4)
  dep: (0, 0) -> (56, 0);  time 621 -> 0
28:4:46:[0,4)
23:8:48:[0,8)
25:8:49:[0,8)
38:8:50:[0,8)
39:8:51:[0,8)
32:8:53:[0,8)
34:4:54:[0,4)
40:4:55:[0,4)
  dep: (0, 0) -> (57, 0);  time 645 -> 0
28:4:46:[0,4)
23:8:48:[0,8)
25:8:49:[0,8)
38:8:50:[0,8)
39:8:51:[0,8)
32:8:53:[0,8)
34:4:54:[0,4)
40:4:55:[0,4)
  dep: (0, 0) -> (58, 0);  time 654 -> 0
28:4:46:[0,4)
23:8:48:[0,8)
25:8:49:[0,8)
38:8:50:[0,8)
39:8:51:[0,8)
32:8:53:[0,8)
34:4:54:[0,4)
40:4:55:[0,4)
  dep: (0, 0) -> (59, 0);  time 663 -> 0
28:4:46:[0,4)
23:8:48:[0,8)
25:8:49:[0,8)
38:8:50:[0,8)
39:8:51:[0,8)
32:8:53:[0,8)
34:4:54:[0,4)
40:4:55:[0,4)
  dep: (0, 0) -> (60, 0);  time 672 -> 0
28:4:46:[0,4)
23:8:48:[0,8)
25:8:49:[0,8)
38:8:50:[0,8)
39:8:51:[0,8)
32:8:53:[0,8)
34:4:54:[0,4)
40:4:55:[0,4)
  dep: (0, 0) -> (61, 0);  time 681 -> 0
28:4:46:[0,4)
23:8:48:[0,8)
25:8:49:[0,8)
38:8:50:[0,8)
39:8:51:[0,8)
32:8:53:[0,8)
34:4:54:[0,4)
40:4:55:[0,4)
  dep: (0, 0) -> (62, 0);  time 690 -> 0
28:4:46:[0,4)
23:8:48:[0,8)
25:8:49:[0,8)
38:8:50:[0,8)
39:8:51:[0,8)
32:8:53:[0,8)
34:4:54:[0,4)
40:4:55:[0,4)
  dep: (0, 0) -> (63, 0);  time 699 -> 0
28:4:46:[0,4)
23:8:48:[0,8)
25:8:49:[0,8)
38:8:50:[0,8)
39:8:51:[0,8)
32:8:53:[0,8)
34:4:54:[0,4)
40:4:55:[0,4)
  dep: (0, 0) -> (64, 0);  time 708 -> 0
28:4:46:[0,4)
23:8:48:[0,8)
25:8:49:[0,8)
38:8:50:[0,8)
39:8:51:[0,8)
32:8:53:[0,8)
34:4:54:[0,4)
40:4:55:[0,4)
 INCOMING DEPENDENCIES:
printing dependencies for unit id: (0, 1)
 OUTGOING DEPENDENCIES:
 INCOMING DEPENDENCIES:
  dep: (38, 0) -> (0, 1);  time 316 -> 0
  dep: (43, 0) -> (0, 1);  time 208 -> 0
  dep: (44, 0) -> (0, 1);  time 262 -> 0
  dep: (45, 0) -> (0, 1);  time 54050 -> 0
  dep: (55, 0) -> (0, 1);  time 154 -> 0
  dep: (64, 0) -> (0, 1);  time 100 -> 0
printing dependencies for unit id: (1, 0)
 OUTGOING DEPENDENCIES:
  dep: (1, 0) -> (2, 0);  time 100 -> 0
37:4000:45:[0,4)
 INCOMING DEPENDENCIES:
  dep: (0, 0) -> (1, 0);  time 36 -> 0
28:4:46:[0,4)
23:8:48:[0,8)
25:8:49:[0,8)
38:8:50:[0,8)
39:8:51:[0,8)
32:8:53:[0,8)
34:4:54:[0,4)
40:4:55:[0,4)
printing dependencies for unit id: (2, 0)
 OUTGOING DEPENDENCIES:
  dep: (2, 0) -> (8, 0);  time 100 -> 0
37:4000:45:[0,4)
 INCOMING DEPENDENCIES:
  dep: (0, 0) -> (2, 0);  time 45 -> 0
28:4:46:[0,4)
23:8:48:[0,8)
25:8:49:[0,8)
38:8:50:[0,8)
39:8:51:[0,8)
32:8:53:[0,8)
34:4:54:[0,4)
40:4:55:[0,4)
  dep: (1, 0) -> (2, 0);  time 100 -> 0
37:4000:45:[0,4)
printing dependencies for unit id: (3, 0)
 OUTGOING DEPENDENCIES:
  dep: (3, 0) -> (4, 0);  time 154 -> 0
37:4000:45:[4,8)
 INCOMING DEPENDENCIES:
  dep: (0, 0) -> (3, 0);  time 54 -> 0
28:4:46:[0,4)
23:8:48:[0,8)
25:8:49:[0,8)
38:8:50:[0,8)
39:8:51:[0,8)
22:4:52:[0,4)
32:8:53:[0,8)
34:4:54:[0,4)
40:4:55:[0,4)
printing dependencies for unit id: (4, 0)
 OUTGOING DEPENDENCIES:
  dep: (4, 0) -> (5, 0);  time 154 -> 0
37:4000:45:[4,8)
 INCOMING DEPENDENCIES:
  dep: (0, 0) -> (4, 0);  time 63 -> 0
28:4:46:[0,4)
23:8:48:[0,8)
25:8:49:[0,8)
38:8:50:[0,8)
39:8:51:[0,8)
22:4:52:[0,4)
32:8:53:[0,8)
34:4:54:[0,4)
40:4:55:[0,4)
  dep: (3, 0) -> (4, 0);  time 154 -> 0
37:4000:45:[4,8)
printing dependencies for unit id: (5, 0)
 OUTGOING DEPENDENCIES:
  dep: (5, 0) -> (6, 0);  time 154 -> 0
37:4000:45:[4,8)
 INCOMING DEPENDENCIES:
  dep: (0, 0) -> (5, 0);  time 72 -> 0
28:4:46:[0,4)
23:8:48:[0,8)
25:8:49:[0,8)
38:8:50:[0,8)
39:8:51:[0,8)
22:4:52:[0,4)
32:8:53:[0,8)
34:4:54:[0,4)
40:4:55:[0,4)
  dep: (4, 0) -> (5, 0);  time 154 -> 0
37:4000:45:[4,8)
printing dependencies for unit id: (6, 0)
 OUTGOING DEPENDENCIES:
  dep: (6, 0) -> (7, 0);  time 154 -> 0
37:4000:45:[4,8)
 INCOMING DEPENDENCIES:
  dep: (0, 0) -> (6, 0);  time 81 -> 0
28:4:46:[0,4)
23:8:48:[0,8)
25:8:49:[0,8)
38:8:50:[0,8)
39:8:51:[0,8)
22:4:52:[0,4)
32:8:53:[0,8)
34:4:54:[0,4)
40:4:55:[0,4)
  dep: (5, 0) -> (6, 0);  time 154 -> 0
37:4000:45:[4,8)
printing dependencies for unit id: (7, 0)
 OUTGOING DEPENDENCIES:
  dep: (7, 0) -> (10, 0);  time 154 -> 0
37:4000:45:[4,8)
 INCOMING DEPENDENCIES:
  dep: (0, 0) -> (7, 0);  time 90 -> 0
28:4:46:[0,4)
23:8:48:[0,8)
25:8:49:[0,8)
38:8:50:[0,8)
39:8:51:[0,8)
22:4:52:[0,4)
32:8:53:[0,8)
34:4:54:[0,4)
40:4:55:[0,4)
  dep: (6, 0) -> (7, 0);  time 154 -> 0
37:4000:45:[4,8)
printing dependencies for unit id: (8, 0)
 OUTGOING DEPENDENCIES:
  dep: (8, 0) -> (9, 0);  time 100 -> 0
37:4000:45:[0,4)
 INCOMING DEPENDENCIES:
  dep: (0, 0) -> (8, 0);  time 99 -> 0
28:4:46:[0,4)
23:8:48:[0,8)
25:8:49:[0,8)
38:8:50:[0,8)
39:8:51:[0,8)
32:8:53:[0,8)
34:4:54:[0,4)
40:4:55:[0,4)
  dep: (2, 0) -> (8, 0);  time 100 -> 0
37:4000:45:[0,4)
printing dependencies for unit id: (9, 0)
 OUTGOING DEPENDENCIES:
  dep: (9, 0) -> (17, 0);  time 100 -> 0
37:4000:45:[0,4)
 INCOMING DEPENDENCIES:
  dep: (0, 0) -> (9, 0);  time 123 -> 0
28:4:46:[0,4)
23:8:48:[0,8)
25:8:49:[0,8)
38:8:50:[0,8)
39:8:51:[0,8)
32:8:53:[0,8)
34:4:54:[0,4)
40:4:55:[0,4)
  dep: (8, 0) -> (9, 0);  time 100 -> 0
37:4000:45:[0,4)
printing dependencies for unit id: (10, 0)
 OUTGOING DEPENDENCIES:
  dep: (10, 0) -> (14, 0);  time 154 -> 0
37:4000:45:[4,8)
 INCOMING DEPENDENCIES:
  dep: (0, 0) -> (10, 0);  time 132 -> 0
28:4:46:[0,4)
23:8:48:[0,8)
25:8:49:[0,8)
38:8:50:[0,8)
39:8:51:[0,8)
22:4:52:[0,4)
32:8:53:[0,8)
34:4:54:[0,4)
40:4:55:[0,4)
  dep: (7, 0) -> (10, 0);  time 154 -> 0
37:4000:45:[4,8)
printing dependencies for unit id: (11, 0)
 OUTGOING DEPENDENCIES:
  dep: (11, 0) -> (18, 0);  time 208 -> 0
37:4000:45:[8,12)
 INCOMING DEPENDENCIES:
  dep: (0, 0) -> (11, 0);  time 141 -> 0
28:4:46:[0,4)
23:8:48:[0,8)
25:8:49:[0,8)
38:8:50:[0,8)
39:8:51:[0,8)
22:4:52:[0,4)
32:8:53:[0,8)
34:4:54:[0,4)
40:4:55:[0,4)
printing dependencies for unit id: (12, 0)
 OUTGOING DEPENDENCIES:
  dep: (12, 0) -> (44, 0);  time 262 -> 0
37:4000:45:[12,16)
 INCOMING DEPENDENCIES:
  dep: (0, 0) -> (12, 0);  time 150 -> 0
28:4:46:[0,4)
23:8:48:[0,8)
25:8:49:[0,8)
38:8:50:[0,8)
39:8:51:[0,8)
22:4:52:[0,4)
32:8:53:[0,8)
34:4:54:[0,4)
40:4:55:[0,4)
printing dependencies for unit id: (13, 0)
 OUTGOING DEPENDENCIES:
  dep: (13, 0) -> (20, 0);  time 54050 -> 0
37:4000:45:[3996,4000)
 INCOMING DEPENDENCIES:
  dep: (0, 0) -> (13, 0);  time 159 -> 0
28:4:46:[0,4)
23:8:48:[0,8)
25:8:49:[0,8)
38:8:50:[0,8)
39:8:51:[0,8)
22:4:52:[0,4)
32:8:53:[0,8)
34:4:54:[0,4)
40:4:55:[0,4)
printing dependencies for unit id: (14, 0)
 OUTGOING DEPENDENCIES:
  dep: (14, 0) -> (15, 0);  time 154 -> 0
37:4000:45:[4,8)
 INCOMING DEPENDENCIES:
  dep: (0, 0) -> (14, 0);  time 168 -> 0
28:4:46:[0,4)
23:8:48:[0,8)
25:8:49:[0,8)
38:8:50:[0,8)
39:8:51:[0,8)
22:4:52:[0,4)
32:8:53:[0,8)
34:4:54:[0,4)
40:4:55:[0,4)
  dep: (10, 0) -> (14, 0);  time 154 -> 0
37:4000:45:[4,8)
printing dependencies for unit id: (15, 0)
 OUTGOING DEPENDENCIES:
  dep: (15, 0) -> (16, 0);  time 154 -> 0
37:4000:45:[4,8)
 INCOMING DEPENDENCIES:
  dep: (0, 0) -> (15, 0);  time 177 -> 0
28:4:46:[0,4)
23:8:48:[0,8)
25:8:49:[0,8)
38:8:50:[0,8)
39:8:51:[0,8)
22:4:52:[0,4)
32:8:53:[0,8)
34:4:54:[0,4)
40:4:55:[0,4)
  dep: (14, 0) -> (15, 0);  time 154 -> 0
37:4000:45:[4,8)
printing dependencies for unit id: (16, 0)
 OUTGOING DEPENDENCIES:
  dep: (16, 0) -> (23, 0);  time 154 -> 0
37:4000:45:[4,8)
 INCOMING DEPENDENCIES:
  dep: (0, 0) -> (16, 0);  time 186 -> 0
28:4:46:[0,4)
23:8:48:[0,8)
25:8:49:[0,8)
38:8:50:[0,8)
39:8:51:[0,8)
22:4:52:[0,4)
32:8:53:[0,8)
34:4:54:[0,4)
40:4:55:[0,4)
  dep: (15, 0) -> (16, 0);  time 154 -> 0
37:4000:45:[4,8)
printing dependencies for unit id: (17, 0)
 OUTGOING DEPENDENCIES:
  dep: (17, 0) -> (25, 0);  time 100 -> 0
37:4000:45:[0,4)
 INCOMING DEPENDENCIES:
  dep: (0, 0) -> (17, 0);  time 210 -> 0
28:4:46:[0,4)
23:8:48:[0,8)
25:8:49:[0,8)
38:8:50:[0,8)
39:8:51:[0,8)
32:8:53:[0,8)
34:4:54:[0,4)
40:4:55:[0,4)
  dep: (9, 0) -> (17, 0);  time 100 -> 0
37:4000:45:[0,4)
printing dependencies for unit id: (18, 0)
 OUTGOING DEPENDENCIES:
  dep: (18, 0) -> (34, 0);  time 208 -> 0
37:4000:45:[8,12)
 INCOMING DEPENDENCIES:
  dep: (0, 0) -> (18, 0);  time 219 -> 0
28:4:46:[0,4)
23:8:48:[0,8)
25:8:49:[0,8)
38:8:50:[0,8)
39:8:51:[0,8)
22:4:52:[0,4)
32:8:53:[0,8)
34:4:54:[0,4)
40:4:55:[0,4)
  dep: (11, 0) -> (18, 0);  time 208 -> 0
37:4000:45:[8,12)
printing dependencies for unit id: (19, 0)
 OUTGOING DEPENDENCIES:
  dep: (19, 0) -> (22, 0);  time 316 -> 0
37:4000:45:[16,20)
 INCOMING DEPENDENCIES:
  dep: (0, 0) -> (19, 0);  time 228 -> 0
28:4:46:[0,4)
23:8:48:[0,8)
25:8:49:[0,8)
38:8:50:[0,8)
39:8:51:[0,8)
22:4:52:[0,4)
32:8:53:[0,8)
34:4:54:[0,4)
40:4:55:[0,4)
printing dependencies for unit id: (20, 0)
 OUTGOING DEPENDENCIES:
  dep: (20, 0) -> (21, 0);  time 54050 -> 0
37:4000:45:[3996,4000)
 INCOMING DEPENDENCIES:
  dep: (0, 0) -> (20, 0);  time 237 -> 0
28:4:46:[0,4)
23:8:48:[0,8)
25:8:49:[0,8)
38:8:50:[0,8)
39:8:51:[0,8)
22:4:52:[0,4)
32:8:53:[0,8)
34:4:54:[0,4)
40:4:55:[0,4)
  dep: (13, 0) -> (20, 0);  time 54050 -> 0
37:4000:45:[3996,4000)
printing dependencies for unit id: (21, 0)
 OUTGOING DEPENDENCIES:
  dep: (21, 0) -> (26, 0);  time 54050 -> 0
37:4000:45:[3996,4000)
 INCOMING DEPENDENCIES:
  dep: (0, 0) -> (21, 0);  time 246 -> 0
28:4:46:[0,4)
23:8:48:[0,8)
25:8:49:[0,8)
38:8:50:[0,8)
39:8:51:[0,8)
22:4:52:[0,4)
32:8:53:[0,8)
34:4:54:[0,4)
40:4:55:[0,4)
  dep: (20, 0) -> (21, 0);  time 54050 -> 0
37:4000:45:[3996,4000)
printing dependencies for unit id: (22, 0)
 OUTGOING DEPENDENCIES:
  dep: (22, 0) -> (30, 0);  time 316 -> 0
37:4000:45:[16,20)
 INCOMING DEPENDENCIES:
  dep: (0, 0) -> (22, 0);  time 255 -> 0
28:4:46:[0,4)
23:8:48:[0,8)
25:8:49:[0,8)
38:8:50:[0,8)
39:8:51:[0,8)
22:4:52:[0,4)
32:8:53:[0,8)
34:4:54:[0,4)
40:4:55:[0,4)
  dep: (19, 0) -> (22, 0);  time 316 -> 0
37:4000:45:[16,20)
printing dependencies for unit id: (23, 0)
 OUTGOING DEPENDENCIES:
  dep: (23, 0) -> (24, 0);  time 154 -> 0
37:4000:45:[4,8)
 INCOMING DEPENDENCIES:
  dep: (0, 0) -> (23, 0);  time 264 -> 0
28:4:46:[0,4)
23:8:48:[0,8)
25:8:49:[0,8)
38:8:50:[0,8)
39:8:51:[0,8)
22:4:52:[0,4)
32:8:53:[0,8)
34:4:54:[0,4)
40:4:55:[0,4)
  dep: (16, 0) -> (23, 0);  time 154 -> 0
37:4000:45:[4,8)
printing dependencies for unit id: (24, 0)
 OUTGOING DEPENDENCIES:
  dep: (24, 0) -> (31, 0);  time 154 -> 0
37:4000:45:[4,8)
 INCOMING DEPENDENCIES:
  dep: (0, 0) -> (24, 0);  time 273 -> 0
28:4:46:[0,4)
23:8:48:[0,8)
25:8:49:[0,8)
38:8:50:[0,8)
39:8:51:[0,8)
22:4:52:[0,4)
32:8:53:[0,8)
34:4:54:[0,4)
40:4:55:[0,4)
  dep: (23, 0) -> (24, 0);  time 154 -> 0
37:4000:45:[4,8)
printing dependencies for unit id: (25, 0)
 OUTGOING DEPENDENCIES:
  dep: (25, 0) -> (33, 0);  time 100 -> 0
37:4000:45:[0,4)
 INCOMING DEPENDENCIES:
  dep: (0, 0) -> (25, 0);  time 297 -> 0
28:4:46:[0,4)
23:8:48:[0,8)
25:8:49:[0,8)
38:8:50:[0,8)
39:8:51:[0,8)
32:8:53:[0,8)
34:4:54:[0,4)
40:4:55:[0,4)
  dep: (17, 0) -> (25, 0);  time 100 -> 0
37:4000:45:[0,4)
printing dependencies for unit id: (26, 0)
 OUTGOING DEPENDENCIES:
  dep: (26, 0) -> (27, 0);  time 54050 -> 0
37:4000:45:[3996,4000)
 INCOMING DEPENDENCIES:
  dep: (0, 0) -> (26, 0);  time 306 -> 0
28:4:46:[0,4)
23:8:48:[0,8)
25:8:49:[0,8)
38:8:50:[0,8)
39:8:51:[0,8)
22:4:52:[0,4)
32:8:53:[0,8)
34:4:54:[0,4)
40:4:55:[0,4)
  dep: (21, 0) -> (26, 0);  time 54050 -> 0
37:4000:45:[3996,4000)
printing dependencies for unit id: (27, 0)
 OUTGOING DEPENDENCIES:
  dep: (27, 0) -> (28, 0);  time 54050 -> 0
37:4000:45:[3996,4000)
 INCOMING DEPENDENCIES:
  dep: (0, 0) -> (27, 0);  time 315 -> 0
28:4:46:[0,4)
23:8:48:[0,8)
25:8:49:[0,8)
38:8:50:[0,8)
39:8:51:[0,8)
22:4:52:[0,4)
32:8:53:[0,8)
34:4:54:[0,4)
40:4:55:[0,4)
  dep: (26, 0) -> (27, 0);  time 54050 -> 0
37:4000:45:[3996,4000)
printing dependencies for unit id: (28, 0)
 OUTGOING DEPENDENCIES:
  dep: (28, 0) -> (29, 0);  time 54050 -> 0
37:4000:45:[3996,4000)
 INCOMING DEPENDENCIES:
  dep: (0, 0) -> (28, 0);  time 324 -> 0
28:4:46:[0,4)
23:8:48:[0,8)
25:8:49:[0,8)
38:8:50:[0,8)
39:8:51:[0,8)
22:4:52:[0,4)
32:8:53:[0,8)
34:4:54:[0,4)
40:4:55:[0,4)
  dep: (27, 0) -> (28, 0);  time 54050 -> 0
37:4000:45:[3996,4000)
printing dependencies for unit id: (29, 0)
 OUTGOING DEPENDENCIES:
  dep: (29, 0) -> (36, 0);  time 54050 -> 0
37:4000:45:[3996,4000)
 INCOMING DEPENDENCIES:
  dep: (0, 0) -> (29, 0);  time 333 -> 0
28:4:46:[0,4)
23:8:48:[0,8)
25:8:49:[0,8)
38:8:50:[0,8)
39:8:51:[0,8)
22:4:52:[0,4)
32:8:53:[0,8)
34:4:54:[0,4)
40:4:55:[0,4)
  dep: (28, 0) -> (29, 0);  time 54050 -> 0
37:4000:45:[3996,4000)
printing dependencies for unit id: (30, 0)
 OUTGOING DEPENDENCIES:
  dep: (30, 0) -> (35, 0);  time 316 -> 0
37:4000:45:[16,20)
 INCOMING DEPENDENCIES:
  dep: (0, 0) -> (30, 0);  time 342 -> 0
28:4:46:[0,4)
23:8:48:[0,8)
25:8:49:[0,8)
38:8:50:[0,8)
39:8:51:[0,8)
22:4:52:[0,4)
32:8:53:[0,8)
34:4:54:[0,4)
40:4:55:[0,4)
  dep: (22, 0) -> (30, 0);  time 316 -> 0
37:4000:45:[16,20)
printing dependencies for unit id: (31, 0)
 OUTGOING DEPENDENCIES:
  dep: (31, 0) -> (32, 0);  time 154 -> 0
37:4000:45:[4,8)
 INCOMING DEPENDENCIES:
  dep: (0, 0) -> (31, 0);  time 351 -> 0
28:4:46:[0,4)
23:8:48:[0,8)
25:8:49:[0,8)
38:8:50:[0,8)
39:8:51:[0,8)
22:4:52:[0,4)
32:8:53:[0,8)
34:4:54:[0,4)
40:4:55:[0,4)
  dep: (24, 0) -> (31, 0);  time 154 -> 0
37:4000:45:[4,8)
printing dependencies for unit id: (32, 0)
 OUTGOING DEPENDENCIES:
  dep: (32, 0) -> (39, 0);  time 154 -> 0
37:4000:45:[4,8)
 INCOMING DEPENDENCIES:
  dep: (0, 0) -> (32, 0);  time 360 -> 0
28:4:46:[0,4)
23:8:48:[0,8)
25:8:49:[0,8)
38:8:50:[0,8)
39:8:51:[0,8)
22:4:52:[0,4)
32:8:53:[0,8)
34:4:54:[0,4)
40:4:55:[0,4)
  dep: (31, 0) -> (32, 0);  time 154 -> 0
37:4000:45:[4,8)
printing dependencies for unit id: (33, 0)
 OUTGOING DEPENDENCIES:
  dep: (33, 0) -> (41, 0);  time 100 -> 0
37:4000:45:[0,4)
 INCOMING DEPENDENCIES:
  dep: (0, 0) -> (33, 0);  time 384 -> 0
28:4:46:[0,4)
23:8:48:[0,8)
25:8:49:[0,8)
38:8:50:[0,8)
39:8:51:[0,8)
32:8:53:[0,8)
34:4:54:[0,4)
40:4:55:[0,4)
  dep: (25, 0) -> (33, 0);  time 100 -> 0
37:4000:45:[0,4)
printing dependencies for unit id: (34, 0)
 OUTGOING DEPENDENCIES:
  dep: (34, 0) -> (43, 0);  time 208 -> 0
37:4000:45:[8,12)
 INCOMING DEPENDENCIES:
  dep: (0, 0) -> (34, 0);  time 393 -> 0
28:4:46:[0,4)
23:8:48:[0,8)
25:8:49:[0,8)
38:8:50:[0,8)
39:8:51:[0,8)
22:4:52:[0,4)
32:8:53:[0,8)
34:4:54:[0,4)
40:4:55:[0,4)
  dep: (18, 0) -> (34, 0);  time 208 -> 0
37:4000:45:[8,12)
printing dependencies for unit id: (35, 0)
 OUTGOING DEPENDENCIES:
  dep: (35, 0) -> (38, 0);  time 316 -> 0
37:4000:45:[16,20)
 INCOMING DEPENDENCIES:
  dep: (0, 0) -> (35, 0);  time 402 -> 0
28:4:46:[0,4)
23:8:48:[0,8)
25:8:49:[0,8)
38:8:50:[0,8)
39:8:51:[0,8)
22:4:52:[0,4)
32:8:53:[0,8)
34:4:54:[0,4)
40:4:55:[0,4)
  dep: (30, 0) -> (35, 0);  time 316 -> 0
37:4000:45:[16,20)
printing dependencies for unit id: (36, 0)
 OUTGOING DEPENDENCIES:
  dep: (36, 0) -> (37, 0);  time 54050 -> 0
37:4000:45:[3996,4000)
 INCOMING DEPENDENCIES:
  dep: (0, 0) -> (36, 0);  time 411 -> 0
28:4:46:[0,4)
23:8:48:[0,8)
25:8:49:[0,8)
38:8:50:[0,8)
39:8:51:[0,8)
22:4:52:[0,4)
32:8:53:[0,8)
34:4:54:[0,4)
40:4:55:[0,4)
  dep: (29, 0) -> (36, 0);  time 54050 -> 0
37:4000:45:[3996,4000)
printing dependencies for unit id: (37, 0)
 OUTGOING DEPENDENCIES:
  dep: (37, 0) -> (45, 0);  time 54050 -> 0
37:4000:45:[3996,4000)
 INCOMING DEPENDENCIES:
  dep: (0, 0) -> (37, 0);  time 420 -> 0
28:4:46:[0,4)
23:8:48:[0,8)
25:8:49:[0,8)
38:8:50:[0,8)
39:8:51:[0,8)
22:4:52:[0,4)
32:8:53:[0,8)
34:4:54:[0,4)
40:4:55:[0,4)
  dep: (36, 0) -> (37, 0);  time 54050 -> 0
37:4000:45:[3996,4000)
printing dependencies for unit id: (38, 0)
 OUTGOING DEPENDENCIES:
  dep: (38, 0) -> (0, 1);  time 316 -> 0
 INCOMING DEPENDENCIES:
  dep: (0, 0) -> (38, 0);  time 429 -> 0
28:4:46:[0,4)
23:8:48:[0,8)
25:8:49:[0,8)
38:8:50:[0,8)
39:8:51:[0,8)
22:4:52:[0,4)
32:8:53:[0,8)
34:4:54:[0,4)
40:4:55:[0,4)
  dep: (35, 0) -> (38, 0);  time 316 -> 0
37:4000:45:[16,20)
printing dependencies for unit id: (39, 0)
 OUTGOING DEPENDENCIES:
  dep: (39, 0) -> (40, 0);  time 154 -> 0
37:4000:45:[4,8)
 INCOMING DEPENDENCIES:
  dep: (0, 0) -> (39, 0);  time 438 -> 0
28:4:46:[0,4)
23:8:48:[0,8)
25:8:49:[0,8)
38:8:50:[0,8)
39:8:51:[0,8)
22:4:52:[0,4)
32:8:53:[0,8)
34:4:54:[0,4)
40:4:55:[0,4)
  dep: (32, 0) -> (39, 0);  time 154 -> 0
37:4000:45:[4,8)
printing dependencies for unit id: (40, 0)
 OUTGOING DEPENDENCIES:
  dep: (40, 0) -> (42, 0);  time 154 -> 0
37:4000:45:[4,8)
 INCOMING DEPENDENCIES:
  dep: (0, 0) -> (40, 0);  time 447 -> 0
28:4:46:[0,4)
23:8:48:[0,8)
25:8:49:[0,8)
38:8:50:[0,8)
39:8:51:[0,8)
22:4:52:[0,4)
32:8:53:[0,8)
34:4:54:[0,4)
40:4:55:[0,4)
  dep: (39, 0) -> (40, 0);  time 154 -> 0
37:4000:45:[4,8)
printing dependencies for unit id: (41, 0)
 OUTGOING DEPENDENCIES:
  dep: (41, 0) -> (49, 0);  time 100 -> 0
37:4000:45:[0,4)
 INCOMING DEPENDENCIES:
  dep: (0, 0) -> (41, 0);  time 471 -> 0
28:4:46:[0,4)
23:8:48:[0,8)
25:8:49:[0,8)
38:8:50:[0,8)
39:8:51:[0,8)
32:8:53:[0,8)
34:4:54:[0,4)
40:4:55:[0,4)
  dep: (33, 0) -> (41, 0);  time 100 -> 0
37:4000:45:[0,4)
printing dependencies for unit id: (42, 0)
 OUTGOING DEPENDENCIES:
  dep: (42, 0) -> (46, 0);  time 154 -> 0
37:4000:45:[4,8)
 INCOMING DEPENDENCIES:
  dep: (0, 0) -> (42, 0);  time 480 -> 0
28:4:46:[0,4)
23:8:48:[0,8)
25:8:49:[0,8)
38:8:50:[0,8)
39:8:51:[0,8)
22:4:52:[0,4)
32:8:53:[0,8)
34:4:54:[0,4)
40:4:55:[0,4)
  dep: (40, 0) -> (42, 0);  time 154 -> 0
37:4000:45:[4,8)
printing dependencies for unit id: (43, 0)
 OUTGOING DEPENDENCIES:
  dep: (43, 0) -> (0, 1);  time 208 -> 0
 INCOMING DEPENDENCIES:
  dep: (0, 0) -> (43, 0);  time 489 -> 0
28:4:46:[0,4)
23:8:48:[0,8)
25:8:49:[0,8)
38:8:50:[0,8)
39:8:51:[0,8)
22:4:52:[0,4)
32:8:53:[0,8)
34:4:54:[0,4)
40:4:55:[0,4)
  dep: (34, 0) -> (43, 0);  time 208 -> 0
37:4000:45:[8,12)
printing dependencies for unit id: (44, 0)
 OUTGOING DEPENDENCIES:
  dep: (44, 0) -> (0, 1);  time 262 -> 0
 INCOMING DEPENDENCIES:
  dep: (0, 0) -> (44, 0);  time 498 -> 0
28:4:46:[0,4)
23:8:48:[0,8)
25:8:49:[0,8)
38:8:50:[0,8)
39:8:51:[0,8)
22:4:52:[0,4)
32:8:53:[0,8)
34:4:54:[0,4)
40:4:55:[0,4)
  dep: (12, 0) -> (44, 0);  time 262 -> 0
37:4000:45:[12,16)
printing dependencies for unit id: (45, 0)
 OUTGOING DEPENDENCIES:
  dep: (45, 0) -> (0, 1);  time 54050 -> 0
 INCOMING DEPENDENCIES:
  dep: (0, 0) -> (45, 0);  time 507 -> 0
28:4:46:[0,4)
23:8:48:[0,8)
25:8:49:[0,8)
38:8:50:[0,8)
39:8:51:[0,8)
22:4:52:[0,4)
32:8:53:[0,8)
34:4:54:[0,4)
40:4:55:[0,4)
  dep: (37, 0) -> (45, 0);  time 54050 -> 0
37:4000:45:[3996,4000)
printing dependencies for unit id: (46, 0)
 OUTGOING DEPENDENCIES:
  dep: (46, 0) -> (47, 0);  time 154 -> 0
37:4000:45:[4,8)
 INCOMING DEPENDENCIES:
  dep: (0, 0) -> (46, 0);  time 516 -> 0
28:4:46:[0,4)
23:8:48:[0,8)
25:8:49:[0,8)
38:8:50:[0,8)
39:8:51:[0,8)
22:4:52:[0,4)
32:8:53:[0,8)
34:4:54:[0,4)
40:4:55:[0,4)
  dep: (42, 0) -> (46, 0);  time 154 -> 0
37:4000:45:[4,8)
printing dependencies for unit id: (47, 0)
 OUTGOING DEPENDENCIES:
  dep: (47, 0) -> (48, 0);  time 154 -> 0
37:4000:45:[4,8)
 INCOMING DEPENDENCIES:
  dep: (0, 0) -> (47, 0);  time 525 -> 0
28:4:46:[0,4)
23:8:48:[0,8)
25:8:49:[0,8)
38:8:50:[0,8)
39:8:51:[0,8)
22:4:52:[0,4)
32:8:53:[0,8)
34:4:54:[0,4)
40:4:55:[0,4)
  dep: (46, 0) -> (47, 0);  time 154 -> 0
37:4000:45:[4,8)
printing dependencies for unit id: (48, 0)
 OUTGOING DEPENDENCIES:
  dep: (48, 0) -> (51, 0);  time 154 -> 0
37:4000:45:[4,8)
 INCOMING DEPENDENCIES:
  dep: (0, 0) -> (48, 0);  time 534 -> 0
28:4:46:[0,4)
23:8:48:[0,8)
25:8:49:[0,8)
38:8:50:[0,8)
39:8:51:[0,8)
22:4:52:[0,4)
32:8:53:[0,8)
34:4:54:[0,4)
40:4:55:[0,4)
  dep: (47, 0) -> (48, 0);  time 154 -> 0
37:4000:45:[4,8)
printing dependencies for unit id: (49, 0)
 OUTGOING DEPENDENCIES:
  dep: (49, 0) -> (50, 0);  time 100 -> 0
37:4000:45:[0,4)
 INCOMING DEPENDENCIES:
  dep: (0, 0) -> (49, 0);  time 558 -> 0
28:4:46:[0,4)
23:8:48:[0,8)
25:8:49:[0,8)
38:8:50:[0,8)
39:8:51:[0,8)
32:8:53:[0,8)
34:4:54:[0,4)
40:4:55:[0,4)
  dep: (41, 0) -> (49, 0);  time 100 -> 0
37:4000:45:[0,4)
printing dependencies for unit id: (50, 0)
 OUTGOING DEPENDENCIES:
  dep: (50, 0) -> (56, 0);  time 100 -> 0
37:4000:45:[0,4)
 INCOMING DEPENDENCIES:
  dep: (0, 0) -> (50, 0);  time 567 -> 0
28:4:46:[0,4)
23:8:48:[0,8)
25:8:49:[0,8)
38:8:50:[0,8)
39:8:51:[0,8)
32:8:53:[0,8)
34:4:54:[0,4)
40:4:55:[0,4)
  dep: (49, 0) -> (50, 0);  time 100 -> 0
37:4000:45:[0,4)
printing dependencies for unit id: (51, 0)
 OUTGOING DEPENDENCIES:
  dep: (51, 0) -> (52, 0);  time 154 -> 0
37:4000:45:[4,8)
 INCOMING DEPENDENCIES:
  dep: (0, 0) -> (51, 0);  time 576 -> 0
28:4:46:[0,4)
23:8:48:[0,8)
25:8:49:[0,8)
38:8:50:[0,8)
39:8:51:[0,8)
22:4:52:[0,4)
32:8:53:[0,8)
34:4:54:[0,4)
40:4:55:[0,4)
  dep: (48, 0) -> (51, 0);  time 154 -> 0
37:4000:45:[4,8)
printing dependencies for unit id: (52, 0)
 OUTGOING DEPENDENCIES:
  dep: (52, 0) -> (53, 0);  time 154 -> 0
37:4000:45:[4,8)
 INCOMING DEPENDENCIES:
  dep: (0, 0) -> (52, 0);  time 585 -> 0
28:4:46:[0,4)
23:8:48:[0,8)
25:8:49:[0,8)
38:8:50:[0,8)
39:8:51:[0,8)
22:4:52:[0,4)
32:8:53:[0,8)
34:4:54:[0,4)
40:4:55:[0,4)
  dep: (51, 0) -> (52, 0);  time 154 -> 0
37:4000:45:[4,8)
printing dependencies for unit id: (53, 0)
 OUTGOING DEPENDENCIES:
  dep: (53, 0) -> (54, 0);  time 154 -> 0
37:4000:45:[4,8)
 INCOMING DEPENDENCIES:
  dep: (0, 0) -> (53, 0);  time 594 -> 0
28:4:46:[0,4)
23:8:48:[0,8)
25:8:49:[0,8)
38:8:50:[0,8)
39:8:51:[0,8)
22:4:52:[0,4)
32:8:53:[0,8)
34:4:54:[0,4)
40:4:55:[0,4)
  dep: (52, 0) -> (53, 0);  time 154 -> 0
37:4000:45:[4,8)
printing dependencies for unit id: (54, 0)
 OUTGOING DEPENDENCIES:
  dep: (54, 0) -> (55, 0);  time 154 -> 0
37:4000:45:[4,8)
 INCOMING DEPENDENCIES:
  dep: (0, 0) -> (54, 0);  time 603 -> 0
28:4:46:[0,4)
23:8:48:[0,8)
25:8:49:[0,8)
38:8:50:[0,8)
39:8:51:[0,8)
22:4:52:[0,4)
32:8:53:[0,8)
34:4:54:[0,4)
40:4:55:[0,4)
  dep: (53, 0) -> (54, 0);  time 154 -> 0
37:4000:45:[4,8)
printing dependencies for unit id: (55, 0)
 OUTGOING DEPENDENCIES:
  dep: (55, 0) -> (0, 1);  time 154 -> 0
 INCOMING DEPENDENCIES:
  dep: (0, 0) -> (55, 0);  time 612 -> 0
28:4:46:[0,4)
23:8:48:[0,8)
25:8:49:[0,8)
38:8:50:[0,8)
39:8:51:[0,8)
22:4:52:[0,4)
32:8:53:[0,8)
34:4:54:[0,4)
40:4:55:[0,4)
  dep: (54, 0) -> (55, 0);  time 154 -> 0
37:4000:45:[4,8)
printing dependencies for unit id: (56, 0)
 OUTGOING DEPENDENCIES:
  dep: (56, 0) -> (57, 0);  time 100 -> 0
37:4000:45:[0,4)
 INCOMING DEPENDENCIES:
  dep: (0, 0) -> (56, 0);  time 621 -> 0
28:4:46:[0,4)
23:8:48:[0,8)
25:8:49:[0,8)
38:8:50:[0,8)
39:8:51:[0,8)
32:8:53:[0,8)
34:4:54:[0,4)
40:4:55:[0,4)
  dep: (50, 0) -> (56, 0);  time 100 -> 0
37:4000:45:[0,4)
printing dependencies for unit id: (57, 0)
 OUTGOING DEPENDENCIES:
  dep: (57, 0) -> (58, 0);  time 100 -> 0
37:4000:45:[0,4)
 INCOMING DEPENDENCIES:
  dep: (0, 0) -> (57, 0);  time 645 -> 0
28:4:46:[0,4)
23:8:48:[0,8)
25:8:49:[0,8)
38:8:50:[0,8)
39:8:51:[0,8)
32:8:53:[0,8)
34:4:54:[0,4)
40:4:55:[0,4)
  dep: (56, 0) -> (57, 0);  time 100 -> 0
37:4000:45:[0,4)
printing dependencies for unit id: (58, 0)
 OUTGOING DEPENDENCIES:
  dep: (58, 0) -> (59, 0);  time 100 -> 0
37:4000:45:[0,4)
 INCOMING DEPENDENCIES:
  dep: (0, 0) -> (58, 0);  time 654 -> 0
28:4:46:[0,4)
23:8:48:[0,8)
25:8:49:[0,8)
38:8:50:[0,8)
39:8:51:[0,8)
32:8:53:[0,8)
34:4:54:[0,4)
40:4:55:[0,4)
  dep: (57, 0) -> (58, 0);  time 100 -> 0
37:4000:45:[0,4)
printing dependencies for unit id: (59, 0)
 OUTGOING DEPENDENCIES:
  dep: (59, 0) -> (60, 0);  time 100 -> 0
37:4000:45:[0,4)
 INCOMING DEPENDENCIES:
  dep: (0, 0) -> (59, 0);  time 663 -> 0
28:4:46:[0,4)
23:8:48:[0,8)
25:8:49:[0,8)
38:8:50:[0,8)
39:8:51:[0,8)
32:8:53:[0,8)
34:4:54:[0,4)
40:4:55:[0,4)
  dep: (58, 0) -> (59, 0);  time 100 -> 0
37:4000:45:[0,4)
printing dependencies for unit id: (60, 0)
 OUTGOING DEPENDENCIES:
  dep: (60, 0) -> (61, 0);  time 100 -> 0
37:4000:45:[0,4)
 INCOMING DEPENDENCIES:
  dep: (0, 0) -> (60, 0);  time 672 -> 0
28:4:46:[0,4)
23:8:48:[0,8)
25:8:49:[0,8)
38:8:50:[0,8)
39:8:51:[0,8)
32:8:53:[0,8)
34:4:54:[0,4)
40:4:55:[0,4)
  dep: (59, 0) -> (60, 0);  time 100 -> 0
37:4000:45:[0,4)
printing dependencies for unit id: (61, 0)
 OUTGOING DEPENDENCIES:
  dep: (61, 0) -> (62, 0);  time 100 -> 0
37:4000:45:[0,4)
 INCOMING DEPENDENCIES:
  dep: (0, 0) -> (61, 0);  time 681 -> 0
28:4:46:[0,4)
23:8:48:[0,8)
25:8:49:[0,8)
38:8:50:[0,8)
39:8:51:[0,8)
32:8:53:[0,8)
34:4:54:[0,4)
40:4:55:[0,4)
  dep: (60, 0) -> (61, 0);  time 100 -> 0
37:4000:45:[0,4)
printing dependencies for unit id: (62, 0)
 OUTGOING DEPENDENCIES:
  dep: (62, 0) -> (63, 0);  time 100 -> 0
37:4000:45:[0,4)
 INCOMING DEPENDENCIES:
  dep: (0, 0) -> (62, 0);  time 690 -> 0
28:4:46:[0,4)
23:8:48:[0,8)
25:8:49:[0,8)
38:8:50:[0,8)
39:8:51:[0,8)
32:8:53:[0,8)
34:4:54:[0,4)
40:4:55:[0,4)
  dep: (61, 0) -> (62, 0);  time 100 -> 0
37:4000:45:[0,4)
printing dependencies for unit id: (63, 0)
 OUTGOING DEPENDENCIES:
  dep: (63, 0) -> (64, 0);  time 100 -> 0
37:4000:45:[0,4)
 INCOMING DEPENDENCIES:
  dep: (0, 0) -> (63, 0);  time 699 -> 0
28:4:46:[0,4)
23:8:48:[0,8)
25:8:49:[0,8)
38:8:50:[0,8)
39:8:51:[0,8)
32:8:53:[0,8)
34:4:54:[0,4)
40:4:55:[0,4)
  dep: (62, 0) -> (63, 0);  time 100 -> 0
37:4000:45:[0,4)
printing dependencies for unit id: (64, 0)
 OUTGOING DEPENDENCIES:
  dep: (64, 0) -> (0, 1);  time 100 -> 0
 INCOMING DEPENDENCIES:
  dep: (0, 0) -> (64, 0);  time 708 -> 0
28:4:46:[0,4)
23:8:48:[0,8)
25:8:49:[0,8)
38:8:50:[0,8)
39:8:51:[0,8)
32:8:53:[0,8)
34:4:54:[0,4)
40:4:55:[0,4)
  dep: (63, 0) -> (64, 0);  time 100 -> 0
37:4000:45:[0,4)
