<<<0:global:X11_COLOR_fake:/scratch/nas/1/par0/Soft/X11/Xlib.h:4029>>>
<<<1:global:display:mandel-tar.c:69>>>
<<<2:global:fp:mandel-tar.c:65>>>
<<<3:global:gc:mandel-tar.c:71>>>
<<<4:global:histogram:mandel-tar.c:79>>>
<<<5:global:max_color:mandel-tar.c:73>>>
<<<6:global:min_color:mandel-tar.c:73>>>
<<<7:global:output2display:mandel-tar.c:68>>>
<<<8:global:output2file:mandel-tar.c:64>>>
<<<9:global:output2histogram:mandel-tar.c:78>>>
<<<10:global:scale_color:mandel-tar.c:74>>>
<<<11:global:scale_imag:mandel-tar.c:75>>>
<<<12:global:scale_real:mandel-tar.c:75>>>
<<<13:global:setup_return:mandel-tar.c:72>>>
<<<14:global:win:mandel-tar.c:70>>>
<<<15:stack:argv[0]>>>
<<<16:stack:argv[1]>>>
<<<17:stack:argv[2]>>>
<<<18:stack:argv[3]>>>
<<<19:stack:unknown_name>>>
<<<20:stack:argc>>>
<<<21:stack:argv>>>
<<<22:stack:maxiter>>>
<<<23:stack:real_min>>>
<<<24:stack:real_max>>>
<<<25:stack:imag_min>>>
<<<26:stack:imag_max>>>
<<<27:stack:width>>>
<<<28:stack:height>>>
<<<29:stack:size>>>
<<<30:stack:x0>>>
<<<31:stack:y0>>>
<<<32:stack:output>>>
<<<33:stack:i>>>
<<<34:stack:row>>>
<<<35:heap:uncast(*(output))::main:/scratch/nas/1/par2207/lab3/mandel-tar.c:193>>>
<<<36:heap:uncast(*(*(output){cast(*(row))}))::main:/scratch/nas/1/par2207/lab3/mandel-tar.c:195>>>
<<<37:heap:uncast(llvm_internal)::main:/scratch/nas/1/par2207/lab3/mandel-tar.c:197>>>
<<<38:stack:scale_real>>>
<<<39:stack:scale_imag>>>
<<<40:stack:col>>>
<<<41:stack:z>>>
<<<42:stack:c>>>
<<<43:stack:k>>>
<<<44:stack:lengthsq>>>
<<<45:stack:temp>>>
<<<46:stack:color>>>
