[{'dep_offset': 0,
  'name': 'MAIN_TAREADOR',
  'parent_ending_section': None,
  'parent_starting_section': None,
  'potential_children_tasks': [2,
                               4,
                               6,
                               8,
                               10,
                               12,
                               14,
                               16,
                               18,
                               20,
                               22,
                               24,
                               26,
                               28,
                               30,
                               32,
                               34,
                               36,
                               38,
                               40,
                               42,
                               44,
                               46,
                               48,
                               50,
                               52,
                               54,
                               56,
                               58,
                               60,
                               62,
                               64,
                               66,
                               68,
                               70,
                               72,
                               74,
                               76,
                               78,
                               80,
                               82,
                               84,
                               86,
                               88,
                               90,
                               92,
                               94,
                               96,
                               98,
                               100,
                               102,
                               104,
                               106,
                               108,
                               110,
                               112,
                               114,
                               116,
                               118,
                               120,
                               122,
                               124,
                               126,
                               128],
  'starting_section': 1,
  'task_id': 0,
  'task_sections_cnt': 2,
  'usage_offset': 0},
 {'dep_offset': 10833,
  'name': 'row',
  'parent_ending_section': 129,
  'parent_starting_section': 1,
  'potential_children_tasks': [],
  'starting_section': 2,
  'task_id': 1,
  'task_sections_cnt': 1,
  'usage_offset': 640},
 {'dep_offset': 11131,
  'name': 'row',
  'parent_ending_section': 129,
  'parent_starting_section': 1,
  'potential_children_tasks': [],
  'starting_section': 4,
  'task_id': 2,
  'task_sections_cnt': 1,
  'usage_offset': 1262},
 {'dep_offset': 11486,
  'name': 'row',
  'parent_ending_section': 129,
  'parent_starting_section': 1,
  'potential_children_tasks': [],
  'starting_section': 6,
  'task_id': 3,
  'task_sections_cnt': 1,
  'usage_offset': 1886},
 {'dep_offset': 11798,
  'name': 'row',
  'parent_ending_section': 129,
  'parent_starting_section': 1,
  'potential_children_tasks': [],
  'starting_section': 8,
  'task_id': 4,
  'task_sections_cnt': 1,
  'usage_offset': 2572},
 {'dep_offset': 12167,
  'name': 'row',
  'parent_ending_section': 129,
  'parent_starting_section': 1,
  'potential_children_tasks': [],
  'starting_section': 10,
  'task_id': 5,
  'task_sections_cnt': 1,
  'usage_offset': 3258},
 {'dep_offset': 12536,
  'name': 'row',
  'parent_ending_section': 129,
  'parent_starting_section': 1,
  'potential_children_tasks': [],
  'starting_section': 12,
  'task_id': 6,
  'task_sections_cnt': 1,
  'usage_offset': 3948},
 {'dep_offset': 12905,
  'name': 'row',
  'parent_ending_section': 129,
  'parent_starting_section': 1,
  'potential_children_tasks': [],
  'starting_section': 14,
  'task_id': 7,
  'task_sections_cnt': 1,
  'usage_offset': 4638},
 {'dep_offset': 13275,
  'name': 'row',
  'parent_ending_section': 129,
  'parent_starting_section': 1,
  'potential_children_tasks': [],
  'starting_section': 16,
  'task_id': 8,
  'task_sections_cnt': 1,
  'usage_offset': 5330},
 {'dep_offset': 13630,
  'name': 'row',
  'parent_ending_section': 129,
  'parent_starting_section': 1,
  'potential_children_tasks': [],
  'starting_section': 18,
  'task_id': 9,
  'task_sections_cnt': 1,
  'usage_offset': 5962},
 {'dep_offset': 13987,
  'name': 'row',
  'parent_ending_section': 129,
  'parent_starting_section': 1,
  'potential_children_tasks': [],
  'starting_section': 20,
  'task_id': 10,
  'task_sections_cnt': 1,
  'usage_offset': 6594},
 {'dep_offset': 14362,
  'name': 'row',
  'parent_ending_section': 129,
  'parent_starting_section': 1,
  'potential_children_tasks': [],
  'starting_section': 22,
  'task_id': 11,
  'task_sections_cnt': 1,
  'usage_offset': 7290},
 {'dep_offset': 14680,
  'name': 'row',
  'parent_ending_section': 129,
  'parent_starting_section': 1,
  'potential_children_tasks': [],
  'starting_section': 24,
  'task_id': 12,
  'task_sections_cnt': 1,
  'usage_offset': 7990},
 {'dep_offset': 14999,
  'name': 'row',
  'parent_ending_section': 129,
  'parent_starting_section': 1,
  'potential_children_tasks': [],
  'starting_section': 26,
  'task_id': 13,
  'task_sections_cnt': 1,
  'usage_offset': 8694},
 {'dep_offset': 15324,
  'name': 'row',
  'parent_ending_section': 129,
  'parent_starting_section': 1,
  'potential_children_tasks': [],
  'starting_section': 28,
  'task_id': 14,
  'task_sections_cnt': 1,
  'usage_offset': 9416},
 {'dep_offset': 15700,
  'name': 'row',
  'parent_ending_section': 129,
  'parent_starting_section': 1,
  'potential_children_tasks': [],
  'starting_section': 30,
  'task_id': 15,
  'task_sections_cnt': 1,
  'usage_offset': 10116},
 {'dep_offset': 16076,
  'name': 'row',
  'parent_ending_section': 129,
  'parent_starting_section': 1,
  'potential_children_tasks': [],
  'starting_section': 32,
  'task_id': 16,
  'task_sections_cnt': 1,
  'usage_offset': 10816},
 {'dep_offset': 16452,
  'name': 'row',
  'parent_ending_section': 129,
  'parent_starting_section': 1,
  'potential_children_tasks': [],
  'starting_section': 34,
  'task_id': 17,
  'task_sections_cnt': 1,
  'usage_offset': 11516},
 {'dep_offset': 16813,
  'name': 'row',
  'parent_ending_section': 129,
  'parent_starting_section': 1,
  'potential_children_tasks': [],
  'starting_section': 36,
  'task_id': 18,
  'task_sections_cnt': 1,
  'usage_offset': 12154},
 {'dep_offset': 17191,
  'name': 'row',
  'parent_ending_section': 129,
  'parent_starting_section': 1,
  'potential_children_tasks': [],
  'starting_section': 38,
  'task_id': 19,
  'task_sections_cnt': 1,
  'usage_offset': 12858},
 {'dep_offset': 17510,
  'name': 'row',
  'parent_ending_section': 129,
  'parent_starting_section': 1,
  'potential_children_tasks': [],
  'starting_section': 40,
  'task_id': 20,
  'task_sections_cnt': 1,
  'usage_offset': 13566},
 {'dep_offset': 17902,
  'name': 'row',
  'parent_ending_section': 129,
  'parent_starting_section': 1,
  'potential_children_tasks': [],
  'starting_section': 42,
  'task_id': 21,
  'task_sections_cnt': 1,
  'usage_offset': 14292},
 {'dep_offset': 18294,
  'name': 'row',
  'parent_ending_section': 129,
  'parent_starting_section': 1,
  'potential_children_tasks': [],
  'starting_section': 44,
  'task_id': 22,
  'task_sections_cnt': 1,
  'usage_offset': 15020},
 {'dep_offset': 18674,
  'name': 'row',
  'parent_ending_section': 129,
  'parent_starting_section': 1,
  'potential_children_tasks': [],
  'starting_section': 46,
  'task_id': 23,
  'task_sections_cnt': 1,
  'usage_offset': 15732},
 {'dep_offset': 19050,
  'name': 'row',
  'parent_ending_section': 129,
  'parent_starting_section': 1,
  'potential_children_tasks': [],
  'starting_section': 48,
  'task_id': 24,
  'task_sections_cnt': 1,
  'usage_offset': 16436},
 {'dep_offset': 19426,
  'name': 'row',
  'parent_ending_section': 129,
  'parent_starting_section': 1,
  'potential_children_tasks': [],
  'starting_section': 50,
  'task_id': 25,
  'task_sections_cnt': 1,
  'usage_offset': 17140},
 {'dep_offset': 19788,
  'name': 'row',
  'parent_ending_section': 129,
  'parent_starting_section': 1,
  'potential_children_tasks': [],
  'starting_section': 52,
  'task_id': 26,
  'task_sections_cnt': 1,
  'usage_offset': 17782},
 {'dep_offset': 20180,
  'name': 'row',
  'parent_ending_section': 129,
  'parent_starting_section': 1,
  'potential_children_tasks': [],
  'starting_section': 54,
  'task_id': 27,
  'task_sections_cnt': 1,
  'usage_offset': 18510},
 {'dep_offset': 20572,
  'name': 'row',
  'parent_ending_section': 129,
  'parent_starting_section': 1,
  'potential_children_tasks': [],
  'starting_section': 56,
  'task_id': 28,
  'task_sections_cnt': 1,
  'usage_offset': 19238},
 {'dep_offset': 20964,
  'name': 'row',
  'parent_ending_section': 129,
  'parent_starting_section': 1,
  'potential_children_tasks': [],
  'starting_section': 58,
  'task_id': 29,
  'task_sections_cnt': 1,
  'usage_offset': 19966},
 {'dep_offset': 21356,
  'name': 'row',
  'parent_ending_section': 129,
  'parent_starting_section': 1,
  'potential_children_tasks': [],
  'starting_section': 60,
  'task_id': 30,
  'task_sections_cnt': 1,
  'usage_offset': 20694},
 {'dep_offset': 21736,
  'name': 'row',
  'parent_ending_section': 129,
  'parent_starting_section': 1,
  'potential_children_tasks': [],
  'starting_section': 62,
  'task_id': 31,
  'task_sections_cnt': 1,
  'usage_offset': 21406},
 {'dep_offset': 22112,
  'name': 'row',
  'parent_ending_section': 129,
  'parent_starting_section': 1,
  'potential_children_tasks': [],
  'starting_section': 64,
  'task_id': 32,
  'task_sections_cnt': 1,
  'usage_offset': 22110},
 {'dep_offset': 22488,
  'name': 'row',
  'parent_ending_section': 129,
  'parent_starting_section': 1,
  'potential_children_tasks': [],
  'starting_section': 66,
  'task_id': 33,
  'task_sections_cnt': 1,
  'usage_offset': 22814},
 {'dep_offset': 22850,
  'name': 'row',
  'parent_ending_section': 129,
  'parent_starting_section': 1,
  'potential_children_tasks': [],
  'starting_section': 68,
  'task_id': 34,
  'task_sections_cnt': 1,
  'usage_offset': 23456},
 {'dep_offset': 23228,
  'name': 'row',
  'parent_ending_section': 129,
  'parent_starting_section': 1,
  'potential_children_tasks': [],
  'starting_section': 70,
  'task_id': 35,
  'task_sections_cnt': 1,
  'usage_offset': 24164},
 {'dep_offset': 23608,
  'name': 'row',
  'parent_ending_section': 129,
  'parent_starting_section': 1,
  'potential_children_tasks': [],
  'starting_section': 72,
  'task_id': 36,
  'task_sections_cnt': 1,
  'usage_offset': 24876},
 {'dep_offset': 24000,
  'name': 'row',
  'parent_ending_section': 129,
  'parent_starting_section': 1,
  'potential_children_tasks': [],
  'starting_section': 74,
  'task_id': 37,
  'task_sections_cnt': 1,
  'usage_offset': 25604},
 {'dep_offset': 24392,
  'name': 'row',
  'parent_ending_section': 129,
  'parent_starting_section': 1,
  'potential_children_tasks': [],
  'starting_section': 76,
  'task_id': 38,
  'task_sections_cnt': 1,
  'usage_offset': 26332},
 {'dep_offset': 24752,
  'name': 'row',
  'parent_ending_section': 129,
  'parent_starting_section': 1,
  'potential_children_tasks': [],
  'starting_section': 78,
  'task_id': 39,
  'task_sections_cnt': 1,
  'usage_offset': 27044},
 {'dep_offset': 25128,
  'name': 'row',
  'parent_ending_section': 129,
  'parent_starting_section': 1,
  'potential_children_tasks': [],
  'starting_section': 80,
  'task_id': 40,
  'task_sections_cnt': 1,
  'usage_offset': 27748},
 {'dep_offset': 25504,
  'name': 'row',
  'parent_ending_section': 129,
  'parent_starting_section': 1,
  'potential_children_tasks': [],
  'starting_section': 82,
  'task_id': 41,
  'task_sections_cnt': 1,
  'usage_offset': 28452},
 {'dep_offset': 25866,
  'name': 'row',
  'parent_ending_section': 129,
  'parent_starting_section': 1,
  'potential_children_tasks': [],
  'starting_section': 84,
  'task_id': 42,
  'task_sections_cnt': 1,
  'usage_offset': 29094},
 {'dep_offset': 26242,
  'name': 'row',
  'parent_ending_section': 129,
  'parent_starting_section': 1,
  'potential_children_tasks': [],
  'starting_section': 86,
  'task_id': 43,
  'task_sections_cnt': 1,
  'usage_offset': 29798},
 {'dep_offset': 26601,
  'name': 'row',
  'parent_ending_section': 129,
  'parent_starting_section': 1,
  'potential_children_tasks': [],
  'starting_section': 88,
  'task_id': 44,
  'task_sections_cnt': 1,
  'usage_offset': 30506},
 {'dep_offset': 26961,
  'name': 'row',
  'parent_ending_section': 129,
  'parent_starting_section': 1,
  'potential_children_tasks': [],
  'starting_section': 90,
  'task_id': 45,
  'task_sections_cnt': 1,
  'usage_offset': 31218},
 {'dep_offset': 27329,
  'name': 'row',
  'parent_ending_section': 129,
  'parent_starting_section': 1,
  'potential_children_tasks': [],
  'starting_section': 92,
  'task_id': 46,
  'task_sections_cnt': 1,
  'usage_offset': 31946},
 {'dep_offset': 27705,
  'name': 'row',
  'parent_ending_section': 129,
  'parent_starting_section': 1,
  'potential_children_tasks': [],
  'starting_section': 94,
  'task_id': 47,
  'task_sections_cnt': 1,
  'usage_offset': 32650},
 {'dep_offset': 28081,
  'name': 'row',
  'parent_ending_section': 129,
  'parent_starting_section': 1,
  'potential_children_tasks': [],
  'starting_section': 96,
  'task_id': 48,
  'task_sections_cnt': 1,
  'usage_offset': 33354},
 {'dep_offset': 28457,
  'name': 'row',
  'parent_ending_section': 129,
  'parent_starting_section': 1,
  'potential_children_tasks': [],
  'starting_section': 98,
  'task_id': 49,
  'task_sections_cnt': 1,
  'usage_offset': 34058},
 {'dep_offset': 28819,
  'name': 'row',
  'parent_ending_section': 129,
  'parent_starting_section': 1,
  'potential_children_tasks': [],
  'starting_section': 100,
  'task_id': 50,
  'task_sections_cnt': 1,
  'usage_offset': 34700},
 {'dep_offset': 29181,
  'name': 'row',
  'parent_ending_section': 129,
  'parent_starting_section': 1,
  'potential_children_tasks': [],
  'starting_section': 102,
  'task_id': 51,
  'task_sections_cnt': 1,
  'usage_offset': 35346},
 {'dep_offset': 29557,
  'name': 'row',
  'parent_ending_section': 129,
  'parent_starting_section': 1,
  'potential_children_tasks': [],
  'starting_section': 104,
  'task_id': 52,
  'task_sections_cnt': 1,
  'usage_offset': 36054},
 {'dep_offset': 29933,
  'name': 'row',
  'parent_ending_section': 129,
  'parent_starting_section': 1,
  'potential_children_tasks': [],
  'starting_section': 106,
  'task_id': 53,
  'task_sections_cnt': 1,
  'usage_offset': 36762},
 {'dep_offset': 30309,
  'name': 'row',
  'parent_ending_section': 129,
  'parent_starting_section': 1,
  'potential_children_tasks': [],
  'starting_section': 108,
  'task_id': 54,
  'task_sections_cnt': 1,
  'usage_offset': 37470},
 {'dep_offset': 30685,
  'name': 'row',
  'parent_ending_section': 129,
  'parent_starting_section': 1,
  'potential_children_tasks': [],
  'starting_section': 110,
  'task_id': 55,
  'task_sections_cnt': 1,
  'usage_offset': 38178},
 {'dep_offset': 31043,
  'name': 'row',
  'parent_ending_section': 129,
  'parent_starting_section': 1,
  'potential_children_tasks': [],
  'starting_section': 112,
  'task_id': 56,
  'task_sections_cnt': 1,
  'usage_offset': 38886},
 {'dep_offset': 31405,
  'name': 'row',
  'parent_ending_section': 129,
  'parent_starting_section': 1,
  'potential_children_tasks': [],
  'starting_section': 114,
  'task_id': 57,
  'task_sections_cnt': 1,
  'usage_offset': 39532},
 {'dep_offset': 31767,
  'name': 'row',
  'parent_ending_section': 129,
  'parent_starting_section': 1,
  'potential_children_tasks': [],
  'starting_section': 116,
  'task_id': 58,
  'task_sections_cnt': 1,
  'usage_offset': 40178},
 {'dep_offset': 32129,
  'name': 'row',
  'parent_ending_section': 129,
  'parent_starting_section': 1,
  'potential_children_tasks': [],
  'starting_section': 118,
  'task_id': 59,
  'task_sections_cnt': 1,
  'usage_offset': 40824},
 {'dep_offset': 32491,
  'name': 'row',
  'parent_ending_section': 129,
  'parent_starting_section': 1,
  'potential_children_tasks': [],
  'starting_section': 120,
  'task_id': 60,
  'task_sections_cnt': 1,
  'usage_offset': 41470},
 {'dep_offset': 32853,
  'name': 'row',
  'parent_ending_section': 129,
  'parent_starting_section': 1,
  'potential_children_tasks': [],
  'starting_section': 122,
  'task_id': 61,
  'task_sections_cnt': 1,
  'usage_offset': 42116},
 {'dep_offset': 33215,
  'name': 'row',
  'parent_ending_section': 129,
  'parent_starting_section': 1,
  'potential_children_tasks': [],
  'starting_section': 124,
  'task_id': 62,
  'task_sections_cnt': 1,
  'usage_offset': 42762},
 {'dep_offset': 33577,
  'name': 'row',
  'parent_ending_section': 129,
  'parent_starting_section': 1,
  'potential_children_tasks': [],
  'starting_section': 126,
  'task_id': 63,
  'task_sections_cnt': 1,
  'usage_offset': 43408},
 {'dep_offset': 33939,
  'name': 'row',
  'parent_ending_section': 129,
  'parent_starting_section': 1,
  'potential_children_tasks': [],
  'starting_section': 128,
  'task_id': 64,
  'task_sections_cnt': 1,
  'usage_offset': 44054}]
