TASK:0:MAIN_TAREADOR:1:129:0:549768
 28:4:46:loads::stores:[0,4)
 23:8:48:loads::stores:[0,8)
 25:8:49:loads::stores:[0,8)
 38:8:50:loads::stores:[0,8)
 39:8:51:loads::stores:[0,8)
 22:4:52:loads::stores:[0,4)
 32:8:53:loads::stores:[0,8)
 34:4:54:loads::stores:[0,4)
 40:4:55:loads::stores:[0,4)
 section:0:0:1:129:0:549768
   28:4:46:loads::stores:[0,4)
   23:8:48:loads::stores:[0,8)
   25:8:49:loads::stores:[0,8)
   38:8:50:loads::stores:[0,8)
   39:8:51:loads::stores:[0,8)
   22:4:52:loads::stores:[0,4)
   32:8:53:loads::stores:[0,8)
   34:4:54:loads::stores:[0,4)
   40:4:55:loads::stores:[0,4)
 section:0:1:None:129:549768:549768
 TASK:1:row:2:2:36:136
  37:4000:45:loads:[0,4):stores:[0,4)
  28:4:46:loads:[0,4):stores:
  23:8:48:loads:[0,8):stores:
  25:8:49:loads:[0,8):stores:
  38:8:50:loads:[0,8):stores:
  39:8:51:loads:[0,8):stores:
  32:8:53:loads:[0,8):stores:
  34:4:54:loads:[0,4):stores:
  40:4:55:loads:[0,4):stores:
  section:1:0:2:2:36:136
    37:4000:45:loads:[0,4):stores:[0,4)
    28:4:46:loads:[0,4):stores:
    23:8:48:loads:[0,8):stores:
    25:8:49:loads:[0,8):stores:
    38:8:50:loads:[0,8):stores:
    39:8:51:loads:[0,8):stores:
    32:8:53:loads:[0,8):stores:
    34:4:54:loads:[0,4):stores:
    40:4:55:loads:[0,4):stores:
 TASK:2:row:4:4:145:245
  37:4000:45:loads:[0,4):stores:[0,4)
  28:4:46:loads:[0,4):stores:
  23:8:48:loads:[0,8):stores:
  25:8:49:loads:[0,8):stores:
  38:8:50:loads:[0,8):stores:
  39:8:51:loads:[0,8):stores:
  32:8:53:loads:[0,8):stores:
  34:4:54:loads:[0,4):stores:
  40:4:55:loads:[0,4):stores:
  section:2:0:4:4:145:245
    37:4000:45:loads:[0,4):stores:[0,4)
    28:4:46:loads:[0,4):stores:
    23:8:48:loads:[0,8):stores:
    25:8:49:loads:[0,8):stores:
    38:8:50:loads:[0,8):stores:
    39:8:51:loads:[0,8):stores:
    32:8:53:loads:[0,8):stores:
    34:4:54:loads:[0,4):stores:
    40:4:55:loads:[0,4):stores:
 TASK:3:row:6:6:254:408
  37:4000:45:loads:[4,8):stores:[4,8)
  28:4:46:loads:[0,4):stores:
  23:8:48:loads:[0,8):stores:
  25:8:49:loads:[0,8):stores:
  38:8:50:loads:[0,8):stores:
  39:8:51:loads:[0,8):stores:
  22:4:52:loads:[0,4):stores:
  32:8:53:loads:[0,8):stores:
  34:4:54:loads:[0,4):stores:
  40:4:55:loads:[0,4):stores:
  section:3:0:6:6:254:408
    37:4000:45:loads:[4,8):stores:[4,8)
    28:4:46:loads:[0,4):stores:
    23:8:48:loads:[0,8):stores:
    25:8:49:loads:[0,8):stores:
    38:8:50:loads:[0,8):stores:
    39:8:51:loads:[0,8):stores:
    22:4:52:loads:[0,4):stores:
    32:8:53:loads:[0,8):stores:
    34:4:54:loads:[0,4):stores:
    40:4:55:loads:[0,4):stores:
 TASK:4:row:8:8:417:571
  37:4000:45:loads:[4,8):stores:[4,8)
  28:4:46:loads:[0,4):stores:
  23:8:48:loads:[0,8):stores:
  25:8:49:loads:[0,8):stores:
  38:8:50:loads:[0,8):stores:
  39:8:51:loads:[0,8):stores:
  22:4:52:loads:[0,4):stores:
  32:8:53:loads:[0,8):stores:
  34:4:54:loads:[0,4):stores:
  40:4:55:loads:[0,4):stores:
  section:4:0:8:8:417:571
    37:4000:45:loads:[4,8):stores:[4,8)
    28:4:46:loads:[0,4):stores:
    23:8:48:loads:[0,8):stores:
    25:8:49:loads:[0,8):stores:
    38:8:50:loads:[0,8):stores:
    39:8:51:loads:[0,8):stores:
    22:4:52:loads:[0,4):stores:
    32:8:53:loads:[0,8):stores:
    34:4:54:loads:[0,4):stores:
    40:4:55:loads:[0,4):stores:
 TASK:5:row:10:10:580:734
  37:4000:45:loads:[4,8):stores:[4,8)
  28:4:46:loads:[0,4):stores:
  23:8:48:loads:[0,8):stores:
  25:8:49:loads:[0,8):stores:
  38:8:50:loads:[0,8):stores:
  39:8:51:loads:[0,8):stores:
  22:4:52:loads:[0,4):stores:
  32:8:53:loads:[0,8):stores:
  34:4:54:loads:[0,4):stores:
  40:4:55:loads:[0,4):stores:
  section:5:0:10:10:580:734
    37:4000:45:loads:[4,8):stores:[4,8)
    28:4:46:loads:[0,4):stores:
    23:8:48:loads:[0,8):stores:
    25:8:49:loads:[0,8):stores:
    38:8:50:loads:[0,8):stores:
    39:8:51:loads:[0,8):stores:
    22:4:52:loads:[0,4):stores:
    32:8:53:loads:[0,8):stores:
    34:4:54:loads:[0,4):stores:
    40:4:55:loads:[0,4):stores:
 TASK:6:row:12:12:743:897
  37:4000:45:loads:[4,8):stores:[4,8)
  28:4:46:loads:[0,4):stores:
  23:8:48:loads:[0,8):stores:
  25:8:49:loads:[0,8):stores:
  38:8:50:loads:[0,8):stores:
  39:8:51:loads:[0,8):stores:
  22:4:52:loads:[0,4):stores:
  32:8:53:loads:[0,8):stores:
  34:4:54:loads:[0,4):stores:
  40:4:55:loads:[0,4):stores:
  section:6:0:12:12:743:897
    37:4000:45:loads:[4,8):stores:[4,8)
    28:4:46:loads:[0,4):stores:
    23:8:48:loads:[0,8):stores:
    25:8:49:loads:[0,8):stores:
    38:8:50:loads:[0,8):stores:
    39:8:51:loads:[0,8):stores:
    22:4:52:loads:[0,4):stores:
    32:8:53:loads:[0,8):stores:
    34:4:54:loads:[0,4):stores:
    40:4:55:loads:[0,4):stores:
 TASK:7:row:14:14:906:1060
  37:4000:45:loads:[4,8):stores:[4,8)
  28:4:46:loads:[0,4):stores:
  23:8:48:loads:[0,8):stores:
  25:8:49:loads:[0,8):stores:
  38:8:50:loads:[0,8):stores:
  39:8:51:loads:[0,8):stores:
  22:4:52:loads:[0,4):stores:
  32:8:53:loads:[0,8):stores:
  34:4:54:loads:[0,4):stores:
  40:4:55:loads:[0,4):stores:
  section:7:0:14:14:906:1060
    37:4000:45:loads:[4,8):stores:[4,8)
    28:4:46:loads:[0,4):stores:
    23:8:48:loads:[0,8):stores:
    25:8:49:loads:[0,8):stores:
    38:8:50:loads:[0,8):stores:
    39:8:51:loads:[0,8):stores:
    22:4:52:loads:[0,4):stores:
    32:8:53:loads:[0,8):stores:
    34:4:54:loads:[0,4):stores:
    40:4:55:loads:[0,4):stores:
 TASK:8:row:16:16:1069:1169
  37:4000:45:loads:[0,4):stores:[0,4)
  28:4:46:loads:[0,4):stores:
  23:8:48:loads:[0,8):stores:
  25:8:49:loads:[0,8):stores:
  38:8:50:loads:[0,8):stores:
  39:8:51:loads:[0,8):stores:
  32:8:53:loads:[0,8):stores:
  34:4:54:loads:[0,4):stores:
  40:4:55:loads:[0,4):stores:
  section:8:0:16:16:1069:1169
    37:4000:45:loads:[0,4):stores:[0,4)
    28:4:46:loads:[0,4):stores:
    23:8:48:loads:[0,8):stores:
    25:8:49:loads:[0,8):stores:
    38:8:50:loads:[0,8):stores:
    39:8:51:loads:[0,8):stores:
    32:8:53:loads:[0,8):stores:
    34:4:54:loads:[0,4):stores:
    40:4:55:loads:[0,4):stores:
 TASK:9:row:18:18:1193:1293
  37:4000:45:loads:[0,4):stores:[0,4)
  28:4:46:loads:[0,4):stores:
  23:8:48:loads:[0,8):stores:
  25:8:49:loads:[0,8):stores:
  38:8:50:loads:[0,8):stores:
  39:8:51:loads:[0,8):stores:
  32:8:53:loads:[0,8):stores:
  34:4:54:loads:[0,4):stores:
  40:4:55:loads:[0,4):stores:
  section:9:0:18:18:1193:1293
    37:4000:45:loads:[0,4):stores:[0,4)
    28:4:46:loads:[0,4):stores:
    23:8:48:loads:[0,8):stores:
    25:8:49:loads:[0,8):stores:
    38:8:50:loads:[0,8):stores:
    39:8:51:loads:[0,8):stores:
    32:8:53:loads:[0,8):stores:
    34:4:54:loads:[0,4):stores:
    40:4:55:loads:[0,4):stores:
 TASK:10:row:20:20:1302:1456
  37:4000:45:loads:[4,8):stores:[4,8)
  28:4:46:loads:[0,4):stores:
  23:8:48:loads:[0,8):stores:
  25:8:49:loads:[0,8):stores:
  38:8:50:loads:[0,8):stores:
  39:8:51:loads:[0,8):stores:
  22:4:52:loads:[0,4):stores:
  32:8:53:loads:[0,8):stores:
  34:4:54:loads:[0,4):stores:
  40:4:55:loads:[0,4):stores:
  section:10:0:20:20:1302:1456
    37:4000:45:loads:[4,8):stores:[4,8)
    28:4:46:loads:[0,4):stores:
    23:8:48:loads:[0,8):stores:
    25:8:49:loads:[0,8):stores:
    38:8:50:loads:[0,8):stores:
    39:8:51:loads:[0,8):stores:
    22:4:52:loads:[0,4):stores:
    32:8:53:loads:[0,8):stores:
    34:4:54:loads:[0,4):stores:
    40:4:55:loads:[0,4):stores:
 TASK:11:row:22:22:1465:1673
  37:4000:45:loads:[8,12):stores:[8,12)
  28:4:46:loads:[0,4):stores:
  23:8:48:loads:[0,8):stores:
  25:8:49:loads:[0,8):stores:
  38:8:50:loads:[0,8):stores:
  39:8:51:loads:[0,8):stores:
  22:4:52:loads:[0,4):stores:
  32:8:53:loads:[0,8):stores:
  34:4:54:loads:[0,4):stores:
  40:4:55:loads:[0,4):stores:
  section:11:0:22:22:1465:1673
    37:4000:45:loads:[8,12):stores:[8,12)
    28:4:46:loads:[0,4):stores:
    23:8:48:loads:[0,8):stores:
    25:8:49:loads:[0,8):stores:
    38:8:50:loads:[0,8):stores:
    39:8:51:loads:[0,8):stores:
    22:4:52:loads:[0,4):stores:
    32:8:53:loads:[0,8):stores:
    34:4:54:loads:[0,4):stores:
    40:4:55:loads:[0,4):stores:
 TASK:12:row:24:24:1682:1944
  37:4000:45:loads:[12,16):stores:[12,16)
  28:4:46:loads:[0,4):stores:
  23:8:48:loads:[0,8):stores:
  25:8:49:loads:[0,8):stores:
  38:8:50:loads:[0,8):stores:
  39:8:51:loads:[0,8):stores:
  22:4:52:loads:[0,4):stores:
  32:8:53:loads:[0,8):stores:
  34:4:54:loads:[0,4):stores:
  40:4:55:loads:[0,4):stores:
  section:12:0:24:24:1682:1944
    37:4000:45:loads:[12,16):stores:[12,16)
    28:4:46:loads:[0,4):stores:
    23:8:48:loads:[0,8):stores:
    25:8:49:loads:[0,8):stores:
    38:8:50:loads:[0,8):stores:
    39:8:51:loads:[0,8):stores:
    22:4:52:loads:[0,4):stores:
    32:8:53:loads:[0,8):stores:
    34:4:54:loads:[0,4):stores:
    40:4:55:loads:[0,4):stores:
 TASK:13:row:26:26:1953:56003
  37:4000:45:loads:[3996,4000):stores:[3996,4000)
  28:4:46:loads:[0,4):stores:
  23:8:48:loads:[0,8):stores:
  25:8:49:loads:[0,8):stores:
  38:8:50:loads:[0,8):stores:
  39:8:51:loads:[0,8):stores:
  22:4:52:loads:[0,4):stores:
  32:8:53:loads:[0,8):stores:
  34:4:54:loads:[0,4):stores:
  40:4:55:loads:[0,4):stores:
  section:13:0:26:26:1953:56003
    37:4000:45:loads:[3996,4000):stores:[3996,4000)
    28:4:46:loads:[0,4):stores:
    23:8:48:loads:[0,8):stores:
    25:8:49:loads:[0,8):stores:
    38:8:50:loads:[0,8):stores:
    39:8:51:loads:[0,8):stores:
    22:4:52:loads:[0,4):stores:
    32:8:53:loads:[0,8):stores:
    34:4:54:loads:[0,4):stores:
    40:4:55:loads:[0,4):stores:
 TASK:14:row:28:28:56012:56166
  37:4000:45:loads:[4,8):stores:[4,8)
  28:4:46:loads:[0,4):stores:
  23:8:48:loads:[0,8):stores:
  25:8:49:loads:[0,8):stores:
  38:8:50:loads:[0,8):stores:
  39:8:51:loads:[0,8):stores:
  22:4:52:loads:[0,4):stores:
  32:8:53:loads:[0,8):stores:
  34:4:54:loads:[0,4):stores:
  40:4:55:loads:[0,4):stores:
  section:14:0:28:28:56012:56166
    37:4000:45:loads:[4,8):stores:[4,8)
    28:4:46:loads:[0,4):stores:
    23:8:48:loads:[0,8):stores:
    25:8:49:loads:[0,8):stores:
    38:8:50:loads:[0,8):stores:
    39:8:51:loads:[0,8):stores:
    22:4:52:loads:[0,4):stores:
    32:8:53:loads:[0,8):stores:
    34:4:54:loads:[0,4):stores:
    40:4:55:loads:[0,4):stores:
 TASK:15:row:30:30:56175:56329
  37:4000:45:loads:[4,8):stores:[4,8)
  28:4:46:loads:[0,4):stores:
  23:8:48:loads:[0,8):stores:
  25:8:49:loads:[0,8):stores:
  38:8:50:loads:[0,8):stores:
  39:8:51:loads:[0,8):stores:
  22:4:52:loads:[0,4):stores:
  32:8:53:loads:[0,8):stores:
  34:4:54:loads:[0,4):stores:
  40:4:55:loads:[0,4):stores:
  section:15:0:30:30:56175:56329
    37:4000:45:loads:[4,8):stores:[4,8)
    28:4:46:loads:[0,4):stores:
    23:8:48:loads:[0,8):stores:
    25:8:49:loads:[0,8):stores:
    38:8:50:loads:[0,8):stores:
    39:8:51:loads:[0,8):stores:
    22:4:52:loads:[0,4):stores:
    32:8:53:loads:[0,8):stores:
    34:4:54:loads:[0,4):stores:
    40:4:55:loads:[0,4):stores:
 TASK:16:row:32:32:56338:56492
  37:4000:45:loads:[4,8):stores:[4,8)
  28:4:46:loads:[0,4):stores:
  23:8:48:loads:[0,8):stores:
  25:8:49:loads:[0,8):stores:
  38:8:50:loads:[0,8):stores:
  39:8:51:loads:[0,8):stores:
  22:4:52:loads:[0,4):stores:
  32:8:53:loads:[0,8):stores:
  34:4:54:loads:[0,4):stores:
  40:4:55:loads:[0,4):stores:
  section:16:0:32:32:56338:56492
    37:4000:45:loads:[4,8):stores:[4,8)
    28:4:46:loads:[0,4):stores:
    23:8:48:loads:[0,8):stores:
    25:8:49:loads:[0,8):stores:
    38:8:50:loads:[0,8):stores:
    39:8:51:loads:[0,8):stores:
    22:4:52:loads:[0,4):stores:
    32:8:53:loads:[0,8):stores:
    34:4:54:loads:[0,4):stores:
    40:4:55:loads:[0,4):stores:
 TASK:17:row:34:34:56516:56616
  37:4000:45:loads:[0,4):stores:[0,4)
  28:4:46:loads:[0,4):stores:
  23:8:48:loads:[0,8):stores:
  25:8:49:loads:[0,8):stores:
  38:8:50:loads:[0,8):stores:
  39:8:51:loads:[0,8):stores:
  32:8:53:loads:[0,8):stores:
  34:4:54:loads:[0,4):stores:
  40:4:55:loads:[0,4):stores:
  section:17:0:34:34:56516:56616
    37:4000:45:loads:[0,4):stores:[0,4)
    28:4:46:loads:[0,4):stores:
    23:8:48:loads:[0,8):stores:
    25:8:49:loads:[0,8):stores:
    38:8:50:loads:[0,8):stores:
    39:8:51:loads:[0,8):stores:
    32:8:53:loads:[0,8):stores:
    34:4:54:loads:[0,4):stores:
    40:4:55:loads:[0,4):stores:
 TASK:18:row:36:36:56625:56833
  37:4000:45:loads:[8,12):stores:[8,12)
  28:4:46:loads:[0,4):stores:
  23:8:48:loads:[0,8):stores:
  25:8:49:loads:[0,8):stores:
  38:8:50:loads:[0,8):stores:
  39:8:51:loads:[0,8):stores:
  22:4:52:loads:[0,4):stores:
  32:8:53:loads:[0,8):stores:
  34:4:54:loads:[0,4):stores:
  40:4:55:loads:[0,4):stores:
  section:18:0:36:36:56625:56833
    37:4000:45:loads:[8,12):stores:[8,12)
    28:4:46:loads:[0,4):stores:
    23:8:48:loads:[0,8):stores:
    25:8:49:loads:[0,8):stores:
    38:8:50:loads:[0,8):stores:
    39:8:51:loads:[0,8):stores:
    22:4:52:loads:[0,4):stores:
    32:8:53:loads:[0,8):stores:
    34:4:54:loads:[0,4):stores:
    40:4:55:loads:[0,4):stores:
 TASK:19:row:38:38:56842:57158
  37:4000:45:loads:[16,20):stores:[16,20)
  28:4:46:loads:[0,4):stores:
  23:8:48:loads:[0,8):stores:
  25:8:49:loads:[0,8):stores:
  38:8:50:loads:[0,8):stores:
  39:8:51:loads:[0,8):stores:
  22:4:52:loads:[0,4):stores:
  32:8:53:loads:[0,8):stores:
  34:4:54:loads:[0,4):stores:
  40:4:55:loads:[0,4):stores:
  section:19:0:38:38:56842:57158
    37:4000:45:loads:[16,20):stores:[16,20)
    28:4:46:loads:[0,4):stores:
    23:8:48:loads:[0,8):stores:
    25:8:49:loads:[0,8):stores:
    38:8:50:loads:[0,8):stores:
    39:8:51:loads:[0,8):stores:
    22:4:52:loads:[0,4):stores:
    32:8:53:loads:[0,8):stores:
    34:4:54:loads:[0,4):stores:
    40:4:55:loads:[0,4):stores:
 TASK:20:row:40:40:57167:111217
  37:4000:45:loads:[3996,4000):stores:[3996,4000)
  28:4:46:loads:[0,4):stores:
  23:8:48:loads:[0,8):stores:
  25:8:49:loads:[0,8):stores:
  38:8:50:loads:[0,8):stores:
  39:8:51:loads:[0,8):stores:
  22:4:52:loads:[0,4):stores:
  32:8:53:loads:[0,8):stores:
  34:4:54:loads:[0,4):stores:
  40:4:55:loads:[0,4):stores:
  section:20:0:40:40:57167:111217
    37:4000:45:loads:[3996,4000):stores:[3996,4000)
    28:4:46:loads:[0,4):stores:
    23:8:48:loads:[0,8):stores:
    25:8:49:loads:[0,8):stores:
    38:8:50:loads:[0,8):stores:
    39:8:51:loads:[0,8):stores:
    22:4:52:loads:[0,4):stores:
    32:8:53:loads:[0,8):stores:
    34:4:54:loads:[0,4):stores:
    40:4:55:loads:[0,4):stores:
 TASK:21:row:42:42:111226:165276
  37:4000:45:loads:[3996,4000):stores:[3996,4000)
  28:4:46:loads:[0,4):stores:
  23:8:48:loads:[0,8):stores:
  25:8:49:loads:[0,8):stores:
  38:8:50:loads:[0,8):stores:
  39:8:51:loads:[0,8):stores:
  22:4:52:loads:[0,4):stores:
  32:8:53:loads:[0,8):stores:
  34:4:54:loads:[0,4):stores:
  40:4:55:loads:[0,4):stores:
  section:21:0:42:42:111226:165276
    37:4000:45:loads:[3996,4000):stores:[3996,4000)
    28:4:46:loads:[0,4):stores:
    23:8:48:loads:[0,8):stores:
    25:8:49:loads:[0,8):stores:
    38:8:50:loads:[0,8):stores:
    39:8:51:loads:[0,8):stores:
    22:4:52:loads:[0,4):stores:
    32:8:53:loads:[0,8):stores:
    34:4:54:loads:[0,4):stores:
    40:4:55:loads:[0,4):stores:
 TASK:22:row:44:44:165285:165601
  37:4000:45:loads:[16,20):stores:[16,20)
  28:4:46:loads:[0,4):stores:
  23:8:48:loads:[0,8):stores:
  25:8:49:loads:[0,8):stores:
  38:8:50:loads:[0,8):stores:
  39:8:51:loads:[0,8):stores:
  22:4:52:loads:[0,4):stores:
  32:8:53:loads:[0,8):stores:
  34:4:54:loads:[0,4):stores:
  40:4:55:loads:[0,4):stores:
  section:22:0:44:44:165285:165601
    37:4000:45:loads:[16,20):stores:[16,20)
    28:4:46:loads:[0,4):stores:
    23:8:48:loads:[0,8):stores:
    25:8:49:loads:[0,8):stores:
    38:8:50:loads:[0,8):stores:
    39:8:51:loads:[0,8):stores:
    22:4:52:loads:[0,4):stores:
    32:8:53:loads:[0,8):stores:
    34:4:54:loads:[0,4):stores:
    40:4:55:loads:[0,4):stores:
 TASK:23:row:46:46:165610:165764
  37:4000:45:loads:[4,8):stores:[4,8)
  28:4:46:loads:[0,4):stores:
  23:8:48:loads:[0,8):stores:
  25:8:49:loads:[0,8):stores:
  38:8:50:loads:[0,8):stores:
  39:8:51:loads:[0,8):stores:
  22:4:52:loads:[0,4):stores:
  32:8:53:loads:[0,8):stores:
  34:4:54:loads:[0,4):stores:
  40:4:55:loads:[0,4):stores:
  section:23:0:46:46:165610:165764
    37:4000:45:loads:[4,8):stores:[4,8)
    28:4:46:loads:[0,4):stores:
    23:8:48:loads:[0,8):stores:
    25:8:49:loads:[0,8):stores:
    38:8:50:loads:[0,8):stores:
    39:8:51:loads:[0,8):stores:
    22:4:52:loads:[0,4):stores:
    32:8:53:loads:[0,8):stores:
    34:4:54:loads:[0,4):stores:
    40:4:55:loads:[0,4):stores:
 TASK:24:row:48:48:165773:165927
  37:4000:45:loads:[4,8):stores:[4,8)
  28:4:46:loads:[0,4):stores:
  23:8:48:loads:[0,8):stores:
  25:8:49:loads:[0,8):stores:
  38:8:50:loads:[0,8):stores:
  39:8:51:loads:[0,8):stores:
  22:4:52:loads:[0,4):stores:
  32:8:53:loads:[0,8):stores:
  34:4:54:loads:[0,4):stores:
  40:4:55:loads:[0,4):stores:
  section:24:0:48:48:165773:165927
    37:4000:45:loads:[4,8):stores:[4,8)
    28:4:46:loads:[0,4):stores:
    23:8:48:loads:[0,8):stores:
    25:8:49:loads:[0,8):stores:
    38:8:50:loads:[0,8):stores:
    39:8:51:loads:[0,8):stores:
    22:4:52:loads:[0,4):stores:
    32:8:53:loads:[0,8):stores:
    34:4:54:loads:[0,4):stores:
    40:4:55:loads:[0,4):stores:
 TASK:25:row:50:50:165951:166051
  37:4000:45:loads:[0,4):stores:[0,4)
  28:4:46:loads:[0,4):stores:
  23:8:48:loads:[0,8):stores:
  25:8:49:loads:[0,8):stores:
  38:8:50:loads:[0,8):stores:
  39:8:51:loads:[0,8):stores:
  32:8:53:loads:[0,8):stores:
  34:4:54:loads:[0,4):stores:
  40:4:55:loads:[0,4):stores:
  section:25:0:50:50:165951:166051
    37:4000:45:loads:[0,4):stores:[0,4)
    28:4:46:loads:[0,4):stores:
    23:8:48:loads:[0,8):stores:
    25:8:49:loads:[0,8):stores:
    38:8:50:loads:[0,8):stores:
    39:8:51:loads:[0,8):stores:
    32:8:53:loads:[0,8):stores:
    34:4:54:loads:[0,4):stores:
    40:4:55:loads:[0,4):stores:
 TASK:26:row:52:52:166060:220110
  37:4000:45:loads:[3996,4000):stores:[3996,4000)
  28:4:46:loads:[0,4):stores:
  23:8:48:loads:[0,8):stores:
  25:8:49:loads:[0,8):stores:
  38:8:50:loads:[0,8):stores:
  39:8:51:loads:[0,8):stores:
  22:4:52:loads:[0,4):stores:
  32:8:53:loads:[0,8):stores:
  34:4:54:loads:[0,4):stores:
  40:4:55:loads:[0,4):stores:
  section:26:0:52:52:166060:220110
    37:4000:45:loads:[3996,4000):stores:[3996,4000)
    28:4:46:loads:[0,4):stores:
    23:8:48:loads:[0,8):stores:
    25:8:49:loads:[0,8):stores:
    38:8:50:loads:[0,8):stores:
    39:8:51:loads:[0,8):stores:
    22:4:52:loads:[0,4):stores:
    32:8:53:loads:[0,8):stores:
    34:4:54:loads:[0,4):stores:
    40:4:55:loads:[0,4):stores:
 TASK:27:row:54:54:220119:274169
  37:4000:45:loads:[3996,4000):stores:[3996,4000)
  28:4:46:loads:[0,4):stores:
  23:8:48:loads:[0,8):stores:
  25:8:49:loads:[0,8):stores:
  38:8:50:loads:[0,8):stores:
  39:8:51:loads:[0,8):stores:
  22:4:52:loads:[0,4):stores:
  32:8:53:loads:[0,8):stores:
  34:4:54:loads:[0,4):stores:
  40:4:55:loads:[0,4):stores:
  section:27:0:54:54:220119:274169
    37:4000:45:loads:[3996,4000):stores:[3996,4000)
    28:4:46:loads:[0,4):stores:
    23:8:48:loads:[0,8):stores:
    25:8:49:loads:[0,8):stores:
    38:8:50:loads:[0,8):stores:
    39:8:51:loads:[0,8):stores:
    22:4:52:loads:[0,4):stores:
    32:8:53:loads:[0,8):stores:
    34:4:54:loads:[0,4):stores:
    40:4:55:loads:[0,4):stores:
 TASK:28:row:56:56:274178:328228
  37:4000:45:loads:[3996,4000):stores:[3996,4000)
  28:4:46:loads:[0,4):stores:
  23:8:48:loads:[0,8):stores:
  25:8:49:loads:[0,8):stores:
  38:8:50:loads:[0,8):stores:
  39:8:51:loads:[0,8):stores:
  22:4:52:loads:[0,4):stores:
  32:8:53:loads:[0,8):stores:
  34:4:54:loads:[0,4):stores:
  40:4:55:loads:[0,4):stores:
  section:28:0:56:56:274178:328228
    37:4000:45:loads:[3996,4000):stores:[3996,4000)
    28:4:46:loads:[0,4):stores:
    23:8:48:loads:[0,8):stores:
    25:8:49:loads:[0,8):stores:
    38:8:50:loads:[0,8):stores:
    39:8:51:loads:[0,8):stores:
    22:4:52:loads:[0,4):stores:
    32:8:53:loads:[0,8):stores:
    34:4:54:loads:[0,4):stores:
    40:4:55:loads:[0,4):stores:
 TASK:29:row:58:58:328237:382287
  37:4000:45:loads:[3996,4000):stores:[3996,4000)
  28:4:46:loads:[0,4):stores:
  23:8:48:loads:[0,8):stores:
  25:8:49:loads:[0,8):stores:
  38:8:50:loads:[0,8):stores:
  39:8:51:loads:[0,8):stores:
  22:4:52:loads:[0,4):stores:
  32:8:53:loads:[0,8):stores:
  34:4:54:loads:[0,4):stores:
  40:4:55:loads:[0,4):stores:
  section:29:0:58:58:328237:382287
    37:4000:45:loads:[3996,4000):stores:[3996,4000)
    28:4:46:loads:[0,4):stores:
    23:8:48:loads:[0,8):stores:
    25:8:49:loads:[0,8):stores:
    38:8:50:loads:[0,8):stores:
    39:8:51:loads:[0,8):stores:
    22:4:52:loads:[0,4):stores:
    32:8:53:loads:[0,8):stores:
    34:4:54:loads:[0,4):stores:
    40:4:55:loads:[0,4):stores:
 TASK:30:row:60:60:382296:382612
  37:4000:45:loads:[16,20):stores:[16,20)
  28:4:46:loads:[0,4):stores:
  23:8:48:loads:[0,8):stores:
  25:8:49:loads:[0,8):stores:
  38:8:50:loads:[0,8):stores:
  39:8:51:loads:[0,8):stores:
  22:4:52:loads:[0,4):stores:
  32:8:53:loads:[0,8):stores:
  34:4:54:loads:[0,4):stores:
  40:4:55:loads:[0,4):stores:
  section:30:0:60:60:382296:382612
    37:4000:45:loads:[16,20):stores:[16,20)
    28:4:46:loads:[0,4):stores:
    23:8:48:loads:[0,8):stores:
    25:8:49:loads:[0,8):stores:
    38:8:50:loads:[0,8):stores:
    39:8:51:loads:[0,8):stores:
    22:4:52:loads:[0,4):stores:
    32:8:53:loads:[0,8):stores:
    34:4:54:loads:[0,4):stores:
    40:4:55:loads:[0,4):stores:
 TASK:31:row:62:62:382621:382775
  37:4000:45:loads:[4,8):stores:[4,8)
  28:4:46:loads:[0,4):stores:
  23:8:48:loads:[0,8):stores:
  25:8:49:loads:[0,8):stores:
  38:8:50:loads:[0,8):stores:
  39:8:51:loads:[0,8):stores:
  22:4:52:loads:[0,4):stores:
  32:8:53:loads:[0,8):stores:
  34:4:54:loads:[0,4):stores:
  40:4:55:loads:[0,4):stores:
  section:31:0:62:62:382621:382775
    37:4000:45:loads:[4,8):stores:[4,8)
    28:4:46:loads:[0,4):stores:
    23:8:48:loads:[0,8):stores:
    25:8:49:loads:[0,8):stores:
    38:8:50:loads:[0,8):stores:
    39:8:51:loads:[0,8):stores:
    22:4:52:loads:[0,4):stores:
    32:8:53:loads:[0,8):stores:
    34:4:54:loads:[0,4):stores:
    40:4:55:loads:[0,4):stores:
 TASK:32:row:64:64:382784:382938
  37:4000:45:loads:[4,8):stores:[4,8)
  28:4:46:loads:[0,4):stores:
  23:8:48:loads:[0,8):stores:
  25:8:49:loads:[0,8):stores:
  38:8:50:loads:[0,8):stores:
  39:8:51:loads:[0,8):stores:
  22:4:52:loads:[0,4):stores:
  32:8:53:loads:[0,8):stores:
  34:4:54:loads:[0,4):stores:
  40:4:55:loads:[0,4):stores:
  section:32:0:64:64:382784:382938
    37:4000:45:loads:[4,8):stores:[4,8)
    28:4:46:loads:[0,4):stores:
    23:8:48:loads:[0,8):stores:
    25:8:49:loads:[0,8):stores:
    38:8:50:loads:[0,8):stores:
    39:8:51:loads:[0,8):stores:
    22:4:52:loads:[0,4):stores:
    32:8:53:loads:[0,8):stores:
    34:4:54:loads:[0,4):stores:
    40:4:55:loads:[0,4):stores:
 TASK:33:row:66:66:382962:383062
  37:4000:45:loads:[0,4):stores:[0,4)
  28:4:46:loads:[0,4):stores:
  23:8:48:loads:[0,8):stores:
  25:8:49:loads:[0,8):stores:
  38:8:50:loads:[0,8):stores:
  39:8:51:loads:[0,8):stores:
  32:8:53:loads:[0,8):stores:
  34:4:54:loads:[0,4):stores:
  40:4:55:loads:[0,4):stores:
  section:33:0:66:66:382962:383062
    37:4000:45:loads:[0,4):stores:[0,4)
    28:4:46:loads:[0,4):stores:
    23:8:48:loads:[0,8):stores:
    25:8:49:loads:[0,8):stores:
    38:8:50:loads:[0,8):stores:
    39:8:51:loads:[0,8):stores:
    32:8:53:loads:[0,8):stores:
    34:4:54:loads:[0,4):stores:
    40:4:55:loads:[0,4):stores:
 TASK:34:row:68:68:383071:383279
  37:4000:45:loads:[8,12):stores:[8,12)
  28:4:46:loads:[0,4):stores:
  23:8:48:loads:[0,8):stores:
  25:8:49:loads:[0,8):stores:
  38:8:50:loads:[0,8):stores:
  39:8:51:loads:[0,8):stores:
  22:4:52:loads:[0,4):stores:
  32:8:53:loads:[0,8):stores:
  34:4:54:loads:[0,4):stores:
  40:4:55:loads:[0,4):stores:
  section:34:0:68:68:383071:383279
    37:4000:45:loads:[8,12):stores:[8,12)
    28:4:46:loads:[0,4):stores:
    23:8:48:loads:[0,8):stores:
    25:8:49:loads:[0,8):stores:
    38:8:50:loads:[0,8):stores:
    39:8:51:loads:[0,8):stores:
    22:4:52:loads:[0,4):stores:
    32:8:53:loads:[0,8):stores:
    34:4:54:loads:[0,4):stores:
    40:4:55:loads:[0,4):stores:
 TASK:35:row:70:70:383288:383604
  37:4000:45:loads:[16,20):stores:[16,20)
  28:4:46:loads:[0,4):stores:
  23:8:48:loads:[0,8):stores:
  25:8:49:loads:[0,8):stores:
  38:8:50:loads:[0,8):stores:
  39:8:51:loads:[0,8):stores:
  22:4:52:loads:[0,4):stores:
  32:8:53:loads:[0,8):stores:
  34:4:54:loads:[0,4):stores:
  40:4:55:loads:[0,4):stores:
  section:35:0:70:70:383288:383604
    37:4000:45:loads:[16,20):stores:[16,20)
    28:4:46:loads:[0,4):stores:
    23:8:48:loads:[0,8):stores:
    25:8:49:loads:[0,8):stores:
    38:8:50:loads:[0,8):stores:
    39:8:51:loads:[0,8):stores:
    22:4:52:loads:[0,4):stores:
    32:8:53:loads:[0,8):stores:
    34:4:54:loads:[0,4):stores:
    40:4:55:loads:[0,4):stores:
 TASK:36:row:72:72:383613:437663
  37:4000:45:loads:[3996,4000):stores:[3996,4000)
  28:4:46:loads:[0,4):stores:
  23:8:48:loads:[0,8):stores:
  25:8:49:loads:[0,8):stores:
  38:8:50:loads:[0,8):stores:
  39:8:51:loads:[0,8):stores:
  22:4:52:loads:[0,4):stores:
  32:8:53:loads:[0,8):stores:
  34:4:54:loads:[0,4):stores:
  40:4:55:loads:[0,4):stores:
  section:36:0:72:72:383613:437663
    37:4000:45:loads:[3996,4000):stores:[3996,4000)
    28:4:46:loads:[0,4):stores:
    23:8:48:loads:[0,8):stores:
    25:8:49:loads:[0,8):stores:
    38:8:50:loads:[0,8):stores:
    39:8:51:loads:[0,8):stores:
    22:4:52:loads:[0,4):stores:
    32:8:53:loads:[0,8):stores:
    34:4:54:loads:[0,4):stores:
    40:4:55:loads:[0,4):stores:
 TASK:37:row:74:74:437672:491722
  37:4000:45:loads:[3996,4000):stores:[3996,4000)
  28:4:46:loads:[0,4):stores:
  23:8:48:loads:[0,8):stores:
  25:8:49:loads:[0,8):stores:
  38:8:50:loads:[0,8):stores:
  39:8:51:loads:[0,8):stores:
  22:4:52:loads:[0,4):stores:
  32:8:53:loads:[0,8):stores:
  34:4:54:loads:[0,4):stores:
  40:4:55:loads:[0,4):stores:
  section:37:0:74:74:437672:491722
    37:4000:45:loads:[3996,4000):stores:[3996,4000)
    28:4:46:loads:[0,4):stores:
    23:8:48:loads:[0,8):stores:
    25:8:49:loads:[0,8):stores:
    38:8:50:loads:[0,8):stores:
    39:8:51:loads:[0,8):stores:
    22:4:52:loads:[0,4):stores:
    32:8:53:loads:[0,8):stores:
    34:4:54:loads:[0,4):stores:
    40:4:55:loads:[0,4):stores:
 TASK:38:row:76:76:491731:492047
  37:4000:45:loads:[16,20):stores:[16,20)
  28:4:46:loads:[0,4):stores:
  23:8:48:loads:[0,8):stores:
  25:8:49:loads:[0,8):stores:
  38:8:50:loads:[0,8):stores:
  39:8:51:loads:[0,8):stores:
  22:4:52:loads:[0,4):stores:
  32:8:53:loads:[0,8):stores:
  34:4:54:loads:[0,4):stores:
  40:4:55:loads:[0,4):stores:
  section:38:0:76:76:491731:492047
    37:4000:45:loads:[16,20):stores:[16,20)
    28:4:46:loads:[0,4):stores:
    23:8:48:loads:[0,8):stores:
    25:8:49:loads:[0,8):stores:
    38:8:50:loads:[0,8):stores:
    39:8:51:loads:[0,8):stores:
    22:4:52:loads:[0,4):stores:
    32:8:53:loads:[0,8):stores:
    34:4:54:loads:[0,4):stores:
    40:4:55:loads:[0,4):stores:
 TASK:39:row:78:78:492056:492210
  37:4000:45:loads:[4,8):stores:[4,8)
  28:4:46:loads:[0,4):stores:
  23:8:48:loads:[0,8):stores:
  25:8:49:loads:[0,8):stores:
  38:8:50:loads:[0,8):stores:
  39:8:51:loads:[0,8):stores:
  22:4:52:loads:[0,4):stores:
  32:8:53:loads:[0,8):stores:
  34:4:54:loads:[0,4):stores:
  40:4:55:loads:[0,4):stores:
  section:39:0:78:78:492056:492210
    37:4000:45:loads:[4,8):stores:[4,8)
    28:4:46:loads:[0,4):stores:
    23:8:48:loads:[0,8):stores:
    25:8:49:loads:[0,8):stores:
    38:8:50:loads:[0,8):stores:
    39:8:51:loads:[0,8):stores:
    22:4:52:loads:[0,4):stores:
    32:8:53:loads:[0,8):stores:
    34:4:54:loads:[0,4):stores:
    40:4:55:loads:[0,4):stores:
 TASK:40:row:80:80:492219:492373
  37:4000:45:loads:[4,8):stores:[4,8)
  28:4:46:loads:[0,4):stores:
  23:8:48:loads:[0,8):stores:
  25:8:49:loads:[0,8):stores:
  38:8:50:loads:[0,8):stores:
  39:8:51:loads:[0,8):stores:
  22:4:52:loads:[0,4):stores:
  32:8:53:loads:[0,8):stores:
  34:4:54:loads:[0,4):stores:
  40:4:55:loads:[0,4):stores:
  section:40:0:80:80:492219:492373
    37:4000:45:loads:[4,8):stores:[4,8)
    28:4:46:loads:[0,4):stores:
    23:8:48:loads:[0,8):stores:
    25:8:49:loads:[0,8):stores:
    38:8:50:loads:[0,8):stores:
    39:8:51:loads:[0,8):stores:
    22:4:52:loads:[0,4):stores:
    32:8:53:loads:[0,8):stores:
    34:4:54:loads:[0,4):stores:
    40:4:55:loads:[0,4):stores:
 TASK:41:row:82:82:492397:492497
  37:4000:45:loads:[0,4):stores:[0,4)
  28:4:46:loads:[0,4):stores:
  23:8:48:loads:[0,8):stores:
  25:8:49:loads:[0,8):stores:
  38:8:50:loads:[0,8):stores:
  39:8:51:loads:[0,8):stores:
  32:8:53:loads:[0,8):stores:
  34:4:54:loads:[0,4):stores:
  40:4:55:loads:[0,4):stores:
  section:41:0:82:82:492397:492497
    37:4000:45:loads:[0,4):stores:[0,4)
    28:4:46:loads:[0,4):stores:
    23:8:48:loads:[0,8):stores:
    25:8:49:loads:[0,8):stores:
    38:8:50:loads:[0,8):stores:
    39:8:51:loads:[0,8):stores:
    32:8:53:loads:[0,8):stores:
    34:4:54:loads:[0,4):stores:
    40:4:55:loads:[0,4):stores:
 TASK:42:row:84:84:492506:492660
  37:4000:45:loads:[4,8):stores:[4,8)
  28:4:46:loads:[0,4):stores:
  23:8:48:loads:[0,8):stores:
  25:8:49:loads:[0,8):stores:
  38:8:50:loads:[0,8):stores:
  39:8:51:loads:[0,8):stores:
  22:4:52:loads:[0,4):stores:
  32:8:53:loads:[0,8):stores:
  34:4:54:loads:[0,4):stores:
  40:4:55:loads:[0,4):stores:
  section:42:0:84:84:492506:492660
    37:4000:45:loads:[4,8):stores:[4,8)
    28:4:46:loads:[0,4):stores:
    23:8:48:loads:[0,8):stores:
    25:8:49:loads:[0,8):stores:
    38:8:50:loads:[0,8):stores:
    39:8:51:loads:[0,8):stores:
    22:4:52:loads:[0,4):stores:
    32:8:53:loads:[0,8):stores:
    34:4:54:loads:[0,4):stores:
    40:4:55:loads:[0,4):stores:
 TASK:43:row:86:86:492669:492877
  37:4000:45:loads:[8,12):stores:[8,12)
  28:4:46:loads:[0,4):stores:
  23:8:48:loads:[0,8):stores:
  25:8:49:loads:[0,8):stores:
  38:8:50:loads:[0,8):stores:
  39:8:51:loads:[0,8):stores:
  22:4:52:loads:[0,4):stores:
  32:8:53:loads:[0,8):stores:
  34:4:54:loads:[0,4):stores:
  40:4:55:loads:[0,4):stores:
  section:43:0:86:86:492669:492877
    37:4000:45:loads:[8,12):stores:[8,12)
    28:4:46:loads:[0,4):stores:
    23:8:48:loads:[0,8):stores:
    25:8:49:loads:[0,8):stores:
    38:8:50:loads:[0,8):stores:
    39:8:51:loads:[0,8):stores:
    22:4:52:loads:[0,4):stores:
    32:8:53:loads:[0,8):stores:
    34:4:54:loads:[0,4):stores:
    40:4:55:loads:[0,4):stores:
 TASK:44:row:88:88:492886:493148
  37:4000:45:loads:[12,16):stores:[12,16)
  28:4:46:loads:[0,4):stores:
  23:8:48:loads:[0,8):stores:
  25:8:49:loads:[0,8):stores:
  38:8:50:loads:[0,8):stores:
  39:8:51:loads:[0,8):stores:
  22:4:52:loads:[0,4):stores:
  32:8:53:loads:[0,8):stores:
  34:4:54:loads:[0,4):stores:
  40:4:55:loads:[0,4):stores:
  section:44:0:88:88:492886:493148
    37:4000:45:loads:[12,16):stores:[12,16)
    28:4:46:loads:[0,4):stores:
    23:8:48:loads:[0,8):stores:
    25:8:49:loads:[0,8):stores:
    38:8:50:loads:[0,8):stores:
    39:8:51:loads:[0,8):stores:
    22:4:52:loads:[0,4):stores:
    32:8:53:loads:[0,8):stores:
    34:4:54:loads:[0,4):stores:
    40:4:55:loads:[0,4):stores:
 TASK:45:row:90:90:493157:547207
  37:4000:45:loads:[3996,4000):stores:[3996,4000)
  28:4:46:loads:[0,4):stores:
  23:8:48:loads:[0,8):stores:
  25:8:49:loads:[0,8):stores:
  38:8:50:loads:[0,8):stores:
  39:8:51:loads:[0,8):stores:
  22:4:52:loads:[0,4):stores:
  32:8:53:loads:[0,8):stores:
  34:4:54:loads:[0,4):stores:
  40:4:55:loads:[0,4):stores:
  section:45:0:90:90:493157:547207
    37:4000:45:loads:[3996,4000):stores:[3996,4000)
    28:4:46:loads:[0,4):stores:
    23:8:48:loads:[0,8):stores:
    25:8:49:loads:[0,8):stores:
    38:8:50:loads:[0,8):stores:
    39:8:51:loads:[0,8):stores:
    22:4:52:loads:[0,4):stores:
    32:8:53:loads:[0,8):stores:
    34:4:54:loads:[0,4):stores:
    40:4:55:loads:[0,4):stores:
 TASK:46:row:92:92:547216:547370
  37:4000:45:loads:[4,8):stores:[4,8)
  28:4:46:loads:[0,4):stores:
  23:8:48:loads:[0,8):stores:
  25:8:49:loads:[0,8):stores:
  38:8:50:loads:[0,8):stores:
  39:8:51:loads:[0,8):stores:
  22:4:52:loads:[0,4):stores:
  32:8:53:loads:[0,8):stores:
  34:4:54:loads:[0,4):stores:
  40:4:55:loads:[0,4):stores:
  section:46:0:92:92:547216:547370
    37:4000:45:loads:[4,8):stores:[4,8)
    28:4:46:loads:[0,4):stores:
    23:8:48:loads:[0,8):stores:
    25:8:49:loads:[0,8):stores:
    38:8:50:loads:[0,8):stores:
    39:8:51:loads:[0,8):stores:
    22:4:52:loads:[0,4):stores:
    32:8:53:loads:[0,8):stores:
    34:4:54:loads:[0,4):stores:
    40:4:55:loads:[0,4):stores:
 TASK:47:row:94:94:547379:547533
  37:4000:45:loads:[4,8):stores:[4,8)
  28:4:46:loads:[0,4):stores:
  23:8:48:loads:[0,8):stores:
  25:8:49:loads:[0,8):stores:
  38:8:50:loads:[0,8):stores:
  39:8:51:loads:[0,8):stores:
  22:4:52:loads:[0,4):stores:
  32:8:53:loads:[0,8):stores:
  34:4:54:loads:[0,4):stores:
  40:4:55:loads:[0,4):stores:
  section:47:0:94:94:547379:547533
    37:4000:45:loads:[4,8):stores:[4,8)
    28:4:46:loads:[0,4):stores:
    23:8:48:loads:[0,8):stores:
    25:8:49:loads:[0,8):stores:
    38:8:50:loads:[0,8):stores:
    39:8:51:loads:[0,8):stores:
    22:4:52:loads:[0,4):stores:
    32:8:53:loads:[0,8):stores:
    34:4:54:loads:[0,4):stores:
    40:4:55:loads:[0,4):stores:
 TASK:48:row:96:96:547542:547696
  37:4000:45:loads:[4,8):stores:[4,8)
  28:4:46:loads:[0,4):stores:
  23:8:48:loads:[0,8):stores:
  25:8:49:loads:[0,8):stores:
  38:8:50:loads:[0,8):stores:
  39:8:51:loads:[0,8):stores:
  22:4:52:loads:[0,4):stores:
  32:8:53:loads:[0,8):stores:
  34:4:54:loads:[0,4):stores:
  40:4:55:loads:[0,4):stores:
  section:48:0:96:96:547542:547696
    37:4000:45:loads:[4,8):stores:[4,8)
    28:4:46:loads:[0,4):stores:
    23:8:48:loads:[0,8):stores:
    25:8:49:loads:[0,8):stores:
    38:8:50:loads:[0,8):stores:
    39:8:51:loads:[0,8):stores:
    22:4:52:loads:[0,4):stores:
    32:8:53:loads:[0,8):stores:
    34:4:54:loads:[0,4):stores:
    40:4:55:loads:[0,4):stores:
 TASK:49:row:98:98:547720:547820
  37:4000:45:loads:[0,4):stores:[0,4)
  28:4:46:loads:[0,4):stores:
  23:8:48:loads:[0,8):stores:
  25:8:49:loads:[0,8):stores:
  38:8:50:loads:[0,8):stores:
  39:8:51:loads:[0,8):stores:
  32:8:53:loads:[0,8):stores:
  34:4:54:loads:[0,4):stores:
  40:4:55:loads:[0,4):stores:
  section:49:0:98:98:547720:547820
    37:4000:45:loads:[0,4):stores:[0,4)
    28:4:46:loads:[0,4):stores:
    23:8:48:loads:[0,8):stores:
    25:8:49:loads:[0,8):stores:
    38:8:50:loads:[0,8):stores:
    39:8:51:loads:[0,8):stores:
    32:8:53:loads:[0,8):stores:
    34:4:54:loads:[0,4):stores:
    40:4:55:loads:[0,4):stores:
 TASK:50:row:100:100:547829:547929
  37:4000:45:loads:[0,4):stores:[0,4)
  28:4:46:loads:[0,4):stores:
  23:8:48:loads:[0,8):stores:
  25:8:49:loads:[0,8):stores:
  38:8:50:loads:[0,8):stores:
  39:8:51:loads:[0,8):stores:
  32:8:53:loads:[0,8):stores:
  34:4:54:loads:[0,4):stores:
  40:4:55:loads:[0,4):stores:
  section:50:0:100:100:547829:547929
    37:4000:45:loads:[0,4):stores:[0,4)
    28:4:46:loads:[0,4):stores:
    23:8:48:loads:[0,8):stores:
    25:8:49:loads:[0,8):stores:
    38:8:50:loads:[0,8):stores:
    39:8:51:loads:[0,8):stores:
    32:8:53:loads:[0,8):stores:
    34:4:54:loads:[0,4):stores:
    40:4:55:loads:[0,4):stores:
 TASK:51:row:102:102:547938:548092
  37:4000:45:loads:[4,8):stores:[4,8)
  28:4:46:loads:[0,4):stores:
  23:8:48:loads:[0,8):stores:
  25:8:49:loads:[0,8):stores:
  38:8:50:loads:[0,8):stores:
  39:8:51:loads:[0,8):stores:
  22:4:52:loads:[0,4):stores:
  32:8:53:loads:[0,8):stores:
  34:4:54:loads:[0,4):stores:
  40:4:55:loads:[0,4):stores:
  section:51:0:102:102:547938:548092
    37:4000:45:loads:[4,8):stores:[4,8)
    28:4:46:loads:[0,4):stores:
    23:8:48:loads:[0,8):stores:
    25:8:49:loads:[0,8):stores:
    38:8:50:loads:[0,8):stores:
    39:8:51:loads:[0,8):stores:
    22:4:52:loads:[0,4):stores:
    32:8:53:loads:[0,8):stores:
    34:4:54:loads:[0,4):stores:
    40:4:55:loads:[0,4):stores:
 TASK:52:row:104:104:548101:548255
  37:4000:45:loads:[4,8):stores:[4,8)
  28:4:46:loads:[0,4):stores:
  23:8:48:loads:[0,8):stores:
  25:8:49:loads:[0,8):stores:
  38:8:50:loads:[0,8):stores:
  39:8:51:loads:[0,8):stores:
  22:4:52:loads:[0,4):stores:
  32:8:53:loads:[0,8):stores:
  34:4:54:loads:[0,4):stores:
  40:4:55:loads:[0,4):stores:
  section:52:0:104:104:548101:548255
    37:4000:45:loads:[4,8):stores:[4,8)
    28:4:46:loads:[0,4):stores:
    23:8:48:loads:[0,8):stores:
    25:8:49:loads:[0,8):stores:
    38:8:50:loads:[0,8):stores:
    39:8:51:loads:[0,8):stores:
    22:4:52:loads:[0,4):stores:
    32:8:53:loads:[0,8):stores:
    34:4:54:loads:[0,4):stores:
    40:4:55:loads:[0,4):stores:
 TASK:53:row:106:106:548264:548418
  37:4000:45:loads:[4,8):stores:[4,8)
  28:4:46:loads:[0,4):stores:
  23:8:48:loads:[0,8):stores:
  25:8:49:loads:[0,8):stores:
  38:8:50:loads:[0,8):stores:
  39:8:51:loads:[0,8):stores:
  22:4:52:loads:[0,4):stores:
  32:8:53:loads:[0,8):stores:
  34:4:54:loads:[0,4):stores:
  40:4:55:loads:[0,4):stores:
  section:53:0:106:106:548264:548418
    37:4000:45:loads:[4,8):stores:[4,8)
    28:4:46:loads:[0,4):stores:
    23:8:48:loads:[0,8):stores:
    25:8:49:loads:[0,8):stores:
    38:8:50:loads:[0,8):stores:
    39:8:51:loads:[0,8):stores:
    22:4:52:loads:[0,4):stores:
    32:8:53:loads:[0,8):stores:
    34:4:54:loads:[0,4):stores:
    40:4:55:loads:[0,4):stores:
 TASK:54:row:108:108:548427:548581
  37:4000:45:loads:[4,8):stores:[4,8)
  28:4:46:loads:[0,4):stores:
  23:8:48:loads:[0,8):stores:
  25:8:49:loads:[0,8):stores:
  38:8:50:loads:[0,8):stores:
  39:8:51:loads:[0,8):stores:
  22:4:52:loads:[0,4):stores:
  32:8:53:loads:[0,8):stores:
  34:4:54:loads:[0,4):stores:
  40:4:55:loads:[0,4):stores:
  section:54:0:108:108:548427:548581
    37:4000:45:loads:[4,8):stores:[4,8)
    28:4:46:loads:[0,4):stores:
    23:8:48:loads:[0,8):stores:
    25:8:49:loads:[0,8):stores:
    38:8:50:loads:[0,8):stores:
    39:8:51:loads:[0,8):stores:
    22:4:52:loads:[0,4):stores:
    32:8:53:loads:[0,8):stores:
    34:4:54:loads:[0,4):stores:
    40:4:55:loads:[0,4):stores:
 TASK:55:row:110:110:548590:548744
  37:4000:45:loads:[4,8):stores:[4,8)
  28:4:46:loads:[0,4):stores:
  23:8:48:loads:[0,8):stores:
  25:8:49:loads:[0,8):stores:
  38:8:50:loads:[0,8):stores:
  39:8:51:loads:[0,8):stores:
  22:4:52:loads:[0,4):stores:
  32:8:53:loads:[0,8):stores:
  34:4:54:loads:[0,4):stores:
  40:4:55:loads:[0,4):stores:
  section:55:0:110:110:548590:548744
    37:4000:45:loads:[4,8):stores:[4,8)
    28:4:46:loads:[0,4):stores:
    23:8:48:loads:[0,8):stores:
    25:8:49:loads:[0,8):stores:
    38:8:50:loads:[0,8):stores:
    39:8:51:loads:[0,8):stores:
    22:4:52:loads:[0,4):stores:
    32:8:53:loads:[0,8):stores:
    34:4:54:loads:[0,4):stores:
    40:4:55:loads:[0,4):stores:
 TASK:56:row:112:112:548753:548853
  37:4000:45:loads:[0,4):stores:[0,4)
  28:4:46:loads:[0,4):stores:
  23:8:48:loads:[0,8):stores:
  25:8:49:loads:[0,8):stores:
  38:8:50:loads:[0,8):stores:
  39:8:51:loads:[0,8):stores:
  32:8:53:loads:[0,8):stores:
  34:4:54:loads:[0,4):stores:
  40:4:55:loads:[0,4):stores:
  section:56:0:112:112:548753:548853
    37:4000:45:loads:[0,4):stores:[0,4)
    28:4:46:loads:[0,4):stores:
    23:8:48:loads:[0,8):stores:
    25:8:49:loads:[0,8):stores:
    38:8:50:loads:[0,8):stores:
    39:8:51:loads:[0,8):stores:
    32:8:53:loads:[0,8):stores:
    34:4:54:loads:[0,4):stores:
    40:4:55:loads:[0,4):stores:
 TASK:57:row:114:114:548877:548977
  37:4000:45:loads:[0,4):stores:[0,4)
  28:4:46:loads:[0,4):stores:
  23:8:48:loads:[0,8):stores:
  25:8:49:loads:[0,8):stores:
  38:8:50:loads:[0,8):stores:
  39:8:51:loads:[0,8):stores:
  32:8:53:loads:[0,8):stores:
  34:4:54:loads:[0,4):stores:
  40:4:55:loads:[0,4):stores:
  section:57:0:114:114:548877:548977
    37:4000:45:loads:[0,4):stores:[0,4)
    28:4:46:loads:[0,4):stores:
    23:8:48:loads:[0,8):stores:
    25:8:49:loads:[0,8):stores:
    38:8:50:loads:[0,8):stores:
    39:8:51:loads:[0,8):stores:
    32:8:53:loads:[0,8):stores:
    34:4:54:loads:[0,4):stores:
    40:4:55:loads:[0,4):stores:
 TASK:58:row:116:116:548986:549086
  37:4000:45:loads:[0,4):stores:[0,4)
  28:4:46:loads:[0,4):stores:
  23:8:48:loads:[0,8):stores:
  25:8:49:loads:[0,8):stores:
  38:8:50:loads:[0,8):stores:
  39:8:51:loads:[0,8):stores:
  32:8:53:loads:[0,8):stores:
  34:4:54:loads:[0,4):stores:
  40:4:55:loads:[0,4):stores:
  section:58:0:116:116:548986:549086
    37:4000:45:loads:[0,4):stores:[0,4)
    28:4:46:loads:[0,4):stores:
    23:8:48:loads:[0,8):stores:
    25:8:49:loads:[0,8):stores:
    38:8:50:loads:[0,8):stores:
    39:8:51:loads:[0,8):stores:
    32:8:53:loads:[0,8):stores:
    34:4:54:loads:[0,4):stores:
    40:4:55:loads:[0,4):stores:
 TASK:59:row:118:118:549095:549195
  37:4000:45:loads:[0,4):stores:[0,4)
  28:4:46:loads:[0,4):stores:
  23:8:48:loads:[0,8):stores:
  25:8:49:loads:[0,8):stores:
  38:8:50:loads:[0,8):stores:
  39:8:51:loads:[0,8):stores:
  32:8:53:loads:[0,8):stores:
  34:4:54:loads:[0,4):stores:
  40:4:55:loads:[0,4):stores:
  section:59:0:118:118:549095:549195
    37:4000:45:loads:[0,4):stores:[0,4)
    28:4:46:loads:[0,4):stores:
    23:8:48:loads:[0,8):stores:
    25:8:49:loads:[0,8):stores:
    38:8:50:loads:[0,8):stores:
    39:8:51:loads:[0,8):stores:
    32:8:53:loads:[0,8):stores:
    34:4:54:loads:[0,4):stores:
    40:4:55:loads:[0,4):stores:
 TASK:60:row:120:120:549204:549304
  37:4000:45:loads:[0,4):stores:[0,4)
  28:4:46:loads:[0,4):stores:
  23:8:48:loads:[0,8):stores:
  25:8:49:loads:[0,8):stores:
  38:8:50:loads:[0,8):stores:
  39:8:51:loads:[0,8):stores:
  32:8:53:loads:[0,8):stores:
  34:4:54:loads:[0,4):stores:
  40:4:55:loads:[0,4):stores:
  section:60:0:120:120:549204:549304
    37:4000:45:loads:[0,4):stores:[0,4)
    28:4:46:loads:[0,4):stores:
    23:8:48:loads:[0,8):stores:
    25:8:49:loads:[0,8):stores:
    38:8:50:loads:[0,8):stores:
    39:8:51:loads:[0,8):stores:
    32:8:53:loads:[0,8):stores:
    34:4:54:loads:[0,4):stores:
    40:4:55:loads:[0,4):stores:
 TASK:61:row:122:122:549313:549413
  37:4000:45:loads:[0,4):stores:[0,4)
  28:4:46:loads:[0,4):stores:
  23:8:48:loads:[0,8):stores:
  25:8:49:loads:[0,8):stores:
  38:8:50:loads:[0,8):stores:
  39:8:51:loads:[0,8):stores:
  32:8:53:loads:[0,8):stores:
  34:4:54:loads:[0,4):stores:
  40:4:55:loads:[0,4):stores:
  section:61:0:122:122:549313:549413
    37:4000:45:loads:[0,4):stores:[0,4)
    28:4:46:loads:[0,4):stores:
    23:8:48:loads:[0,8):stores:
    25:8:49:loads:[0,8):stores:
    38:8:50:loads:[0,8):stores:
    39:8:51:loads:[0,8):stores:
    32:8:53:loads:[0,8):stores:
    34:4:54:loads:[0,4):stores:
    40:4:55:loads:[0,4):stores:
 TASK:62:row:124:124:549422:549522
  37:4000:45:loads:[0,4):stores:[0,4)
  28:4:46:loads:[0,4):stores:
  23:8:48:loads:[0,8):stores:
  25:8:49:loads:[0,8):stores:
  38:8:50:loads:[0,8):stores:
  39:8:51:loads:[0,8):stores:
  32:8:53:loads:[0,8):stores:
  34:4:54:loads:[0,4):stores:
  40:4:55:loads:[0,4):stores:
  section:62:0:124:124:549422:549522
    37:4000:45:loads:[0,4):stores:[0,4)
    28:4:46:loads:[0,4):stores:
    23:8:48:loads:[0,8):stores:
    25:8:49:loads:[0,8):stores:
    38:8:50:loads:[0,8):stores:
    39:8:51:loads:[0,8):stores:
    32:8:53:loads:[0,8):stores:
    34:4:54:loads:[0,4):stores:
    40:4:55:loads:[0,4):stores:
 TASK:63:row:126:126:549531:549631
  37:4000:45:loads:[0,4):stores:[0,4)
  28:4:46:loads:[0,4):stores:
  23:8:48:loads:[0,8):stores:
  25:8:49:loads:[0,8):stores:
  38:8:50:loads:[0,8):stores:
  39:8:51:loads:[0,8):stores:
  32:8:53:loads:[0,8):stores:
  34:4:54:loads:[0,4):stores:
  40:4:55:loads:[0,4):stores:
  section:63:0:126:126:549531:549631
    37:4000:45:loads:[0,4):stores:[0,4)
    28:4:46:loads:[0,4):stores:
    23:8:48:loads:[0,8):stores:
    25:8:49:loads:[0,8):stores:
    38:8:50:loads:[0,8):stores:
    39:8:51:loads:[0,8):stores:
    32:8:53:loads:[0,8):stores:
    34:4:54:loads:[0,4):stores:
    40:4:55:loads:[0,4):stores:
 TASK:64:row:128:128:549640:549740
  37:4000:45:loads:[0,4):stores:[0,4)
  28:4:46:loads:[0,4):stores:
  23:8:48:loads:[0,8):stores:
  25:8:49:loads:[0,8):stores:
  38:8:50:loads:[0,8):stores:
  39:8:51:loads:[0,8):stores:
  32:8:53:loads:[0,8):stores:
  34:4:54:loads:[0,4):stores:
  40:4:55:loads:[0,4):stores:
  section:64:0:128:128:549640:549740
    37:4000:45:loads:[0,4):stores:[0,4)
    28:4:46:loads:[0,4):stores:
    23:8:48:loads:[0,8):stores:
    25:8:49:loads:[0,8):stores:
    38:8:50:loads:[0,8):stores:
    39:8:51:loads:[0,8):stores:
    32:8:53:loads:[0,8):stores:
    34:4:54:loads:[0,4):stores:
    40:4:55:loads:[0,4):stores:
